This is pdfTeX, Version 3.14159265-2.6-1.40.21 (MiKTeX 20.11) (preloaded format=pdflatex 2020.11.27)  15 APR 2022 20:35
entering extended mode
**./Code.tex
(Code.tex
LaTeX2e <2020-10-01> patch level 2
L3 programming layer <2020-10-27> xparse <2020-03-03>
! Undefined control sequence.
l.1 \section
            {–ê–ª–≥–æ—Ä–∏—Ç–º—ã}
The control sequence at the end of the top line
of your error message was never \def'ed. If you have
misspelled it (e.g., `\hobx'), type `I' and the correct
spelling (e.g., `I\hbox'). Otherwise just continue,
and I'll forget about whatever was undefined.


! Package inputenc Error: Unicode character –ê (U+0410)
(inputenc)                not set up for use with LaTeX.

See the inputenc package documentation for explanation.
Type  H <return>  for immediate help.
 ...                                              
                                                  
l.1 \section{–ê
               –ª–≥–æ—Ä–∏—Ç–º—ã}
You may provide a definition with
\DeclareUnicodeCharacter 


! Package inputenc Error: Unicode character –ª (U+043B)
(inputenc)                not set up for use with LaTeX.

See the inputenc package documentation for explanation.
Type  H <return>  for immediate help.
 ...                                              
                                                  
l.1 \section{–ê–ª
                 –≥–æ—Ä–∏—Ç–º—ã}
You may provide a definition with
\DeclareUnicodeCharacter 


! Package inputenc Error: Unicode character –≥ (U+0433)
(inputenc)                not set up for use with LaTeX.

See the inputenc package documentation for explanation.
Type  H <return>  for immediate help.
 ...                                              
                                                  
l.1 \section{–ê–ª–≥
                   –æ—Ä–∏—Ç–º—ã}
You may provide a definition with
\DeclareUnicodeCharacter 


! Package inputenc Error: Unicode character –æ (U+043E)
(inputenc)                not set up for use with LaTeX.

See the inputenc package documentation for explanation.
Type  H <return>  for immediate help.
 ...                                              
                                                  
l.1 \section{–ê–ª–≥–æ
                     —Ä–∏—Ç–º—ã}
You may provide a definition with
\DeclareUnicodeCharacter 


! Package inputenc Error: Unicode character —Ä (U+0440)
(inputenc)                not set up for use with LaTeX.

See the inputenc package documentation for explanation.
Type  H <return>  for immediate help.
 ...                                              
                                                  
l.1 \section{–ê–ª–≥–æ—Ä
                       –∏—Ç–º—ã}
You may provide a definition with
\DeclareUnicodeCharacter 


! Package inputenc Error: Unicode character –∏ (U+0438)
(inputenc)                not set up for use with LaTeX.

See the inputenc package documentation for explanation.
Type  H <return>  for immediate help.
 ...                                              
                                                  
l.1 \section{–ê–ª–≥–æ—Ä–∏
                         —Ç–º—ã}
You may provide a definition with
\DeclareUnicodeCharacter 


! Package inputenc Error: Unicode character —Ç (U+0442)
(inputenc)                not set up for use with LaTeX.

See the inputenc package documentation for explanation.
Type  H <return>  for immediate help.
 ...                                              
                                                  
l.1 \section{–ê–ª–≥–æ—Ä–∏—Ç
                           –º—ã}
You may provide a definition with
\DeclareUnicodeCharacter 


! Package inputenc Error: Unicode character –º (U+043C)
(inputenc)                not set up for use with LaTeX.

See the inputenc package documentation for explanation.
Type  H <return>  for immediate help.
 ...                                              
                                                  
l.1 \section{–ê–ª–≥–æ—Ä–∏—Ç–º
                             —ã}
You may provide a definition with
\DeclareUnicodeCharacter 


! Package inputenc Error: Unicode character —ã (U+044B)
(inputenc)                not set up for use with LaTeX.

See the inputenc package documentation for explanation.
Type  H <return>  for immediate help.
 ...                                              
                                                  
l.1 \section{–ê–ª–≥–æ—Ä–∏—Ç–º—ã
                               }
You may provide a definition with
\DeclareUnicodeCharacter 


! Package inputenc Error: Unicode character –† (U+0420)
(inputenc)                not set up for use with LaTeX.

See the inputenc package documentation for explanation.
Type  H <return>  for immediate help.
 ...                                              
                                                  
l.3 –†
      –µ–∞–ª–∏–∑–æ–≤–∞–Ω—ã –¥–≤–∞ –∞–ª–≥–æ—Ä–∏—Ç–º–∞ –æ–±–Ω–æ–≤–ª–µ–Ω–∏—è —Å...

You may provide a definition with
\DeclareUnicodeCharacter 


! Package inputenc Error: Unicode character –µ (U+0435)
(inputenc)                not set up for use with LaTeX.

See the inputenc package documentation for explanation.
Type  H <return>  for immediate help.
 ...                                              
                                                  
l.3 –†–µ
        –∞–ª–∏–∑–æ–≤–∞–Ω—ã –¥–≤–∞ –∞–ª–≥–æ—Ä–∏—Ç–º–∞ –æ–±–Ω–æ–≤–ª–µ–Ω–∏—è —Å...

You may provide a definition with
\DeclareUnicodeCharacter 


! Package inputenc Error: Unicode character –∞ (U+0430)
(inputenc)                not set up for use with LaTeX.

See the inputenc package documentation for explanation.
Type  H <return>  for immediate help.
 ...                                              
                                                  
l.3 –†–µ–∞
          –ª–∏–∑–æ–≤–∞–Ω—ã –¥–≤–∞ –∞–ª–≥–æ—Ä–∏—Ç–º–∞ –æ–±–Ω–æ–≤–ª–µ–Ω–∏—è —Å...

You may provide a definition with
\DeclareUnicodeCharacter 


! Package inputenc Error: Unicode character –ª (U+043B)
(inputenc)                not set up for use with LaTeX.

See the inputenc package documentation for explanation.
Type  H <return>  for immediate help.
 ...                                              
                                                  
l.3 –†–µ–∞–ª
            –∏–∑–æ–≤–∞–Ω—ã –¥–≤–∞ –∞–ª–≥–æ—Ä–∏—Ç–º–∞ –æ–±–Ω–æ–≤–ª–µ–Ω–∏—è —Å...

You may provide a definition with
\DeclareUnicodeCharacter 


! Package inputenc Error: Unicode character –∏ (U+0438)
(inputenc)                not set up for use with LaTeX.

See the inputenc package documentation for explanation.
Type  H <return>  for immediate help.
 ...                                              
                                                  
l.3 –†–µ–∞–ª–∏
              –∑–æ–≤–∞–Ω—ã –¥–≤–∞ –∞–ª–≥–æ—Ä–∏—Ç–º–∞ –æ–±–Ω–æ–≤–ª–µ–Ω–∏—è —Å...

You may provide a definition with
\DeclareUnicodeCharacter 


! Package inputenc Error: Unicode character –∑ (U+0437)
(inputenc)                not set up for use with LaTeX.

See the inputenc package documentation for explanation.
Type  H <return>  for immediate help.
 ...                                              
                                                  
l.3 –†–µ–∞–ª–∏–∑
                –æ–≤–∞–Ω—ã –¥–≤–∞ –∞–ª–≥–æ—Ä–∏—Ç–º–∞ –æ–±–Ω–æ–≤–ª–µ–Ω–∏—è —Å...

You may provide a definition with
\DeclareUnicodeCharacter 


! Package inputenc Error: Unicode character –æ (U+043E)
(inputenc)                not set up for use with LaTeX.

See the inputenc package documentation for explanation.
Type  H <return>  for immediate help.
 ...                                              
                                                  
l.3 –†–µ–∞–ª–∏–∑–æ
                  –≤–∞–Ω—ã –¥–≤–∞ –∞–ª–≥–æ—Ä–∏—Ç–º–∞ –æ–±–Ω–æ–≤–ª–µ–Ω–∏—è —Å...

You may provide a definition with
\DeclareUnicodeCharacter 


! Package inputenc Error: Unicode character –≤ (U+0432)
(inputenc)                not set up for use with LaTeX.

See the inputenc package documentation for explanation.
Type  H <return>  for immediate help.
 ...                                              
                                                  
l.3 –†–µ–∞–ª–∏–∑–æ–≤
                    –∞–Ω—ã –¥–≤–∞ –∞–ª–≥–æ—Ä–∏—Ç–º–∞ –æ–±–Ω–æ–≤–ª–µ–Ω–∏—è —Å...

You may provide a definition with
\DeclareUnicodeCharacter 


! Package inputenc Error: Unicode character –∞ (U+0430)
(inputenc)                not set up for use with LaTeX.

See the inputenc package documentation for explanation.
Type  H <return>  for immediate help.
 ...                                              
                                                  
l.3 –†–µ–∞–ª–∏–∑–æ–≤–∞
                      –Ω—ã –¥–≤–∞ –∞–ª–≥–æ—Ä–∏—Ç–º–∞ –æ–±–Ω–æ–≤–ª–µ–Ω–∏—è —Å...

You may provide a definition with
\DeclareUnicodeCharacter 


! Package inputenc Error: Unicode character –Ω (U+043D)
(inputenc)                not set up for use with LaTeX.

See the inputenc package documentation for explanation.
Type  H <return>  for immediate help.
 ...                                              
                                                  
l.3 –†–µ–∞–ª–∏–∑–æ–≤–∞–Ω
                        —ã –¥–≤–∞ –∞–ª–≥–æ—Ä–∏—Ç–º–∞ –æ–±–Ω–æ–≤–ª–µ–Ω–∏—è —Å...

You may provide a definition with
\DeclareUnicodeCharacter 


! Package inputenc Error: Unicode character —ã (U+044B)
(inputenc)                not set up for use with LaTeX.

See the inputenc package documentation for explanation.
Type  H <return>  for immediate help.
 ...                                              
                                                  
l.3 –†–µ–∞–ª–∏–∑–æ–≤–∞–Ω—ã
                           –¥–≤–∞ –∞–ª–≥–æ—Ä–∏—Ç–º–∞ –æ–±–Ω–æ–≤–ª–µ–Ω–∏—è —Å...

You may provide a definition with
\DeclareUnicodeCharacter 


! Package inputenc Error: Unicode character –¥ (U+0434)
(inputenc)                not set up for use with LaTeX.

See the inputenc package documentation for explanation.
Type  H <return>  for immediate help.
 ...                                              
                                                  
l.3 –†–µ–∞–ª–∏–∑–æ–≤–∞–Ω—ã –¥
                             –≤–∞ –∞–ª–≥–æ—Ä–∏—Ç–º–∞ –æ–±–Ω–æ–≤–ª–µ–Ω–∏—è —Å...

You may provide a definition with
\DeclareUnicodeCharacter 


! Package inputenc Error: Unicode character –≤ (U+0432)
(inputenc)                not set up for use with LaTeX.

See the inputenc package documentation for explanation.
Type  H <return>  for immediate help.
 ...                                              
                                                  
l.3 –†–µ–∞–ª–∏–∑–æ–≤–∞–Ω—ã –¥–≤
                               –∞ –∞–ª–≥–æ—Ä–∏—Ç–º–∞ –æ–±–Ω–æ–≤–ª–µ–Ω–∏—è —Å...

You may provide a definition with
\DeclareUnicodeCharacter 


! Package inputenc Error: Unicode character –∞ (U+0430)
(inputenc)                not set up for use with LaTeX.

See the inputenc package documentation for explanation.
Type  H <return>  for immediate help.
 ...                                              
                                                  
l.3 –†–µ–∞–ª–∏–∑–æ–≤–∞–Ω—ã –¥–≤–∞
                                  –∞–ª–≥–æ—Ä–∏—Ç–º–∞ –æ–±–Ω–æ–≤–ª–µ–Ω–∏—è —Å...

You may provide a definition with
\DeclareUnicodeCharacter 


! Package inputenc Error: Unicode character –∞ (U+0430)
(inputenc)                not set up for use with LaTeX.

See the inputenc package documentation for explanation.
Type  H <return>  for immediate help.
 ...                                              
                                                  
l.3 –†–µ–∞–ª–∏–∑–æ–≤–∞–Ω—ã –¥–≤–∞ –∞
                                    –ª–≥–æ—Ä–∏—Ç–º–∞ –æ–±–Ω–æ–≤–ª–µ–Ω–∏—è —Å...

You may provide a definition with
\DeclareUnicodeCharacter 


! Package inputenc Error: Unicode character –ª (U+043B)
(inputenc)                not set up for use with LaTeX.

See the inputenc package documentation for explanation.
Type  H <return>  for immediate help.
 ...                                              
                                                  
l.3 –†–µ–∞–ª–∏–∑–æ–≤–∞–Ω—ã –¥–≤–∞ –∞–ª
                                      –≥–æ—Ä–∏—Ç–º–∞ –æ–±–Ω–æ–≤–ª–µ–Ω–∏—è —Å...

You may provide a definition with
\DeclareUnicodeCharacter 


! Package inputenc Error: Unicode character –≥ (U+0433)
(inputenc)                not set up for use with LaTeX.

See the inputenc package documentation for explanation.
Type  H <return>  for immediate help.
 ...                                              
                                                  
l.3 –†–µ–∞–ª–∏–∑–æ–≤–∞–Ω—ã –¥–≤–∞ –∞–ª–≥
                                        –æ—Ä–∏—Ç–º–∞ –æ–±–Ω–æ–≤–ª–µ–Ω–∏—è —Å...

You may provide a definition with
\DeclareUnicodeCharacter 


! Package inputenc Error: Unicode character –æ (U+043E)
(inputenc)                not set up for use with LaTeX.

See the inputenc package documentation for explanation.
Type  H <return>  for immediate help.
 ...                                              
                                                  
l.3 –†–µ–∞–ª–∏–∑–æ–≤–∞–Ω—ã –¥–≤–∞ –∞–ª–≥–æ
                                          —Ä–∏—Ç–º–∞ –æ–±–Ω–æ–≤–ª–µ–Ω–∏—è —Å...

You may provide a definition with
\DeclareUnicodeCharacter 


! Package inputenc Error: Unicode character —Ä (U+0440)
(inputenc)                not set up for use with LaTeX.

See the inputenc package documentation for explanation.
Type  H <return>  for immediate help.
 ...                                              
                                                  
l.3 –†–µ–∞–ª–∏–∑–æ–≤–∞–Ω—ã –¥–≤–∞ –∞–ª–≥–æ—Ä
                                            –∏—Ç–º–∞ –æ–±–Ω–æ–≤–ª–µ–Ω–∏—è —Å...

You may provide a definition with
\DeclareUnicodeCharacter 


! Package inputenc Error: Unicode character –∏ (U+0438)
(inputenc)                not set up for use with LaTeX.

See the inputenc package documentation for explanation.
Type  H <return>  for immediate help.
 ...                                              
                                                  
l.3 –†–µ–∞–ª–∏–∑–æ–≤–∞–Ω—ã –¥–≤–∞ –∞–ª–≥–æ—Ä–∏
                                              —Ç–º–∞ –æ–±–Ω–æ–≤–ª–µ–Ω–∏—è —Å...

You may provide a definition with
\DeclareUnicodeCharacter 


! Package inputenc Error: Unicode character —Ç (U+0442)
(inputenc)                not set up for use with LaTeX.

See the inputenc package documentation for explanation.
Type  H <return>  for immediate help.
 ...                                              
                                                  
l.3 –†–µ–∞–ª–∏–∑–æ–≤–∞–Ω—ã –¥–≤–∞ –∞–ª–≥–æ—Ä–∏—Ç
                                                –º–∞ –æ–±–Ω–æ–≤–ª–µ–Ω–∏—è —Å...

You may provide a definition with
\DeclareUnicodeCharacter 


! Package inputenc Error: Unicode character –º (U+043C)
(inputenc)                not set up for use with LaTeX.

See the inputenc package documentation for explanation.
Type  H <return>  for immediate help.
 ...                                              
                                                  
l.3 –†–µ–∞–ª–∏–∑–æ–≤–∞–Ω—ã –¥–≤–∞ –∞–ª–≥–æ—Ä–∏—Ç–º
                                                  –∞ –æ–±–Ω–æ–≤–ª–µ–Ω–∏—è —Å...

You may provide a definition with
\DeclareUnicodeCharacter 


! Package inputenc Error: Unicode character –∞ (U+0430)
(inputenc)                not set up for use with LaTeX.

See the inputenc package documentation for explanation.
Type  H <return>  for immediate help.
 ...                                              
                                                  
l.3 ...∞–ª–∏–∑–æ–≤–∞–Ω—ã –¥–≤–∞ –∞–ª–≥–æ—Ä–∏—Ç–º–∞
                                                   –æ–±–Ω–æ–≤–ª–µ–Ω–∏—è —Å–ø...

You may provide a definition with
\DeclareUnicodeCharacter 


! Package inputenc Error: Unicode character –æ (U+043E)
(inputenc)                not set up for use with LaTeX.

See the inputenc package documentation for explanation.
Type  H <return>  for immediate help.
 ...                                              
                                                  
l.3 ...–∏–∑–æ–≤–∞–Ω—ã –¥–≤–∞ –∞–ª–≥–æ—Ä–∏—Ç–º–∞ –æ
                                                  –±–Ω–æ–≤–ª–µ–Ω–∏—è —Å–ø–∏–...

You may provide a definition with
\DeclareUnicodeCharacter 


! Package inputenc Error: Unicode character –± (U+0431)
(inputenc)                not set up for use with LaTeX.

See the inputenc package documentation for explanation.
Type  H <return>  for immediate help.
 ...                                              
                                                  
l.3 ...–∑–æ–≤–∞–Ω—ã –¥–≤–∞ –∞–ª–≥–æ—Ä–∏—Ç–º–∞ –æ–±
                                                  –Ω–æ–≤–ª–µ–Ω–∏—è —Å–ø–∏–Ω–...

You may provide a definition with
\DeclareUnicodeCharacter 


! Package inputenc Error: Unicode character –Ω (U+043D)
(inputenc)                not set up for use with LaTeX.

See the inputenc package documentation for explanation.
Type  H <return>  for immediate help.
 ...                                              
                                                  
l.3 ...–æ–≤–∞–Ω—ã –¥–≤–∞ –∞–ª–≥–æ—Ä–∏—Ç–º–∞ –æ–±–Ω
                                                  –æ–≤–ª–µ–Ω–∏—è —Å–ø–∏–Ω–æ–...

You may provide a definition with
\DeclareUnicodeCharacter 


! Package inputenc Error: Unicode character –æ (U+043E)
(inputenc)                not set up for use with LaTeX.

See the inputenc package documentation for explanation.
Type  H <return>  for immediate help.
 ...                                              
                                                  
l.3 ...–≤–∞–Ω—ã –¥–≤–∞ –∞–ª–≥–æ—Ä–∏—Ç–º–∞ –æ–±–Ω–æ
                                                  –≤–ª–µ–Ω–∏—è —Å–ø–∏–Ω–æ–≤....

You may provide a definition with
\DeclareUnicodeCharacter 


! Package inputenc Error: Unicode character –≤ (U+0432)
(inputenc)                not set up for use with LaTeX.

See the inputenc package documentation for explanation.
Type  H <return>  for immediate help.
 ...                                              
                                                  
l.3 ...–∞–Ω—ã –¥–≤–∞ –∞–ª–≥–æ—Ä–∏—Ç–º–∞ –æ–±–Ω–æ–≤
                                                  –ª–µ–Ω–∏—è —Å–ø–∏–Ω–æ–≤. –...

You may provide a definition with
\DeclareUnicodeCharacter 


! Package inputenc Error: Unicode character –ª (U+043B)
(inputenc)                not set up for use with LaTeX.

See the inputenc package documentation for explanation.
Type  H <return>  for immediate help.
 ...                                              
                                                  
l.3 ...–Ω—ã –¥–≤–∞ –∞–ª–≥–æ—Ä–∏—Ç–º–∞ –æ–±–Ω–æ–≤–ª
                                                  –µ–Ω–∏—è —Å–ø–∏–Ω–æ–≤. –û–...

You may provide a definition with
\DeclareUnicodeCharacter 


! Package inputenc Error: Unicode character –µ (U+0435)
(inputenc)                not set up for use with LaTeX.

See the inputenc package documentation for explanation.
Type  H <return>  for immediate help.
 ...                                              
                                                  
l.3 ...—ã –¥–≤–∞ –∞–ª–≥–æ—Ä–∏—Ç–º–∞ –æ–±–Ω–æ–≤–ª–µ
                                                  –Ω–∏—è —Å–ø–∏–Ω–æ–≤. –û–¥–...

You may provide a definition with
\DeclareUnicodeCharacter 


! Package inputenc Error: Unicode character –Ω (U+043D)
(inputenc)                not set up for use with LaTeX.

See the inputenc package documentation for explanation.
Type  H <return>  for immediate help.
 ...                                              
                                                  
l.3 ... –¥–≤–∞ –∞–ª–≥–æ—Ä–∏—Ç–º–∞ –æ–±–Ω–æ–≤–ª–µ–Ω
                                                  –∏—è —Å–ø–∏–Ω–æ–≤. –û–¥–Ω–...

You may provide a definition with
\DeclareUnicodeCharacter 


! Package inputenc Error: Unicode character –∏ (U+0438)
(inputenc)                not set up for use with LaTeX.

See the inputenc package documentation for explanation.
Type  H <return>  for immediate help.
 ...                                              
                                                  
l.3 ...¥–≤–∞ –∞–ª–≥–æ—Ä–∏—Ç–º–∞ –æ–±–Ω–æ–≤–ª–µ–Ω–∏
                                                  —è —Å–ø–∏–Ω–æ–≤. –û–¥–Ω–æ—...

You may provide a definition with
\DeclareUnicodeCharacter 


! Package inputenc Error: Unicode character —è (U+044F)
(inputenc)                not set up for use with LaTeX.

See the inputenc package documentation for explanation.
Type  H <return>  for immediate help.
 ...                                              
                                                  
l.3 ...≤–∞ –∞–ª–≥–æ—Ä–∏—Ç–º–∞ –æ–±–Ω–æ–≤–ª–µ–Ω–∏—è
                                                   —Å–ø–∏–Ω–æ–≤. –û–¥–Ω–æ—Å–...

You may provide a definition with
\DeclareUnicodeCharacter 


! Package inputenc Error: Unicode character —Å (U+0441)
(inputenc)                not set up for use with LaTeX.

See the inputenc package documentation for explanation.
Type  H <return>  for immediate help.
 ...                                              
                                                  
l.3 ... –∞–ª–≥–æ—Ä–∏—Ç–º–∞ –æ–±–Ω–æ–≤–ª–µ–Ω–∏—è —Å
                                                  –ø–∏–Ω–æ–≤. –û–¥–Ω–æ—Å–ø–∏...

You may provide a definition with
\DeclareUnicodeCharacter 


! Package inputenc Error: Unicode character –ø (U+043F)
(inputenc)                not set up for use with LaTeX.

See the inputenc package documentation for explanation.
Type  H <return>  for immediate help.
 ...                                              
                                                  
l.3 ...∞–ª–≥–æ—Ä–∏—Ç–º–∞ –æ–±–Ω–æ–≤–ª–µ–Ω–∏—è —Å–ø
                                                  –∏–Ω–æ–≤. –û–¥–Ω–æ—Å–ø–∏–Ω...

You may provide a definition with
\DeclareUnicodeCharacter 


! Package inputenc Error: Unicode character –∏ (U+0438)
(inputenc)                not set up for use with LaTeX.

See the inputenc package documentation for explanation.
Type  H <return>  for immediate help.
 ...                                              
                                                  
l.3 ...ª–≥–æ—Ä–∏—Ç–º–∞ –æ–±–Ω–æ–≤–ª–µ–Ω–∏—è —Å–ø–∏
                                                  –Ω–æ–≤. –û–¥–Ω–æ—Å–ø–∏–Ω–æ...

You may provide a definition with
\DeclareUnicodeCharacter 


! Package inputenc Error: Unicode character –Ω (U+043D)
(inputenc)                not set up for use with LaTeX.

See the inputenc package documentation for explanation.
Type  H <return>  for immediate help.
 ...                                              
                                                  
l.3 ...≥–æ—Ä–∏—Ç–º–∞ –æ–±–Ω–æ–≤–ª–µ–Ω–∏—è —Å–ø–∏–Ω
                                                  –æ–≤. –û–¥–Ω–æ—Å–ø–∏–Ω–æ–≤...

You may provide a definition with
\DeclareUnicodeCharacter 


! Package inputenc Error: Unicode character –æ (U+043E)
(inputenc)                not set up for use with LaTeX.

See the inputenc package documentation for explanation.
Type  H <return>  for immediate help.
 ...                                              
                                                  
l.3 ...æ—Ä–∏—Ç–º–∞ –æ–±–Ω–æ–≤–ª–µ–Ω–∏—è —Å–ø–∏–Ω–æ
                                                  –≤. –û–¥–Ω–æ—Å–ø–∏–Ω–æ–≤—ã...

You may provide a definition with
\DeclareUnicodeCharacter 


! Package inputenc Error: Unicode character –≤ (U+0432)
(inputenc)                not set up for use with LaTeX.

See the inputenc package documentation for explanation.
Type  H <return>  for immediate help.
 ...                                              
                                                  
l.3 ...Ä–∏—Ç–º–∞ –æ–±–Ω–æ–≤–ª–µ–Ω–∏—è —Å–ø–∏–Ω–æ–≤
                                                  . –û–¥–Ω–æ—Å–ø–∏–Ω–æ–≤—ã–π...

You may provide a definition with
\DeclareUnicodeCharacter 


! LaTeX Error: Missing \begin{document}.

See the LaTeX manual or LaTeX Companion for explanation.
Type  H <return>  for immediate help.
 ...                                              
                                                  
l.3 ...–∏—Ç–º–∞ –æ–±–Ω–æ–≤–ª–µ–Ω–∏—è —Å–ø–∏–Ω–æ–≤.
                                                   –û–¥–Ω–æ—Å–ø–∏–Ω–æ–≤—ã–π ...

You're in trouble here.  Try typing  <return>  to proceed.
If that doesn't work, type  X <return>  to quit.

Missing character: There is no . in font nullfont!

! Package inputenc Error: Unicode character –û (U+041E)
(inputenc)                not set up for use with LaTeX.

See the inputenc package documentation for explanation.
Type  H <return>  for immediate help.
 ...                                              
                                                  
l.3 ...Ç–º–∞ –æ–±–Ω–æ–≤–ª–µ–Ω–∏—è —Å–ø–∏–Ω–æ–≤. –û
                                                  –¥–Ω–æ—Å–ø–∏–Ω–æ–≤—ã–π –∏ ...

You may provide a definition with
\DeclareUnicodeCharacter 


! Package inputenc Error: Unicode character –¥ (U+0434)
(inputenc)                not set up for use with LaTeX.

See the inputenc package documentation for explanation.
Type  H <return>  for immediate help.
 ...                                              
                                                  
l.3 ...º–∞ –æ–±–Ω–æ–≤–ª–µ–Ω–∏—è —Å–ø–∏–Ω–æ–≤. –û–¥
                                                  –Ω–æ—Å–ø–∏–Ω–æ–≤—ã–π –∏ –∫...

You may provide a definition with
\DeclareUnicodeCharacter 


! Package inputenc Error: Unicode character –Ω (U+043D)
(inputenc)                not set up for use with LaTeX.

See the inputenc package documentation for explanation.
Type  H <return>  for immediate help.
 ...                                              
                                                  
l.3 ...∞ –æ–±–Ω–æ–≤–ª–µ–Ω–∏—è —Å–ø–∏–Ω–æ–≤. –û–¥–Ω
                                                  –æ—Å–ø–∏–Ω–æ–≤—ã–π –∏ –∫–ª...

You may provide a definition with
\DeclareUnicodeCharacter 


! Package inputenc Error: Unicode character –æ (U+043E)
(inputenc)                not set up for use with LaTeX.

See the inputenc package documentation for explanation.
Type  H <return>  for immediate help.
 ...                                              
                                                  
l.3 ...–æ–±–Ω–æ–≤–ª–µ–Ω–∏—è —Å–ø–∏–Ω–æ–≤. –û–¥–Ω–æ
                                                  —Å–ø–∏–Ω–æ–≤—ã–π –∏ –∫–ª–∞...

You may provide a definition with
\DeclareUnicodeCharacter 


! Package inputenc Error: Unicode character —Å (U+0441)
(inputenc)                not set up for use with LaTeX.

See the inputenc package documentation for explanation.
Type  H <return>  for immediate help.
 ...                                              
                                                  
l.3 ...–±–Ω–æ–≤–ª–µ–Ω–∏—è —Å–ø–∏–Ω–æ–≤. –û–¥–Ω–æ—Å
                                                  –ø–∏–Ω–æ–≤—ã–π –∏ –∫–ª–∞—Å...

You may provide a definition with
\DeclareUnicodeCharacter 


! Package inputenc Error: Unicode character –ø (U+043F)
(inputenc)                not set up for use with LaTeX.

See the inputenc package documentation for explanation.
Type  H <return>  for immediate help.
 ...                                              
                                                  
l.3 ...–Ω–æ–≤–ª–µ–Ω–∏—è —Å–ø–∏–Ω–æ–≤. –û–¥–Ω–æ—Å–ø
                                                  –∏–Ω–æ–≤—ã–π –∏ –∫–ª–∞—Å—Ç...

You may provide a definition with
\DeclareUnicodeCharacter 


! Package inputenc Error: Unicode character –∏ (U+0438)
(inputenc)                not set up for use with LaTeX.

See the inputenc package documentation for explanation.
Type  H <return>  for immediate help.
 ...                                              
                                                  
l.3 ...–æ–≤–ª–µ–Ω–∏—è —Å–ø–∏–Ω–æ–≤. –û–¥–Ω–æ—Å–ø–∏
                                                  –Ω–æ–≤—ã–π –∏ –∫–ª–∞—Å—Ç–µ...

You may provide a definition with
\DeclareUnicodeCharacter 


! Package inputenc Error: Unicode character –Ω (U+043D)
(inputenc)                not set up for use with LaTeX.

See the inputenc package documentation for explanation.
Type  H <return>  for immediate help.
 ...                                              
                                                  
l.3 ...–≤–ª–µ–Ω–∏—è —Å–ø–∏–Ω–æ–≤. –û–¥–Ω–æ—Å–ø–∏–Ω
                                                  –æ–≤—ã–π –∏ –∫–ª–∞—Å—Ç–µ—Ä...

You may provide a definition with
\DeclareUnicodeCharacter 


! Package inputenc Error: Unicode character –æ (U+043E)
(inputenc)                not set up for use with LaTeX.

See the inputenc package documentation for explanation.
Type  H <return>  for immediate help.
 ...                                              
                                                  
l.3 ...–ª–µ–Ω–∏—è —Å–ø–∏–Ω–æ–≤. –û–¥–Ω–æ—Å–ø–∏–Ω–æ
                                                  –≤—ã–π –∏ –∫–ª–∞—Å—Ç–µ—Ä–Ω...

You may provide a definition with
\DeclareUnicodeCharacter 


! Package inputenc Error: Unicode character –≤ (U+0432)
(inputenc)                not set up for use with LaTeX.

See the inputenc package documentation for explanation.
Type  H <return>  for immediate help.
 ...                                              
                                                  
l.3 ...–µ–Ω–∏—è —Å–ø–∏–Ω–æ–≤. –û–¥–Ω–æ—Å–ø–∏–Ω–æ–≤
                                                  —ã–π –∏ –∫–ª–∞—Å—Ç–µ—Ä–Ω—ã...

You may provide a definition with
\DeclareUnicodeCharacter 


! Package inputenc Error: Unicode character —ã (U+044B)
(inputenc)                not set up for use with LaTeX.

See the inputenc package documentation for explanation.
Type  H <return>  for immediate help.
 ...                                              
                                                  
l.3 ...–Ω–∏—è —Å–ø–∏–Ω–æ–≤. –û–¥–Ω–æ—Å–ø–∏–Ω–æ–≤—ã
                                                  –π –∏ –∫–ª–∞—Å—Ç–µ—Ä–Ω—ã–π...

You may provide a definition with
\DeclareUnicodeCharacter 


! Package inputenc Error: Unicode character –π (U+0439)
(inputenc)                not set up for use with LaTeX.

See the inputenc package documentation for explanation.
Type  H <return>  for immediate help.
 ...                                              
                                                  
l.3 ...–∏—è —Å–ø–∏–Ω–æ–≤. –û–¥–Ω–æ—Å–ø–∏–Ω–æ–≤—ã–π
                                                   –∏ –∫–ª–∞—Å—Ç–µ—Ä–Ω—ã–π –...

You may provide a definition with
\DeclareUnicodeCharacter 


! Package inputenc Error: Unicode character –∏ (U+0438)
(inputenc)                not set up for use with LaTeX.

See the inputenc package documentation for explanation.
Type  H <return>  for immediate help.
 ...                                              
                                                  
l.3 ...è —Å–ø–∏–Ω–æ–≤. –û–¥–Ω–æ—Å–ø–∏–Ω–æ–≤—ã–π –∏
                                                   –∫–ª–∞—Å—Ç–µ—Ä–Ω—ã–π –∞–ø...

You may provide a definition with
\DeclareUnicodeCharacter 


! Package inputenc Error: Unicode character –∫ (U+043A)
(inputenc)                not set up for use with LaTeX.

See the inputenc package documentation for explanation.
Type  H <return>  for immediate help.
 ...                                              
                                                  
l.3 ...Å–ø–∏–Ω–æ–≤. –û–¥–Ω–æ—Å–ø–∏–Ω–æ–≤—ã–π –∏ –∫
                                                  –ª–∞—Å—Ç–µ—Ä–Ω—ã–π –∞–ø–¥–...

You may provide a definition with
\DeclareUnicodeCharacter 


! Package inputenc Error: Unicode character –ª (U+043B)
(inputenc)                not set up for use with LaTeX.

See the inputenc package documentation for explanation.
Type  H <return>  for immediate help.
 ...                                              
                                                  
l.3 ...ø–∏–Ω–æ–≤. –û–¥–Ω–æ—Å–ø–∏–Ω–æ–≤—ã–π –∏ –∫–ª
                                                  –∞—Å—Ç–µ—Ä–Ω—ã–π –∞–ø–¥–µ–...

You may provide a definition with
\DeclareUnicodeCharacter 


! Package inputenc Error: Unicode character –∞ (U+0430)
(inputenc)                not set up for use with LaTeX.

See the inputenc package documentation for explanation.
Type  H <return>  for immediate help.
 ...                                              
                                                  
l.3 ...∏–Ω–æ–≤. –û–¥–Ω–æ—Å–ø–∏–Ω–æ–≤—ã–π –∏ –∫–ª–∞
                                                  —Å—Ç–µ—Ä–Ω—ã–π –∞–ø–¥–µ–π—...

You may provide a definition with
\DeclareUnicodeCharacter 


! Package inputenc Error: Unicode character —Å (U+0441)
(inputenc)                not set up for use with LaTeX.

See the inputenc package documentation for explanation.
Type  H <return>  for immediate help.
 ...                                              
                                                  
l.3 ...Ω–æ–≤. –û–¥–Ω–æ—Å–ø–∏–Ω–æ–≤—ã–π –∏ –∫–ª–∞—Å
                                                  —Ç–µ—Ä–Ω—ã–π –∞–ø–¥–µ–π—Ç....

You may provide a definition with
\DeclareUnicodeCharacter 


! Package inputenc Error: Unicode character —Ç (U+0442)
(inputenc)                not set up for use with LaTeX.

See the inputenc package documentation for explanation.
Type  H <return>  for immediate help.
 ...                                              
                                                  
l.3 ...æ–≤. –û–¥–Ω–æ—Å–ø–∏–Ω–æ–≤—ã–π –∏ –∫–ª–∞—Å—Ç
                                                  –µ—Ä–Ω—ã–π –∞–ø–¥–µ–π—Ç. –...

You may provide a definition with
\DeclareUnicodeCharacter 


! Package inputenc Error: Unicode character –µ (U+0435)
(inputenc)                not set up for use with LaTeX.

See the inputenc package documentation for explanation.
Type  H <return>  for immediate help.
 ...                                              
                                                  
l.3 ...≤. –û–¥–Ω–æ—Å–ø–∏–Ω–æ–≤—ã–π –∏ –∫–ª–∞—Å—Ç–µ
                                                  —Ä–Ω—ã–π –∞–ø–¥–µ–π—Ç. –û–...

You may provide a definition with
\DeclareUnicodeCharacter 


! Package inputenc Error: Unicode character —Ä (U+0440)
(inputenc)                not set up for use with LaTeX.

See the inputenc package documentation for explanation.
Type  H <return>  for immediate help.
 ...                                              
                                                  
l.3 ... –û–¥–Ω–æ—Å–ø–∏–Ω–æ–≤—ã–π –∏ –∫–ª–∞—Å—Ç–µ—Ä
                                                  –Ω—ã–π –∞–ø–¥–µ–π—Ç. –û–±–...

You may provide a definition with
\DeclareUnicodeCharacter 


! Package inputenc Error: Unicode character –Ω (U+043D)
(inputenc)                not set up for use with LaTeX.

See the inputenc package documentation for explanation.
Type  H <return>  for immediate help.
 ...                                              
                                                  
l.3 ...û–¥–Ω–æ—Å–ø–∏–Ω–æ–≤—ã–π –∏ –∫–ª–∞—Å—Ç–µ—Ä–Ω
                                                  —ã–π –∞–ø–¥–µ–π—Ç. –û–±–∞ ...

You may provide a definition with
\DeclareUnicodeCharacter 


! Package inputenc Error: Unicode character —ã (U+044B)
(inputenc)                not set up for use with LaTeX.

See the inputenc package documentation for explanation.
Type  H <return>  for immediate help.
 ...                                              
                                                  
l.3 ...¥–Ω–æ—Å–ø–∏–Ω–æ–≤—ã–π –∏ –∫–ª–∞—Å—Ç–µ—Ä–Ω—ã
                                                  –π –∞–ø–¥–µ–π—Ç. –û–±–∞ –∞...

You may provide a definition with
\DeclareUnicodeCharacter 


! Package inputenc Error: Unicode character –π (U+0439)
(inputenc)                not set up for use with LaTeX.

See the inputenc package documentation for explanation.
Type  H <return>  for immediate help.
 ...                                              
                                                  
l.3 ...Ω–æ—Å–ø–∏–Ω–æ–≤—ã–π –∏ –∫–ª–∞—Å—Ç–µ—Ä–Ω—ã–π
                                                   –∞–ø–¥–µ–π—Ç. –û–±–∞ –∞–ª...

You may provide a definition with
\DeclareUnicodeCharacter 


! Package inputenc Error: Unicode character –∞ (U+0430)
(inputenc)                not set up for use with LaTeX.

See the inputenc package documentation for explanation.
Type  H <return>  for immediate help.
 ...                                              
                                                  
l.3 ...—Å–ø–∏–Ω–æ–≤—ã–π –∏ –∫–ª–∞—Å—Ç–µ—Ä–Ω—ã–π –∞
                                                  –ø–¥–µ–π—Ç. –û–±–∞ –∞–ª–≥–...

You may provide a definition with
\DeclareUnicodeCharacter 


! Package inputenc Error: Unicode character –ø (U+043F)
(inputenc)                not set up for use with LaTeX.

See the inputenc package documentation for explanation.
Type  H <return>  for immediate help.
 ...                                              
                                                  
l.3 ...–ø–∏–Ω–æ–≤—ã–π –∏ –∫–ª–∞—Å—Ç–µ—Ä–Ω—ã–π –∞–ø
                                                  –¥–µ–π—Ç. –û–±–∞ –∞–ª–≥–æ—...

You may provide a definition with
\DeclareUnicodeCharacter 


! Package inputenc Error: Unicode character –¥ (U+0434)
(inputenc)                not set up for use with LaTeX.

See the inputenc package documentation for explanation.
Type  H <return>  for immediate help.
 ...                                              
                                                  
l.3 ...–∏–Ω–æ–≤—ã–π –∏ –∫–ª–∞—Å—Ç–µ—Ä–Ω—ã–π –∞–ø–¥
                                                  –µ–π—Ç. –û–±–∞ –∞–ª–≥–æ—Ä–...

You may provide a definition with
\DeclareUnicodeCharacter 


! Package inputenc Error: Unicode character –µ (U+0435)
(inputenc)                not set up for use with LaTeX.

See the inputenc package documentation for explanation.
Type  H <return>  for immediate help.
 ...                                              
                                                  
l.3 ...–Ω–æ–≤—ã–π –∏ –∫–ª–∞—Å—Ç–µ—Ä–Ω—ã–π –∞–ø–¥–µ
                                                  –π—Ç. –û–±–∞ –∞–ª–≥–æ—Ä–∏—...

You may provide a definition with
\DeclareUnicodeCharacter 


! Package inputenc Error: Unicode character –π (U+0439)
(inputenc)                not set up for use with LaTeX.

See the inputenc package documentation for explanation.
Type  H <return>  for immediate help.
 ...                                              
                                                  
l.3 ...–æ–≤—ã–π –∏ –∫–ª–∞—Å—Ç–µ—Ä–Ω—ã–π –∞–ø–¥–µ–π
                                                  —Ç. –û–±–∞ –∞–ª–≥–æ—Ä–∏—Ç–...

You may provide a definition with
\DeclareUnicodeCharacter 


! Package inputenc Error: Unicode character —Ç (U+0442)
(inputenc)                not set up for use with LaTeX.

See the inputenc package documentation for explanation.
Type  H <return>  for immediate help.
 ...                                              
                                                  
l.3 ...–≤—ã–π –∏ –∫–ª–∞—Å—Ç–µ—Ä–Ω—ã–π –∞–ø–¥–µ–π—Ç
                                                  . –û–±–∞ –∞–ª–≥–æ—Ä–∏—Ç–º–...

You may provide a definition with
\DeclareUnicodeCharacter 

Missing character: There is no . in font nullfont!

! Package inputenc Error: Unicode character –û (U+041E)
(inputenc)                not set up for use with LaTeX.

See the inputenc package documentation for explanation.
Type  H <return>  for immediate help.
 ...                                              
                                                  
l.3 ...–π –∏ –∫–ª–∞—Å—Ç–µ—Ä–Ω—ã–π –∞–ø–¥–µ–π—Ç. –û
                                                  –±–∞ –∞–ª–≥–æ—Ä–∏—Ç–º–∞ —Ä...

You may provide a definition with
\DeclareUnicodeCharacter 


! Package inputenc Error: Unicode character –± (U+0431)
(inputenc)                not set up for use with LaTeX.

See the inputenc package documentation for explanation.
Type  H <return>  for immediate help.
 ...                                              
                                                  
l.3 ... –∏ –∫–ª–∞—Å—Ç–µ—Ä–Ω—ã–π –∞–ø–¥–µ–π—Ç. –û–±
                                                  –∞ –∞–ª–≥–æ—Ä–∏—Ç–º–∞ —Ä–∞...

You may provide a definition with
\DeclareUnicodeCharacter 


! Package inputenc Error: Unicode character –∞ (U+0430)
(inputenc)                not set up for use with LaTeX.

See the inputenc package documentation for explanation.
Type  H <return>  for immediate help.
 ...                                              
                                                  
l.3 ...∏ –∫–ª–∞—Å—Ç–µ—Ä–Ω—ã–π –∞–ø–¥–µ–π—Ç. –û–±–∞
                                                   –∞–ª–≥–æ—Ä–∏—Ç–º–∞ —Ä–∞–±...

You may provide a definition with
\DeclareUnicodeCharacter 


! Package inputenc Error: Unicode character –∞ (U+0430)
(inputenc)                not set up for use with LaTeX.

See the inputenc package documentation for explanation.
Type  H <return>  for immediate help.
 ...                                              
                                                  
l.3 ...∫–ª–∞—Å—Ç–µ—Ä–Ω—ã–π –∞–ø–¥–µ–π—Ç. –û–±–∞ –∞
                                                  –ª–≥–æ—Ä–∏—Ç–º–∞ —Ä–∞–±–æ—...

You may provide a definition with
\DeclareUnicodeCharacter 


! Package inputenc Error: Unicode character –ª (U+043B)
(inputenc)                not set up for use with LaTeX.

See the inputenc package documentation for explanation.
Type  H <return>  for immediate help.
 ...                                              
                                                  
l.3 ...ª–∞—Å—Ç–µ—Ä–Ω—ã–π –∞–ø–¥–µ–π—Ç. –û–±–∞ –∞–ª
                                                  –≥–æ—Ä–∏—Ç–º–∞ —Ä–∞–±–æ—Ç–...

You may provide a definition with
\DeclareUnicodeCharacter 


! Package inputenc Error: Unicode character –≥ (U+0433)
(inputenc)                not set up for use with LaTeX.

See the inputenc package documentation for explanation.
Type  H <return>  for immediate help.
 ...                                              
                                                  
l.3 ...∞—Å—Ç–µ—Ä–Ω—ã–π –∞–ø–¥–µ–π—Ç. –û–±–∞ –∞–ª–≥
                                                  –æ—Ä–∏—Ç–º–∞ —Ä–∞–±–æ—Ç–∞—...

You may provide a definition with
\DeclareUnicodeCharacter 


! Package inputenc Error: Unicode character –æ (U+043E)
(inputenc)                not set up for use with LaTeX.

See the inputenc package documentation for explanation.
Type  H <return>  for immediate help.
 ...                                              
                                                  
l.3 ...Å—Ç–µ—Ä–Ω—ã–π –∞–ø–¥–µ–π—Ç. –û–±–∞ –∞–ª–≥–æ
                                                  —Ä–∏—Ç–º–∞ —Ä–∞–±–æ—Ç–∞—é—...

You may provide a definition with
\DeclareUnicodeCharacter 


! Package inputenc Error: Unicode character —Ä (U+0440)
(inputenc)                not set up for use with LaTeX.

See the inputenc package documentation for explanation.
Type  H <return>  for immediate help.
 ...                                              
                                                  
l.3 ...Ç–µ—Ä–Ω—ã–π –∞–ø–¥–µ–π—Ç. –û–±–∞ –∞–ª–≥–æ—Ä
                                                  –∏—Ç–º–∞ —Ä–∞–±–æ—Ç–∞—é—Ç ...

You may provide a definition with
\DeclareUnicodeCharacter 


! Package inputenc Error: Unicode character –∏ (U+0438)
(inputenc)                not set up for use with LaTeX.

See the inputenc package documentation for explanation.
Type  H <return>  for immediate help.
 ...                                              
                                                  
l.3 ...µ—Ä–Ω—ã–π –∞–ø–¥–µ–π—Ç. –û–±–∞ –∞–ª–≥–æ—Ä–∏
                                                  —Ç–º–∞ —Ä–∞–±–æ—Ç–∞—é—Ç –Ω...

You may provide a definition with
\DeclareUnicodeCharacter 


! Package inputenc Error: Unicode character —Ç (U+0442)
(inputenc)                not set up for use with LaTeX.

See the inputenc package documentation for explanation.
Type  H <return>  for immediate help.
 ...                                              
                                                  
l.3 ...Ä–Ω—ã–π –∞–ø–¥–µ–π—Ç. –û–±–∞ –∞–ª–≥–æ—Ä–∏—Ç
                                                  –º–∞ —Ä–∞–±–æ—Ç–∞—é—Ç –Ω–∞...

You may provide a definition with
\DeclareUnicodeCharacter 


! Package inputenc Error: Unicode character –º (U+043C)
(inputenc)                not set up for use with LaTeX.

See the inputenc package documentation for explanation.
Type  H <return>  for immediate help.
 ...                                              
                                                  
l.3 ...Ω—ã–π –∞–ø–¥–µ–π—Ç. –û–±–∞ –∞–ª–≥–æ—Ä–∏—Ç–º
                                                  –∞ —Ä–∞–±–æ—Ç–∞—é—Ç –Ω–∞ –...

You may provide a definition with
\DeclareUnicodeCharacter 


! Package inputenc Error: Unicode character –∞ (U+0430)
(inputenc)                not set up for use with LaTeX.

See the inputenc package documentation for explanation.
Type  H <return>  for immediate help.
 ...                                              
                                                  
l.3 ...ã–π –∞–ø–¥–µ–π—Ç. –û–±–∞ –∞–ª–≥–æ—Ä–∏—Ç–º–∞
                                                   —Ä–∞–±–æ—Ç–∞—é—Ç –Ω–∞ –ø—...

You may provide a definition with
\DeclareUnicodeCharacter 


! Package inputenc Error: Unicode character —Ä (U+0440)
(inputenc)                not set up for use with LaTeX.

See the inputenc package documentation for explanation.
Type  H <return>  for immediate help.
 ...                                              
                                                  
l.3 ... –∞–ø–¥–µ–π—Ç. –û–±–∞ –∞–ª–≥–æ—Ä–∏—Ç–º–∞ —Ä
                                                  –∞–±–æ—Ç–∞—é—Ç –Ω–∞ –ø—Ä–æ...

You may provide a definition with
\DeclareUnicodeCharacter 


! Package inputenc Error: Unicode character –∞ (U+0430)
(inputenc)                not set up for use with LaTeX.

See the inputenc package documentation for explanation.
Type  H <return>  for immediate help.
 ...                                              
                                                  
l.3 ...∞–ø–¥–µ–π—Ç. –û–±–∞ –∞–ª–≥–æ—Ä–∏—Ç–º–∞ —Ä–∞
                                                  –±–æ—Ç–∞—é—Ç –Ω–∞ –ø—Ä–æ–∏...

You may provide a definition with
\DeclareUnicodeCharacter 


! Package inputenc Error: Unicode character –± (U+0431)
(inputenc)                not set up for use with LaTeX.

See the inputenc package documentation for explanation.
Type  H <return>  for immediate help.
 ...                                              
                                                  
l.3 ...ø–¥–µ–π—Ç. –û–±–∞ –∞–ª–≥–æ—Ä–∏—Ç–º–∞ —Ä–∞–±
                                                  –æ—Ç–∞—é—Ç –Ω–∞ –ø—Ä–æ–∏–∑...

You may provide a definition with
\DeclareUnicodeCharacter 


! Package inputenc Error: Unicode character –æ (U+043E)
(inputenc)                not set up for use with LaTeX.

See the inputenc package documentation for explanation.
Type  H <return>  for immediate help.
 ...                                              
                                                  
l.3 ...¥–µ–π—Ç. –û–±–∞ –∞–ª–≥–æ—Ä–∏—Ç–º–∞ —Ä–∞–±–æ
                                                  —Ç–∞—é—Ç –Ω–∞ –ø—Ä–æ–∏–∑–≤...

You may provide a definition with
\DeclareUnicodeCharacter 


! Package inputenc Error: Unicode character —Ç (U+0442)
(inputenc)                not set up for use with LaTeX.

See the inputenc package documentation for explanation.
Type  H <return>  for immediate help.
 ...                                              
                                                  
l.3 ...µ–π—Ç. –û–±–∞ –∞–ª–≥–æ—Ä–∏—Ç–º–∞ —Ä–∞–±–æ—Ç
                                                  –∞—é—Ç –Ω–∞ –ø—Ä–æ–∏–∑–≤–æ...

You may provide a definition with
\DeclareUnicodeCharacter 


! Package inputenc Error: Unicode character –∞ (U+0430)
(inputenc)                not set up for use with LaTeX.

See the inputenc package documentation for explanation.
Type  H <return>  for immediate help.
 ...                                              
                                                  
l.3 ...π—Ç. –û–±–∞ –∞–ª–≥–æ—Ä–∏—Ç–º–∞ —Ä–∞–±–æ—Ç–∞
                                                  —é—Ç –Ω–∞ –ø—Ä–æ–∏–∑–≤–æ–ª...

You may provide a definition with
\DeclareUnicodeCharacter 


! Package inputenc Error: Unicode character —é (U+044E)
(inputenc)                not set up for use with LaTeX.

See the inputenc package documentation for explanation.
Type  H <return>  for immediate help.
 ...                                              
                                                  
l.3 ...Ç. –û–±–∞ –∞–ª–≥–æ—Ä–∏—Ç–º–∞ —Ä–∞–±–æ—Ç–∞—é
                                                  —Ç –Ω–∞ –ø—Ä–æ–∏–∑–≤–æ–ª—å...

You may provide a definition with
\DeclareUnicodeCharacter 


! Package inputenc Error: Unicode character —Ç (U+0442)
(inputenc)                not set up for use with LaTeX.

See the inputenc package documentation for explanation.
Type  H <return>  for immediate help.
 ...                                              
                                                  
l.3 ... –û–±–∞ –∞–ª–≥–æ—Ä–∏—Ç–º–∞ —Ä–∞–±–æ—Ç–∞—é—Ç
                                                   –Ω–∞ –ø—Ä–æ–∏–∑–≤–æ–ª—å–Ω...

You may provide a definition with
\DeclareUnicodeCharacter 


! Package inputenc Error: Unicode character –Ω (U+043D)
(inputenc)                not set up for use with LaTeX.

See the inputenc package documentation for explanation.
Type  H <return>  for immediate help.
 ...                                              
                                                  
l.3 ...–±–∞ –∞–ª–≥–æ—Ä–∏—Ç–º–∞ —Ä–∞–±–æ—Ç–∞—é—Ç –Ω
                                                  –∞ –ø—Ä–æ–∏–∑–≤–æ–ª—å–Ω–æ–...
(That makes 100 errors; please try again.) 
Here is how much of TeX's memory you used:
 43 strings out of 479799
 850 string characters out of 2879583
 264509 words of memory out of 3000000
 17134 multiletter control sequences out of 15000+200000
 535088 words of font info for 29 fonts, out of 3000000 for 9000
 1141 hyphenation exceptions out of 8191
 13i,0n,15p,790b,25s stack positions out of 5000i,500n,10000p,200000b,50000s

!  ==> Fatal error occurred, no output PDF file produced!
