This is pdfTeX, Version 3.14159265-2.6-1.40.21 (MiKTeX 20.11) (preloaded format=pdflatex 2020.11.27)  6 SEP 2022 01:40
entering extended mode
**./General.tex
(General.tex
LaTeX2e <2020-10-01> patch level 2
L3 programming layer <2020-10-27> xparse <2020-03-03>
! Undefined control sequence.
l.1 \section
            {–í–≤–µ–¥–µ–Ω–∏–µ}
The control sequence at the end of the top line
of your error message was never \def'ed. If you have
misspelled it (e.g., `\hobx'), type `I' and the correct
spelling (e.g., `I\hbox'). Otherwise just continue,
and I'll forget about whatever was undefined.


! Package inputenc Error: Unicode character –í (U+0412)
(inputenc)                not set up for use with LaTeX.

See the inputenc package documentation for explanation.
Type  H <return>  for immediate help.
 ...                                              
                                                  
l.1 \section{–í
               –≤–µ–¥–µ–Ω–∏–µ}
You may provide a definition with
\DeclareUnicodeCharacter 


! Package inputenc Error: Unicode character –≤ (U+0432)
(inputenc)                not set up for use with LaTeX.

See the inputenc package documentation for explanation.
Type  H <return>  for immediate help.
 ...                                              
                                                  
l.1 \section{–í–≤
                 –µ–¥–µ–Ω–∏–µ}
You may provide a definition with
\DeclareUnicodeCharacter 


! Package inputenc Error: Unicode character –µ (U+0435)
(inputenc)                not set up for use with LaTeX.

See the inputenc package documentation for explanation.
Type  H <return>  for immediate help.
 ...                                              
                                                  
l.1 \section{–í–≤–µ
                   –¥–µ–Ω–∏–µ}
You may provide a definition with
\DeclareUnicodeCharacter 


! Package inputenc Error: Unicode character –¥ (U+0434)
(inputenc)                not set up for use with LaTeX.

See the inputenc package documentation for explanation.
Type  H <return>  for immediate help.
 ...                                              
                                                  
l.1 \section{–í–≤–µ–¥
                     –µ–Ω–∏–µ}
You may provide a definition with
\DeclareUnicodeCharacter 


! Package inputenc Error: Unicode character –µ (U+0435)
(inputenc)                not set up for use with LaTeX.

See the inputenc package documentation for explanation.
Type  H <return>  for immediate help.
 ...                                              
                                                  
l.1 \section{–í–≤–µ–¥–µ
                       –Ω–∏–µ}
You may provide a definition with
\DeclareUnicodeCharacter 


! Package inputenc Error: Unicode character –Ω (U+043D)
(inputenc)                not set up for use with LaTeX.

See the inputenc package documentation for explanation.
Type  H <return>  for immediate help.
 ...                                              
                                                  
l.1 \section{–í–≤–µ–¥–µ–Ω
                         –∏–µ}
You may provide a definition with
\DeclareUnicodeCharacter 


! Package inputenc Error: Unicode character –∏ (U+0438)
(inputenc)                not set up for use with LaTeX.

See the inputenc package documentation for explanation.
Type  H <return>  for immediate help.
 ...                                              
                                                  
l.1 \section{–í–≤–µ–¥–µ–Ω–∏
                           –µ}
You may provide a definition with
\DeclareUnicodeCharacter 


! Package inputenc Error: Unicode character –µ (U+0435)
(inputenc)                not set up for use with LaTeX.

See the inputenc package documentation for explanation.
Type  H <return>  for immediate help.
 ...                                              
                                                  
l.1 \section{–í–≤–µ–¥–µ–Ω–∏–µ
                             }
You may provide a definition with
\DeclareUnicodeCharacter 


! Package inputenc Error: Unicode character –† (U+0420)
(inputenc)                not set up for use with LaTeX.

See the inputenc package documentation for explanation.
Type  H <return>  for immediate help.
 ...                                              
                                                  
l.3 –†
      –∞—Å—Å–º–æ—Ç—Ä–∏–º –∫–æ–Ω—Ñ–æ—Ä–º–∞—Ü–∏—é(–Ω–µ—Å–∞–º–æ–ø–µ—Ä–µ—Å–µ–∫–∞...

You may provide a definition with
\DeclareUnicodeCharacter 


! Package inputenc Error: Unicode character –∞ (U+0430)
(inputenc)                not set up for use with LaTeX.

See the inputenc package documentation for explanation.
Type  H <return>  for immediate help.
 ...                                              
                                                  
l.3 –†–∞
        —Å—Å–º–æ—Ç—Ä–∏–º –∫–æ–Ω—Ñ–æ—Ä–º–∞—Ü–∏—é(–Ω–µ—Å–∞–º–æ–ø–µ—Ä–µ—Å–µ–∫–∞...

You may provide a definition with
\DeclareUnicodeCharacter 


! Package inputenc Error: Unicode character —Å (U+0441)
(inputenc)                not set up for use with LaTeX.

See the inputenc package documentation for explanation.
Type  H <return>  for immediate help.
 ...                                              
                                                  
l.3 –†–∞—Å
          —Å–º–æ—Ç—Ä–∏–º –∫–æ–Ω—Ñ–æ—Ä–º–∞—Ü–∏—é(–Ω–µ—Å–∞–º–æ–ø–µ—Ä–µ—Å–µ–∫–∞...

You may provide a definition with
\DeclareUnicodeCharacter 


! Package inputenc Error: Unicode character —Å (U+0441)
(inputenc)                not set up for use with LaTeX.

See the inputenc package documentation for explanation.
Type  H <return>  for immediate help.
 ...                                              
                                                  
l.3 –†–∞—Å—Å
            –º–æ—Ç—Ä–∏–º –∫–æ–Ω—Ñ–æ—Ä–º–∞—Ü–∏—é(–Ω–µ—Å–∞–º–æ–ø–µ—Ä–µ—Å–µ–∫–∞...

You may provide a definition with
\DeclareUnicodeCharacter 


! Package inputenc Error: Unicode character –º (U+043C)
(inputenc)                not set up for use with LaTeX.

See the inputenc package documentation for explanation.
Type  H <return>  for immediate help.
 ...                                              
                                                  
l.3 –†–∞—Å—Å–º
              –æ—Ç—Ä–∏–º –∫–æ–Ω—Ñ–æ—Ä–º–∞—Ü–∏—é(–Ω–µ—Å–∞–º–æ–ø–µ—Ä–µ—Å–µ–∫–∞...

You may provide a definition with
\DeclareUnicodeCharacter 


! Package inputenc Error: Unicode character –æ (U+043E)
(inputenc)                not set up for use with LaTeX.

See the inputenc package documentation for explanation.
Type  H <return>  for immediate help.
 ...                                              
                                                  
l.3 –†–∞—Å—Å–º–æ
                —Ç—Ä–∏–º –∫–æ–Ω—Ñ–æ—Ä–º–∞—Ü–∏—é(–Ω–µ—Å–∞–º–æ–ø–µ—Ä–µ—Å–µ–∫–∞...

You may provide a definition with
\DeclareUnicodeCharacter 


! Package inputenc Error: Unicode character —Ç (U+0442)
(inputenc)                not set up for use with LaTeX.

See the inputenc package documentation for explanation.
Type  H <return>  for immediate help.
 ...                                              
                                                  
l.3 –†–∞—Å—Å–º–æ—Ç
                  —Ä–∏–º –∫–æ–Ω—Ñ–æ—Ä–º–∞—Ü–∏—é(–Ω–µ—Å–∞–º–æ–ø–µ—Ä–µ—Å–µ–∫–∞...

You may provide a definition with
\DeclareUnicodeCharacter 


! Package inputenc Error: Unicode character —Ä (U+0440)
(inputenc)                not set up for use with LaTeX.

See the inputenc package documentation for explanation.
Type  H <return>  for immediate help.
 ...                                              
                                                  
l.3 –†–∞—Å—Å–º–æ—Ç—Ä
                    –∏–º –∫–æ–Ω—Ñ–æ—Ä–º–∞—Ü–∏—é(–Ω–µ—Å–∞–º–æ–ø–µ—Ä–µ—Å–µ–∫–∞...

You may provide a definition with
\DeclareUnicodeCharacter 


! Package inputenc Error: Unicode character –∏ (U+0438)
(inputenc)                not set up for use with LaTeX.

See the inputenc package documentation for explanation.
Type  H <return>  for immediate help.
 ...                                              
                                                  
l.3 –†–∞—Å—Å–º–æ—Ç—Ä–∏
                      –º –∫–æ–Ω—Ñ–æ—Ä–º–∞—Ü–∏—é(–Ω–µ—Å–∞–º–æ–ø–µ—Ä–µ—Å–µ–∫–∞...

You may provide a definition with
\DeclareUnicodeCharacter 


! Package inputenc Error: Unicode character –º (U+043C)
(inputenc)                not set up for use with LaTeX.

See the inputenc package documentation for explanation.
Type  H <return>  for immediate help.
 ...                                              
                                                  
l.3 –†–∞—Å—Å–º–æ—Ç—Ä–∏–º
                         –∫–æ–Ω—Ñ–æ—Ä–º–∞—Ü–∏—é(–Ω–µ—Å–∞–º–æ–ø–µ—Ä–µ—Å–µ–∫–∞...

You may provide a definition with
\DeclareUnicodeCharacter 


! Package inputenc Error: Unicode character –∫ (U+043A)
(inputenc)                not set up for use with LaTeX.

See the inputenc package documentation for explanation.
Type  H <return>  for immediate help.
 ...                                              
                                                  
l.3 –†–∞—Å—Å–º–æ—Ç—Ä–∏–º –∫
                           –æ–Ω—Ñ–æ—Ä–º–∞—Ü–∏—é(–Ω–µ—Å–∞–º–æ–ø–µ—Ä–µ—Å–µ–∫–∞...

You may provide a definition with
\DeclareUnicodeCharacter 


! Package inputenc Error: Unicode character –æ (U+043E)
(inputenc)                not set up for use with LaTeX.

See the inputenc package documentation for explanation.
Type  H <return>  for immediate help.
 ...                                              
                                                  
l.3 –†–∞—Å—Å–º–æ—Ç—Ä–∏–º –∫–æ
                             –Ω—Ñ–æ—Ä–º–∞—Ü–∏—é(–Ω–µ—Å–∞–º–æ–ø–µ—Ä–µ—Å–µ–∫–∞...

You may provide a definition with
\DeclareUnicodeCharacter 


! Package inputenc Error: Unicode character –Ω (U+043D)
(inputenc)                not set up for use with LaTeX.

See the inputenc package documentation for explanation.
Type  H <return>  for immediate help.
 ...                                              
                                                  
l.3 –†–∞—Å—Å–º–æ—Ç—Ä–∏–º –∫–æ–Ω
                               —Ñ–æ—Ä–º–∞—Ü–∏—é(–Ω–µ—Å–∞–º–æ–ø–µ—Ä–µ—Å–µ–∫–∞...

You may provide a definition with
\DeclareUnicodeCharacter 


! Package inputenc Error: Unicode character —Ñ (U+0444)
(inputenc)                not set up for use with LaTeX.

See the inputenc package documentation for explanation.
Type  H <return>  for immediate help.
 ...                                              
                                                  
l.3 –†–∞—Å—Å–º–æ—Ç—Ä–∏–º –∫–æ–Ω—Ñ
                                 –æ—Ä–º–∞—Ü–∏—é(–Ω–µ—Å–∞–º–æ–ø–µ—Ä–µ—Å–µ–∫–∞...

You may provide a definition with
\DeclareUnicodeCharacter 


! Package inputenc Error: Unicode character –æ (U+043E)
(inputenc)                not set up for use with LaTeX.

See the inputenc package documentation for explanation.
Type  H <return>  for immediate help.
 ...                                              
                                                  
l.3 –†–∞—Å—Å–º–æ—Ç—Ä–∏–º –∫–æ–Ω—Ñ–æ
                                   —Ä–º–∞—Ü–∏—é(–Ω–µ—Å–∞–º–æ–ø–µ—Ä–µ—Å–µ–∫–∞...

You may provide a definition with
\DeclareUnicodeCharacter 


! Package inputenc Error: Unicode character —Ä (U+0440)
(inputenc)                not set up for use with LaTeX.

See the inputenc package documentation for explanation.
Type  H <return>  for immediate help.
 ...                                              
                                                  
l.3 –†–∞—Å—Å–º–æ—Ç—Ä–∏–º –∫–æ–Ω—Ñ–æ—Ä
                                     –º–∞—Ü–∏—é(–Ω–µ—Å–∞–º–æ–ø–µ—Ä–µ—Å–µ–∫–∞...

You may provide a definition with
\DeclareUnicodeCharacter 


! Package inputenc Error: Unicode character –º (U+043C)
(inputenc)                not set up for use with LaTeX.

See the inputenc package documentation for explanation.
Type  H <return>  for immediate help.
 ...                                              
                                                  
l.3 –†–∞—Å—Å–º–æ—Ç—Ä–∏–º –∫–æ–Ω—Ñ–æ—Ä–º
                                       –∞—Ü–∏—é(–Ω–µ—Å–∞–º–æ–ø–µ—Ä–µ—Å–µ–∫–∞...

You may provide a definition with
\DeclareUnicodeCharacter 


! Package inputenc Error: Unicode character –∞ (U+0430)
(inputenc)                not set up for use with LaTeX.

See the inputenc package documentation for explanation.
Type  H <return>  for immediate help.
 ...                                              
                                                  
l.3 –†–∞—Å—Å–º–æ—Ç—Ä–∏–º –∫–æ–Ω—Ñ–æ—Ä–º–∞
                                         —Ü–∏—é(–Ω–µ—Å–∞–º–æ–ø–µ—Ä–µ—Å–µ–∫–∞...

You may provide a definition with
\DeclareUnicodeCharacter 


! Package inputenc Error: Unicode character —Ü (U+0446)
(inputenc)                not set up for use with LaTeX.

See the inputenc package documentation for explanation.
Type  H <return>  for immediate help.
 ...                                              
                                                  
l.3 –†–∞—Å—Å–º–æ—Ç—Ä–∏–º –∫–æ–Ω—Ñ–æ—Ä–º–∞—Ü
                                           –∏—é(–Ω–µ—Å–∞–º–æ–ø–µ—Ä–µ—Å–µ–∫–∞...

You may provide a definition with
\DeclareUnicodeCharacter 


! Package inputenc Error: Unicode character –∏ (U+0438)
(inputenc)                not set up for use with LaTeX.

See the inputenc package documentation for explanation.
Type  H <return>  for immediate help.
 ...                                              
                                                  
l.3 –†–∞—Å—Å–º–æ—Ç—Ä–∏–º –∫–æ–Ω—Ñ–æ—Ä–º–∞—Ü–∏
                                             —é(–Ω–µ—Å–∞–º–æ–ø–µ—Ä–µ—Å–µ–∫–∞...

You may provide a definition with
\DeclareUnicodeCharacter 


! Package inputenc Error: Unicode character —é (U+044E)
(inputenc)                not set up for use with LaTeX.

See the inputenc package documentation for explanation.
Type  H <return>  for immediate help.
 ...                                              
                                                  
l.3 –†–∞—Å—Å–º–æ—Ç—Ä–∏–º –∫–æ–Ω—Ñ–æ—Ä–º–∞—Ü–∏—é
                                               (–Ω–µ—Å–∞–º–æ–ø–µ—Ä–µ—Å–µ–∫–∞...

You may provide a definition with
\DeclareUnicodeCharacter 


! LaTeX Error: Missing \begin{document}.

See the LaTeX manual or LaTeX Companion for explanation.
Type  H <return>  for immediate help.
 ...                                              
                                                  
l.3 –†–∞—Å—Å–º–æ—Ç—Ä–∏–º –∫–æ–Ω—Ñ–æ—Ä–º–∞—Ü–∏—é(
                                                –Ω–µ—Å–∞–º–æ–ø–µ—Ä–µ—Å–µ–∫–∞...

You're in trouble here.  Try typing  <return>  to proceed.
If that doesn't work, type  X <return>  to quit.

Missing character: There is no ( in font nullfont!

! Package inputenc Error: Unicode character –Ω (U+043D)
(inputenc)                not set up for use with LaTeX.

See the inputenc package documentation for explanation.
Type  H <return>  for immediate help.
 ...                                              
                                                  
l.3 –†–∞—Å—Å–º–æ—Ç—Ä–∏–º –∫–æ–Ω—Ñ–æ—Ä–º–∞—Ü–∏—é(–Ω
                                                  –µ—Å–∞–º–æ–ø–µ—Ä–µ—Å–µ–∫–∞...

You may provide a definition with
\DeclareUnicodeCharacter 


! Package inputenc Error: Unicode character –µ (U+0435)
(inputenc)                not set up for use with LaTeX.

See the inputenc package documentation for explanation.
Type  H <return>  for immediate help.
 ...                                              
                                                  
l.3 ...Å—Å–º–æ—Ç—Ä–∏–º –∫–æ–Ω—Ñ–æ—Ä–º–∞—Ü–∏—é(–Ω–µ
                                                  —Å–∞–º–æ–ø–µ—Ä–µ—Å–µ–∫–∞—é...

You may provide a definition with
\DeclareUnicodeCharacter 


! Package inputenc Error: Unicode character —Å (U+0441)
(inputenc)                not set up for use with LaTeX.

See the inputenc package documentation for explanation.
Type  H <return>  for immediate help.
 ...                                              
                                                  
l.3 ...Å–º–æ—Ç—Ä–∏–º –∫–æ–Ω—Ñ–æ—Ä–º–∞—Ü–∏—é(–Ω–µ—Å
                                                  –∞–º–æ–ø–µ—Ä–µ—Å–µ–∫–∞—é—â...

You may provide a definition with
\DeclareUnicodeCharacter 


! Package inputenc Error: Unicode character –∞ (U+0430)
(inputenc)                not set up for use with LaTeX.

See the inputenc package documentation for explanation.
Type  H <return>  for immediate help.
 ...                                              
                                                  
l.3 ...º–æ—Ç—Ä–∏–º –∫–æ–Ω—Ñ–æ—Ä–º–∞—Ü–∏—é(–Ω–µ—Å–∞
                                                  –º–æ–ø–µ—Ä–µ—Å–µ–∫–∞—é—â—É...

You may provide a definition with
\DeclareUnicodeCharacter 


! Package inputenc Error: Unicode character –º (U+043C)
(inputenc)                not set up for use with LaTeX.

See the inputenc package documentation for explanation.
Type  H <return>  for immediate help.
 ...                                              
                                                  
l.3 ...æ—Ç—Ä–∏–º –∫–æ–Ω—Ñ–æ—Ä–º–∞—Ü–∏—é(–Ω–µ—Å–∞–º
                                                  –æ–ø–µ—Ä–µ—Å–µ–∫–∞—é—â—É—é...

You may provide a definition with
\DeclareUnicodeCharacter 


! Package inputenc Error: Unicode character –æ (U+043E)
(inputenc)                not set up for use with LaTeX.

See the inputenc package documentation for explanation.
Type  H <return>  for immediate help.
 ...                                              
                                                  
l.3 ...Ç—Ä–∏–º –∫–æ–Ω—Ñ–æ—Ä–º–∞—Ü–∏—é(–Ω–µ—Å–∞–º–æ
                                                  –ø–µ—Ä–µ—Å–µ–∫–∞—é—â—É—é—Å...

You may provide a definition with
\DeclareUnicodeCharacter 


! Package inputenc Error: Unicode character –ø (U+043F)
(inputenc)                not set up for use with LaTeX.

See the inputenc package documentation for explanation.
Type  H <return>  for immediate help.
 ...                                              
                                                  
l.3 ...Ä–∏–º –∫–æ–Ω—Ñ–æ—Ä–º–∞—Ü–∏—é(–Ω–µ—Å–∞–º–æ–ø
                                                  –µ—Ä–µ—Å–µ–∫–∞—é—â—É—é—Å—è...

You may provide a definition with
\DeclareUnicodeCharacter 


! Package inputenc Error: Unicode character –µ (U+0435)
(inputenc)                not set up for use with LaTeX.

See the inputenc package documentation for explanation.
Type  H <return>  for immediate help.
 ...                                              
                                                  
l.3 ...∏–º –∫–æ–Ω—Ñ–æ—Ä–º–∞—Ü–∏—é(–Ω–µ—Å–∞–º–æ–ø–µ
                                                  —Ä–µ—Å–µ–∫–∞—é—â—É—é—Å—è –...

You may provide a definition with
\DeclareUnicodeCharacter 


! Package inputenc Error: Unicode character —Ä (U+0440)
(inputenc)                not set up for use with LaTeX.

See the inputenc package documentation for explanation.
Type  H <return>  for immediate help.
 ...                                              
                                                  
l.3 ...º –∫–æ–Ω—Ñ–æ—Ä–º–∞—Ü–∏—é(–Ω–µ—Å–∞–º–æ–ø–µ—Ä
                                                  –µ—Å–µ–∫–∞—é—â—É—é—Å—è –ø–...

You may provide a definition with
\DeclareUnicodeCharacter 


! Package inputenc Error: Unicode character –µ (U+0435)
(inputenc)                not set up for use with LaTeX.

See the inputenc package documentation for explanation.
Type  H <return>  for immediate help.
 ...                                              
                                                  
l.3 ...–∫–æ–Ω—Ñ–æ—Ä–º–∞—Ü–∏—é(–Ω–µ—Å–∞–º–æ–ø–µ—Ä–µ
                                                  —Å–µ–∫–∞—é—â—É—é—Å—è –ø–æ—...

You may provide a definition with
\DeclareUnicodeCharacter 


! Package inputenc Error: Unicode character —Å (U+0441)
(inputenc)                not set up for use with LaTeX.

See the inputenc package documentation for explanation.
Type  H <return>  for immediate help.
 ...                                              
                                                  
l.3 ...–æ–Ω—Ñ–æ—Ä–º–∞—Ü–∏—é(–Ω–µ—Å–∞–º–æ–ø–µ—Ä–µ—Å
                                                  –µ–∫–∞—é—â—É—é—Å—è –ø–æ—Å–...

You may provide a definition with
\DeclareUnicodeCharacter 


! Package inputenc Error: Unicode character –µ (U+0435)
(inputenc)                not set up for use with LaTeX.

See the inputenc package documentation for explanation.
Type  H <return>  for immediate help.
 ...                                              
                                                  
l.3 ...–Ω—Ñ–æ—Ä–º–∞—Ü–∏—é(–Ω–µ—Å–∞–º–æ–ø–µ—Ä–µ—Å–µ
                                                  –∫–∞—é—â—É—é—Å—è –ø–æ—Å–ª–...

You may provide a definition with
\DeclareUnicodeCharacter 


! Package inputenc Error: Unicode character –∫ (U+043A)
(inputenc)                not set up for use with LaTeX.

See the inputenc package documentation for explanation.
Type  H <return>  for immediate help.
 ...                                              
                                                  
l.3 ...—Ñ–æ—Ä–º–∞—Ü–∏—é(–Ω–µ—Å–∞–º–æ–ø–µ—Ä–µ—Å–µ–∫
                                                  –∞—é—â—É—é—Å—è –ø–æ—Å–ª–µ–...

You may provide a definition with
\DeclareUnicodeCharacter 


! Package inputenc Error: Unicode character –∞ (U+0430)
(inputenc)                not set up for use with LaTeX.

See the inputenc package documentation for explanation.
Type  H <return>  for immediate help.
 ...                                              
                                                  
l.3 ...–æ—Ä–º–∞—Ü–∏—é(–Ω–µ—Å–∞–º–æ–ø–µ—Ä–µ—Å–µ–∫–∞
                                                  —é—â—É—é—Å—è –ø–æ—Å–ª–µ–¥–...

You may provide a definition with
\DeclareUnicodeCharacter 


! Package inputenc Error: Unicode character —é (U+044E)
(inputenc)                not set up for use with LaTeX.

See the inputenc package documentation for explanation.
Type  H <return>  for immediate help.
 ...                                              
                                                  
l.3 ...—Ä–º–∞—Ü–∏—é(–Ω–µ—Å–∞–º–æ–ø–µ—Ä–µ—Å–µ–∫–∞—é
                                                  —â—É—é—Å—è –ø–æ—Å–ª–µ–¥–æ–...

You may provide a definition with
\DeclareUnicodeCharacter 


! Package inputenc Error: Unicode character —â (U+0449)
(inputenc)                not set up for use with LaTeX.

See the inputenc package documentation for explanation.
Type  H <return>  for immediate help.
 ...                                              
                                                  
l.3 ...–º–∞—Ü–∏—é(–Ω–µ—Å–∞–º–æ–ø–µ—Ä–µ—Å–µ–∫–∞—é—â
                                                  —É—é—Å—è –ø–æ—Å–ª–µ–¥–æ–≤–...

You may provide a definition with
\DeclareUnicodeCharacter 


! Package inputenc Error: Unicode character —É (U+0443)
(inputenc)                not set up for use with LaTeX.

See the inputenc package documentation for explanation.
Type  H <return>  for immediate help.
 ...                                              
                                                  
l.3 ...–∞—Ü–∏—é(–Ω–µ—Å–∞–º–æ–ø–µ—Ä–µ—Å–µ–∫–∞—é—â—É
                                                  —é—Å—è –ø–æ—Å–ª–µ–¥–æ–≤–∞—...

You may provide a definition with
\DeclareUnicodeCharacter 


! Package inputenc Error: Unicode character —é (U+044E)
(inputenc)                not set up for use with LaTeX.

See the inputenc package documentation for explanation.
Type  H <return>  for immediate help.
 ...                                              
                                                  
l.3 ...—Ü–∏—é(–Ω–µ—Å–∞–º–æ–ø–µ—Ä–µ—Å–µ–∫–∞—é—â—É—é
                                                  —Å—è –ø–æ—Å–ª–µ–¥–æ–≤–∞—Ç–...

You may provide a definition with
\DeclareUnicodeCharacter 


! Package inputenc Error: Unicode character —Å (U+0441)
(inputenc)                not set up for use with LaTeX.

See the inputenc package documentation for explanation.
Type  H <return>  for immediate help.
 ...                                              
                                                  
l.3 ...–∏—é(–Ω–µ—Å–∞–º–æ–ø–µ—Ä–µ—Å–µ–∫–∞—é—â—É—é—Å
                                                  —è –ø–æ—Å–ª–µ–¥–æ–≤–∞—Ç–µ–...

You may provide a definition with
\DeclareUnicodeCharacter 


! Package inputenc Error: Unicode character —è (U+044F)
(inputenc)                not set up for use with LaTeX.

See the inputenc package documentation for explanation.
Type  H <return>  for immediate help.
 ...                                              
                                                  
l.3 ...—é(–Ω–µ—Å–∞–º–æ–ø–µ—Ä–µ—Å–µ–∫–∞—é—â—É—é—Å—è
                                                   –ø–æ—Å–ª–µ–¥–æ–≤–∞—Ç–µ–ª—...

You may provide a definition with
\DeclareUnicodeCharacter 


! Package inputenc Error: Unicode character –ø (U+043F)
(inputenc)                not set up for use with LaTeX.

See the inputenc package documentation for explanation.
Type  H <return>  for immediate help.
 ...                                              
                                                  
l.3 ...–Ω–µ—Å–∞–º–æ–ø–µ—Ä–µ—Å–µ–∫–∞—é—â—É—é—Å—è –ø
                                                  –æ—Å–ª–µ–¥–æ–≤–∞—Ç–µ–ª—å–Ω...

You may provide a definition with
\DeclareUnicodeCharacter 


! Package inputenc Error: Unicode character –æ (U+043E)
(inputenc)                not set up for use with LaTeX.

See the inputenc package documentation for explanation.
Type  H <return>  for immediate help.
 ...                                              
                                                  
l.3 ...–µ—Å–∞–º–æ–ø–µ—Ä–µ—Å–µ–∫–∞—é—â—É—é—Å—è –ø–æ
                                                  —Å–ª–µ–¥–æ–≤–∞—Ç–µ–ª—å–Ω–æ...

You may provide a definition with
\DeclareUnicodeCharacter 


! Package inputenc Error: Unicode character —Å (U+0441)
(inputenc)                not set up for use with LaTeX.

See the inputenc package documentation for explanation.
Type  H <return>  for immediate help.
 ...                                              
                                                  
l.3 ...—Å–∞–º–æ–ø–µ—Ä–µ—Å–µ–∫–∞—é—â—É—é—Å—è –ø–æ—Å
                                                  –ª–µ–¥–æ–≤–∞—Ç–µ–ª—å–Ω–æ—Å...

You may provide a definition with
\DeclareUnicodeCharacter 


! Package inputenc Error: Unicode character –ª (U+043B)
(inputenc)                not set up for use with LaTeX.

See the inputenc package documentation for explanation.
Type  H <return>  for immediate help.
 ...                                              
                                                  
l.3 ...–∞–º–æ–ø–µ—Ä–µ—Å–µ–∫–∞—é—â—É—é—Å—è –ø–æ—Å–ª
                                                  –µ–¥–æ–≤–∞—Ç–µ–ª—å–Ω–æ—Å—Ç...

You may provide a definition with
\DeclareUnicodeCharacter 


! Package inputenc Error: Unicode character –µ (U+0435)
(inputenc)                not set up for use with LaTeX.

See the inputenc package documentation for explanation.
Type  H <return>  for immediate help.
 ...                                              
                                                  
l.3 ...–º–æ–ø–µ—Ä–µ—Å–µ–∫–∞—é—â—É—é—Å—è –ø–æ—Å–ª–µ
                                                  –¥–æ–≤–∞—Ç–µ–ª—å–Ω–æ—Å—Ç—å...

You may provide a definition with
\DeclareUnicodeCharacter 


! Package inputenc Error: Unicode character –¥ (U+0434)
(inputenc)                not set up for use with LaTeX.

See the inputenc package documentation for explanation.
Type  H <return>  for immediate help.
 ...                                              
                                                  
l.3 ...–æ–ø–µ—Ä–µ—Å–µ–∫–∞—é—â—É—é—Å—è –ø–æ—Å–ª–µ–¥
                                                  –æ–≤–∞—Ç–µ–ª—å–Ω–æ—Å—Ç—å —...

You may provide a definition with
\DeclareUnicodeCharacter 


! Package inputenc Error: Unicode character –æ (U+043E)
(inputenc)                not set up for use with LaTeX.

See the inputenc package documentation for explanation.
Type  H <return>  for immediate help.
 ...                                              
                                                  
l.3 ...–ø–µ—Ä–µ—Å–µ–∫–∞—é—â—É—é—Å—è –ø–æ—Å–ª–µ–¥–æ
                                                  –≤–∞—Ç–µ–ª—å–Ω–æ—Å—Ç—å —É–...

You may provide a definition with
\DeclareUnicodeCharacter 


! Package inputenc Error: Unicode character –≤ (U+0432)
(inputenc)                not set up for use with LaTeX.

See the inputenc package documentation for explanation.
Type  H <return>  for immediate help.
 ...                                              
                                                  
l.3 ...–µ—Ä–µ—Å–µ–∫–∞—é—â—É—é—Å—è –ø–æ—Å–ª–µ–¥–æ–≤
                                                  –∞—Ç–µ–ª—å–Ω–æ—Å—Ç—å —É–∑–...

You may provide a definition with
\DeclareUnicodeCharacter 


! Package inputenc Error: Unicode character –∞ (U+0430)
(inputenc)                not set up for use with LaTeX.

See the inputenc package documentation for explanation.
Type  H <return>  for immediate help.
 ...                                              
                                                  
l.3 ...—Ä–µ—Å–µ–∫–∞—é—â—É—é—Å—è –ø–æ—Å–ª–µ–¥–æ–≤–∞
                                                  —Ç–µ–ª—å–Ω–æ—Å—Ç—å —É–∑–ª–...

You may provide a definition with
\DeclareUnicodeCharacter 


! Package inputenc Error: Unicode character —Ç (U+0442)
(inputenc)                not set up for use with LaTeX.

See the inputenc package documentation for explanation.
Type  H <return>  for immediate help.
 ...                                              
                                                  
l.3 ...–µ—Å–µ–∫–∞—é—â—É—é—Å—è –ø–æ—Å–ª–µ–¥–æ–≤–∞—Ç
                                                  –µ–ª—å–Ω–æ—Å—Ç—å —É–∑–ª–æ–...

You may provide a definition with
\DeclareUnicodeCharacter 


! Package inputenc Error: Unicode character –µ (U+0435)
(inputenc)                not set up for use with LaTeX.

See the inputenc package documentation for explanation.
Type  H <return>  for immediate help.
 ...                                              
                                                  
l.3 ...—Å–µ–∫–∞—é—â—É—é—Å—è –ø–æ—Å–ª–µ–¥–æ–≤–∞—Ç–µ
                                                  –ª—å–Ω–æ—Å—Ç—å —É–∑–ª–æ–≤)...

You may provide a definition with
\DeclareUnicodeCharacter 


! Package inputenc Error: Unicode character –ª (U+043B)
(inputenc)                not set up for use with LaTeX.

See the inputenc package documentation for explanation.
Type  H <return>  for immediate help.
 ...                                              
                                                  
l.3 ...–µ–∫–∞—é—â—É—é—Å—è –ø–æ—Å–ª–µ–¥–æ–≤–∞—Ç–µ–ª
                                                  —å–Ω–æ—Å—Ç—å —É–∑–ª–æ–≤) –...

You may provide a definition with
\DeclareUnicodeCharacter 


! Package inputenc Error: Unicode character —å (U+044C)
(inputenc)                not set up for use with LaTeX.

See the inputenc package documentation for explanation.
Type  H <return>  for immediate help.
 ...                                              
                                                  
l.3 ...–∫–∞—é—â—É—é—Å—è –ø–æ—Å–ª–µ–¥–æ–≤–∞—Ç–µ–ª—å
                                                  –Ω–æ—Å—Ç—å —É–∑–ª–æ–≤) –Ω–...

You may provide a definition with
\DeclareUnicodeCharacter 


! Package inputenc Error: Unicode character –Ω (U+043D)
(inputenc)                not set up for use with LaTeX.

See the inputenc package documentation for explanation.
Type  H <return>  for immediate help.
 ...                                              
                                                  
l.3 ...–∞—é—â—É—é—Å—è –ø–æ—Å–ª–µ–¥–æ–≤–∞—Ç–µ–ª—å–Ω
                                                  –æ—Å—Ç—å —É–∑–ª–æ–≤) –Ω–∞ ...

You may provide a definition with
\DeclareUnicodeCharacter 


! Package inputenc Error: Unicode character –æ (U+043E)
(inputenc)                not set up for use with LaTeX.

See the inputenc package documentation for explanation.
Type  H <return>  for immediate help.
 ...                                              
                                                  
l.3 ...—é—â—É—é—Å—è –ø–æ—Å–ª–µ–¥–æ–≤–∞—Ç–µ–ª—å–Ω–æ
                                                  —Å—Ç—å —É–∑–ª–æ–≤) –Ω–∞ –¥...

You may provide a definition with
\DeclareUnicodeCharacter 


! Package inputenc Error: Unicode character —Å (U+0441)
(inputenc)                not set up for use with LaTeX.

See the inputenc package documentation for explanation.
Type  H <return>  for immediate help.
 ...                                              
                                                  
l.3 ...—â—É—é—Å—è –ø–æ—Å–ª–µ–¥–æ–≤–∞—Ç–µ–ª—å–Ω–æ—Å
                                                  —Ç—å —É–∑–ª–æ–≤) –Ω–∞ –¥–≤...

You may provide a definition with
\DeclareUnicodeCharacter 


! Package inputenc Error: Unicode character —Ç (U+0442)
(inputenc)                not set up for use with LaTeX.

See the inputenc package documentation for explanation.
Type  H <return>  for immediate help.
 ...                                              
                                                  
l.3 ...—É—é—Å—è –ø–æ—Å–ª–µ–¥–æ–≤–∞—Ç–µ–ª—å–Ω–æ—Å—Ç
                                                  —å —É–∑–ª–æ–≤) –Ω–∞ –¥–≤—É...

You may provide a definition with
\DeclareUnicodeCharacter 


! Package inputenc Error: Unicode character —å (U+044C)
(inputenc)                not set up for use with LaTeX.

See the inputenc package documentation for explanation.
Type  H <return>  for immediate help.
 ...                                              
                                                  
l.3 ...—é—Å—è –ø–æ—Å–ª–µ–¥–æ–≤–∞—Ç–µ–ª—å–Ω–æ—Å—Ç—å
                                                   —É–∑–ª–æ–≤) –Ω–∞ –¥–≤—É–º...

You may provide a definition with
\DeclareUnicodeCharacter 


! Package inputenc Error: Unicode character —É (U+0443)
(inputenc)                not set up for use with LaTeX.

See the inputenc package documentation for explanation.
Type  H <return>  for immediate help.
 ...                                              
                                                  
l.3 ...Å—è –ø–æ—Å–ª–µ–¥–æ–≤–∞—Ç–µ–ª—å–Ω–æ—Å—Ç—å —É
                                                  –∑–ª–æ–≤) –Ω–∞ –¥–≤—É–º–µ—...

You may provide a definition with
\DeclareUnicodeCharacter 


! Package inputenc Error: Unicode character –∑ (U+0437)
(inputenc)                not set up for use with LaTeX.

See the inputenc package documentation for explanation.
Type  H <return>  for immediate help.
 ...                                              
                                                  
l.3 ...è –ø–æ—Å–ª–µ–¥–æ–≤–∞—Ç–µ–ª—å–Ω–æ—Å—Ç—å —É–∑
                                                  –ª–æ–≤) –Ω–∞ –¥–≤—É–º–µ—Ä–...

You may provide a definition with
\DeclareUnicodeCharacter 


! Package inputenc Error: Unicode character –ª (U+043B)
(inputenc)                not set up for use with LaTeX.

See the inputenc package documentation for explanation.
Type  H <return>  for immediate help.
 ...                                              
                                                  
l.3 ...–ø–æ—Å–ª–µ–¥–æ–≤–∞—Ç–µ–ª—å–Ω–æ—Å—Ç—å —É–∑–ª
                                                  –æ–≤) –Ω–∞ –¥–≤—É–º–µ—Ä–Ω–...

You may provide a definition with
\DeclareUnicodeCharacter 


! Package inputenc Error: Unicode character –æ (U+043E)
(inputenc)                not set up for use with LaTeX.

See the inputenc package documentation for explanation.
Type  H <return>  for immediate help.
 ...                                              
                                                  
l.3 ...–æ—Å–ª–µ–¥–æ–≤–∞—Ç–µ–ª—å–Ω–æ—Å—Ç—å —É–∑–ª–æ
                                                  –≤) –Ω–∞ –¥–≤—É–º–µ—Ä–Ω–æ–...

You may provide a definition with
\DeclareUnicodeCharacter 


! Package inputenc Error: Unicode character –≤ (U+0432)
(inputenc)                not set up for use with LaTeX.

See the inputenc package documentation for explanation.
Type  H <return>  for immediate help.
 ...                                              
                                                  
l.3 ...—Å–ª–µ–¥–æ–≤–∞—Ç–µ–ª—å–Ω–æ—Å—Ç—å —É–∑–ª–æ–≤
                                                  ) –Ω–∞ –¥–≤—É–º–µ—Ä–Ω–æ–π ...

You may provide a definition with
\DeclareUnicodeCharacter 

Missing character: There is no ) in font nullfont!

! Package inputenc Error: Unicode character –Ω (U+043D)
(inputenc)                not set up for use with LaTeX.

See the inputenc package documentation for explanation.
Type  H <return>  for immediate help.
 ...                                              
                                                  
l.3 ...–µ–¥–æ–≤–∞—Ç–µ–ª—å–Ω–æ—Å—Ç—å —É–∑–ª–æ–≤) –Ω
                                                  –∞ –¥–≤—É–º–µ—Ä–Ω–æ–π —Ä–µ...

You may provide a definition with
\DeclareUnicodeCharacter 


! Package inputenc Error: Unicode character –∞ (U+0430)
(inputenc)                not set up for use with LaTeX.

See the inputenc package documentation for explanation.
Type  H <return>  for immediate help.
 ...                                              
                                                  
l.3 ...–¥–æ–≤–∞—Ç–µ–ª—å–Ω–æ—Å—Ç—å —É–∑–ª–æ–≤) –Ω–∞
                                                   –¥–≤—É–º–µ—Ä–Ω–æ–π —Ä–µ—à...

You may provide a definition with
\DeclareUnicodeCharacter 


! Package inputenc Error: Unicode character –¥ (U+0434)
(inputenc)                not set up for use with LaTeX.

See the inputenc package documentation for explanation.
Type  H <return>  for immediate help.
 ...                                              
                                                  
l.3 ...æ–≤–∞—Ç–µ–ª—å–Ω–æ—Å—Ç—å —É–∑–ª–æ–≤) –Ω–∞ –¥
                                                  –≤—É–º–µ—Ä–Ω–æ–π —Ä–µ—à—ë—...

You may provide a definition with
\DeclareUnicodeCharacter 


! Package inputenc Error: Unicode character –≤ (U+0432)
(inputenc)                not set up for use with LaTeX.

See the inputenc package documentation for explanation.
Type  H <return>  for immediate help.
 ...                                              
                                                  
l.3 ...≤–∞—Ç–µ–ª—å–Ω–æ—Å—Ç—å —É–∑–ª–æ–≤) –Ω–∞ –¥–≤
                                                  —É–º–µ—Ä–Ω–æ–π —Ä–µ—à—ë—Ç–...

You may provide a definition with
\DeclareUnicodeCharacter 


! Package inputenc Error: Unicode character —É (U+0443)
(inputenc)                not set up for use with LaTeX.

See the inputenc package documentation for explanation.
Type  H <return>  for immediate help.
 ...                                              
                                                  
l.3 ...∞—Ç–µ–ª—å–Ω–æ—Å—Ç—å —É–∑–ª–æ–≤) –Ω–∞ –¥–≤—É
                                                  –º–µ—Ä–Ω–æ–π —Ä–µ—à—ë—Ç–∫–...

You may provide a definition with
\DeclareUnicodeCharacter 


! Package inputenc Error: Unicode character –º (U+043C)
(inputenc)                not set up for use with LaTeX.

See the inputenc package documentation for explanation.
Type  H <return>  for immediate help.
 ...                                              
                                                  
l.3 ...Ç–µ–ª—å–Ω–æ—Å—Ç—å —É–∑–ª–æ–≤) –Ω–∞ –¥–≤—É–º
                                                  –µ—Ä–Ω–æ–π —Ä–µ—à—ë—Ç–∫–µ....

You may provide a definition with
\DeclareUnicodeCharacter 


! Package inputenc Error: Unicode character –µ (U+0435)
(inputenc)                not set up for use with LaTeX.

See the inputenc package documentation for explanation.
Type  H <return>  for immediate help.
 ...                                              
                                                  
l.3 ...µ–ª—å–Ω–æ—Å—Ç—å —É–∑–ª–æ–≤) –Ω–∞ –¥–≤—É–º–µ
                                                  —Ä–Ω–æ–π —Ä–µ—à—ë—Ç–∫–µ. –...

You may provide a definition with
\DeclareUnicodeCharacter 


! Package inputenc Error: Unicode character —Ä (U+0440)
(inputenc)                not set up for use with LaTeX.

See the inputenc package documentation for explanation.
Type  H <return>  for immediate help.
 ...                                              
                                                  
l.3 ...ª—å–Ω–æ—Å—Ç—å —É–∑–ª–æ–≤) –Ω–∞ –¥–≤—É–º–µ—Ä
                                                  –Ω–æ–π —Ä–µ—à—ë—Ç–∫–µ. –¢–...

You may provide a definition with
\DeclareUnicodeCharacter 


! Package inputenc Error: Unicode character –Ω (U+043D)
(inputenc)                not set up for use with LaTeX.

See the inputenc package documentation for explanation.
Type  H <return>  for immediate help.
 ...                                              
                                                  
l.3 ...å–Ω–æ—Å—Ç—å —É–∑–ª–æ–≤) –Ω–∞ –¥–≤—É–º–µ—Ä–Ω
                                                  –æ–π —Ä–µ—à—ë—Ç–∫–µ. –¢–∞–...

You may provide a definition with
\DeclareUnicodeCharacter 


! Package inputenc Error: Unicode character –æ (U+043E)
(inputenc)                not set up for use with LaTeX.

See the inputenc package documentation for explanation.
Type  H <return>  for immediate help.
 ...                                              
                                                  
l.3 ...Ω–æ—Å—Ç—å —É–∑–ª–æ–≤) –Ω–∞ –¥–≤—É–º–µ—Ä–Ω–æ
                                                  –π —Ä–µ—à—ë—Ç–∫–µ. –¢–∞–∫–...

You may provide a definition with
\DeclareUnicodeCharacter 


! Package inputenc Error: Unicode character –π (U+0439)
(inputenc)                not set up for use with LaTeX.

See the inputenc package documentation for explanation.
Type  H <return>  for immediate help.
 ...                                              
                                                  
l.3 ...æ—Å—Ç—å —É–∑–ª–æ–≤) –Ω–∞ –¥–≤—É–º–µ—Ä–Ω–æ–π
                                                   —Ä–µ—à—ë—Ç–∫–µ. –¢–∞–∫–∏–...

You may provide a definition with
\DeclareUnicodeCharacter 


! Package inputenc Error: Unicode character —Ä (U+0440)
(inputenc)                not set up for use with LaTeX.

See the inputenc package documentation for explanation.
Type  H <return>  for immediate help.
 ...                                              
                                                  
l.3 ...—Ç—å —É–∑–ª–æ–≤) –Ω–∞ –¥–≤—É–º–µ—Ä–Ω–æ–π —Ä
                                                  –µ—à—ë—Ç–∫–µ. –¢–∞–∫–∏–µ –...

You may provide a definition with
\DeclareUnicodeCharacter 


! Package inputenc Error: Unicode character –µ (U+0435)
(inputenc)                not set up for use with LaTeX.

See the inputenc package documentation for explanation.
Type  H <return>  for immediate help.
 ...                                              
                                                  
l.3 ...—å —É–∑–ª–æ–≤) –Ω–∞ –¥–≤—É–º–µ—Ä–Ω–æ–π —Ä–µ
                                                  —à—ë—Ç–∫–µ. –¢–∞–∫–∏–µ –∫–...

You may provide a definition with
\DeclareUnicodeCharacter 


! Package inputenc Error: Unicode character —à (U+0448)
(inputenc)                not set up for use with LaTeX.

See the inputenc package documentation for explanation.
Type  H <return>  for immediate help.
 ...                                              
                                                  
l.3 ... —É–∑–ª–æ–≤) –Ω–∞ –¥–≤—É–º–µ—Ä–Ω–æ–π —Ä–µ—à
                                                  —ë—Ç–∫–µ. –¢–∞–∫–∏–µ –∫–æ–...

You may provide a definition with
\DeclareUnicodeCharacter 


! Package inputenc Error: Unicode character —ë (U+0451)
(inputenc)                not set up for use with LaTeX.

See the inputenc package documentation for explanation.
Type  H <return>  for immediate help.
 ...                                              
                                                  
l.3 ...É–∑–ª–æ–≤) –Ω–∞ –¥–≤—É–º–µ—Ä–Ω–æ–π —Ä–µ—à—ë
                                                  —Ç–∫–µ. –¢–∞–∫–∏–µ –∫–æ–Ω—...

You may provide a definition with
\DeclareUnicodeCharacter 


! Package inputenc Error: Unicode character —Ç (U+0442)
(inputenc)                not set up for use with LaTeX.

See the inputenc package documentation for explanation.
Type  H <return>  for immediate help.
 ...                                              
                                                  
l.3 ...∑–ª–æ–≤) –Ω–∞ –¥–≤—É–º–µ—Ä–Ω–æ–π —Ä–µ—à—ë—Ç
                                                  –∫–µ. –¢–∞–∫–∏–µ –∫–æ–Ω—Ñ–...

You may provide a definition with
\DeclareUnicodeCharacter 


! Package inputenc Error: Unicode character –∫ (U+043A)
(inputenc)                not set up for use with LaTeX.

See the inputenc package documentation for explanation.
Type  H <return>  for immediate help.
 ...                                              
                                                  
l.3 ...ª–æ–≤) –Ω–∞ –¥–≤—É–º–µ—Ä–Ω–æ–π —Ä–µ—à—ë—Ç–∫
                                                  –µ. –¢–∞–∫–∏–µ –∫–æ–Ω—Ñ–æ—...

You may provide a definition with
\DeclareUnicodeCharacter 


! Package inputenc Error: Unicode character –µ (U+0435)
(inputenc)                not set up for use with LaTeX.

See the inputenc package documentation for explanation.
Type  H <return>  for immediate help.
 ...                                              
                                                  
l.3 ...æ–≤) –Ω–∞ –¥–≤—É–º–µ—Ä–Ω–æ–π —Ä–µ—à—ë—Ç–∫–µ
                                                  . –¢–∞–∫–∏–µ –∫–æ–Ω—Ñ–æ—Ä–...

You may provide a definition with
\DeclareUnicodeCharacter 

Missing character: There is no . in font nullfont!

! Package inputenc Error: Unicode character –¢ (U+0422)
(inputenc)                not set up for use with LaTeX.

See the inputenc package documentation for explanation.
Type  H <return>  for immediate help.
 ...                                              
                                                  
l.3 ... –Ω–∞ –¥–≤—É–º–µ—Ä–Ω–æ–π —Ä–µ—à—ë—Ç–∫–µ. –¢
                                                  –∞–∫–∏–µ –∫–æ–Ω—Ñ–æ—Ä–º–∞—...

You may provide a definition with
\DeclareUnicodeCharacter 


! Package inputenc Error: Unicode character –∞ (U+0430)
(inputenc)                not set up for use with LaTeX.

See the inputenc package documentation for explanation.
Type  H <return>  for immediate help.
 ...                                              
                                                  
l.3 ...Ω–∞ –¥–≤—É–º–µ—Ä–Ω–æ–π —Ä–µ—à—ë—Ç–∫–µ. –¢–∞
                                                  –∫–∏–µ –∫–æ–Ω—Ñ–æ—Ä–º–∞—Ü–...

You may provide a definition with
\DeclareUnicodeCharacter 


! Package inputenc Error: Unicode character –∫ (U+043A)
(inputenc)                not set up for use with LaTeX.

See the inputenc package documentation for explanation.
Type  H <return>  for immediate help.
 ...                                              
                                                  
l.3 ...∞ –¥–≤—É–º–µ—Ä–Ω–æ–π —Ä–µ—à—ë—Ç–∫–µ. –¢–∞–∫
                                                  –∏–µ –∫–æ–Ω—Ñ–æ—Ä–º–∞—Ü–∏–...

You may provide a definition with
\DeclareUnicodeCharacter 


! Package inputenc Error: Unicode character –∏ (U+0438)
(inputenc)                not set up for use with LaTeX.

See the inputenc package documentation for explanation.
Type  H <return>  for immediate help.
 ...                                              
                                                  
l.3 ...–¥–≤—É–º–µ—Ä–Ω–æ–π —Ä–µ—à—ë—Ç–∫–µ. –¢–∞–∫–∏
                                                  –µ –∫–æ–Ω—Ñ–æ—Ä–º–∞—Ü–∏–∏ ...

You may provide a definition with
\DeclareUnicodeCharacter 


! Package inputenc Error: Unicode character –µ (U+0435)
(inputenc)                not set up for use with LaTeX.

See the inputenc package documentation for explanation.
Type  H <return>  for immediate help.
 ...                                              
                                                  
l.3 ...–≤—É–º–µ—Ä–Ω–æ–π —Ä–µ—à—ë—Ç–∫–µ. –¢–∞–∫–∏–µ
                                                   –∫–æ–Ω—Ñ–æ—Ä–º–∞—Ü–∏–∏ –º...

You may provide a definition with
\DeclareUnicodeCharacter 


! Package inputenc Error: Unicode character –∫ (U+043A)
(inputenc)                not set up for use with LaTeX.

See the inputenc package documentation for explanation.
Type  H <return>  for immediate help.
 ...                                              
                                                  
l.3 ...É–º–µ—Ä–Ω–æ–π —Ä–µ—à—ë—Ç–∫–µ. –¢–∞–∫–∏–µ –∫
                                                  –æ–Ω—Ñ–æ—Ä–º–∞—Ü–∏–∏ –º–æ–...

You may provide a definition with
\DeclareUnicodeCharacter 


! Package inputenc Error: Unicode character –æ (U+043E)
(inputenc)                not set up for use with LaTeX.

See the inputenc package documentation for explanation.
Type  H <return>  for immediate help.
 ...                                              
                                                  
l.3 ...º–µ—Ä–Ω–æ–π —Ä–µ—à—ë—Ç–∫–µ. –¢–∞–∫–∏–µ –∫–æ
                                                  –Ω—Ñ–æ—Ä–º–∞—Ü–∏–∏ –º–æ–∂–...

You may provide a definition with
\DeclareUnicodeCharacter 


! Package inputenc Error: Unicode character –Ω (U+043D)
(inputenc)                not set up for use with LaTeX.

See the inputenc package documentation for explanation.
Type  H <return>  for immediate help.
 ...                                              
                                                  
l.3 ...µ—Ä–Ω–æ–π —Ä–µ—à—ë—Ç–∫–µ. –¢–∞–∫–∏–µ –∫–æ–Ω
                                                  —Ñ–æ—Ä–º–∞—Ü–∏–∏ –º–æ–∂–Ω–...
(That makes 100 errors; please try again.) 
Here is how much of TeX's memory you used:
 47 strings out of 479799
 885 string characters out of 2879583
 264509 words of memory out of 3000000
 17138 multiletter control sequences out of 15000+200000
 535088 words of font info for 29 fonts, out of 3000000 for 9000
 1141 hyphenation exceptions out of 8191
 13i,0n,15p,825b,22s stack positions out of 5000i,500n,10000p,200000b,50000s

!  ==> Fatal error occurred, no output PDF file produced!
