This is pdfTeX, Version 3.14159265-2.6-1.40.21 (MiKTeX 20.11) (preloaded format=pdflatex 2020.11.27)  25 MAY 2021 23:06
entering extended mode
**./Measurements.tex
(Measurements.tex
LaTeX2e <2020-10-01> patch level 2
L3 programming layer <2020-10-27> xparse <2020-03-03>
! Undefined control sequence.
l.1 \section
            {–ó–∞–º–µ—Ä—ã}
The control sequence at the end of the top line
of your error message was never \def'ed. If you have
misspelled it (e.g., `\hobx'), type `I' and the correct
spelling (e.g., `I\hbox'). Otherwise just continue,
and I'll forget about whatever was undefined.


! Package inputenc Error: Unicode character –ó (U+0417)
(inputenc)                not set up for use with LaTeX.

See the inputenc package documentation for explanation.
Type  H <return>  for immediate help.
 ...                                              
                                                  
l.1 \section{–ó
               –∞–º–µ—Ä—ã}
You may provide a definition with
\DeclareUnicodeCharacter 


! Package inputenc Error: Unicode character –∞ (U+0430)
(inputenc)                not set up for use with LaTeX.

See the inputenc package documentation for explanation.
Type  H <return>  for immediate help.
 ...                                              
                                                  
l.1 \section{–ó–∞
                 –º–µ—Ä—ã}
You may provide a definition with
\DeclareUnicodeCharacter 


! Package inputenc Error: Unicode character –º (U+043C)
(inputenc)                not set up for use with LaTeX.

See the inputenc package documentation for explanation.
Type  H <return>  for immediate help.
 ...                                              
                                                  
l.1 \section{–ó–∞–º
                   –µ—Ä—ã}
You may provide a definition with
\DeclareUnicodeCharacter 


! Package inputenc Error: Unicode character –µ (U+0435)
(inputenc)                not set up for use with LaTeX.

See the inputenc package documentation for explanation.
Type  H <return>  for immediate help.
 ...                                              
                                                  
l.1 \section{–ó–∞–º–µ
                     —Ä—ã}
You may provide a definition with
\DeclareUnicodeCharacter 


! Package inputenc Error: Unicode character —Ä (U+0440)
(inputenc)                not set up for use with LaTeX.

See the inputenc package documentation for explanation.
Type  H <return>  for immediate help.
 ...                                              
                                                  
l.1 \section{–ó–∞–º–µ—Ä
                       —ã}
You may provide a definition with
\DeclareUnicodeCharacter 


! Package inputenc Error: Unicode character —ã (U+044B)
(inputenc)                not set up for use with LaTeX.

See the inputenc package documentation for explanation.
Type  H <return>  for immediate help.
 ...                                              
                                                  
l.1 \section{–ó–∞–º–µ—Ä—ã
                         }
You may provide a definition with
\DeclareUnicodeCharacter 

! Undefined control sequence.
l.3 \subsection
               {$U = 1$}
The control sequence at the end of the top line
of your error message was never \def'ed. If you have
misspelled it (e.g., `\hobx'), type `I' and the correct
spelling (e.g., `I\hbox'). Otherwise just continue,
and I'll forget about whatever was undefined.


! LaTeX Error: Missing \begin{document}.

See the LaTeX manual or LaTeX Companion for explanation.
Type  H <return>  for immediate help.
 ...                                              
                                                  
l.3 \subsection{$
                 U = 1$}
You're in trouble here.  Try typing  <return>  to proceed.
If that doesn't work, type  X <return>  to quit.

LaTeX Font Info:    External font `cmex10' loaded for size
(Font)              <7> on input line 3.
LaTeX Font Info:    External font `cmex10' loaded for size
(Font)              <5> on input line 3.

! Package inputenc Error: Unicode character –î (U+0414)
(inputenc)                not set up for use with LaTeX.

See the inputenc package documentation for explanation.
Type  H <return>  for immediate help.
 ...                                              
                                                  
l.4 –î
      –ª—è –≤—ã—á–∏—Å–ª–µ–Ω–∏–π —è —Å–≥–µ–Ω–µ—Ä–∏—Ä–æ–≤–∞–ª –ø–æ 100 —Ä–µ–ø–...

You may provide a definition with
\DeclareUnicodeCharacter 


! Package inputenc Error: Unicode character –ª (U+043B)
(inputenc)                not set up for use with LaTeX.

See the inputenc package documentation for explanation.
Type  H <return>  for immediate help.
 ...                                              
                                                  
l.4 –î–ª
        —è –≤—ã—á–∏—Å–ª–µ–Ω–∏–π —è —Å–≥–µ–Ω–µ—Ä–∏—Ä–æ–≤–∞–ª –ø–æ 100 —Ä–µ–ø–...

You may provide a definition with
\DeclareUnicodeCharacter 


! Package inputenc Error: Unicode character —è (U+044F)
(inputenc)                not set up for use with LaTeX.

See the inputenc package documentation for explanation.
Type  H <return>  for immediate help.
 ...                                              
                                                  
l.4 –î–ª—è
           –≤—ã—á–∏—Å–ª–µ–Ω–∏–π —è —Å–≥–µ–Ω–µ—Ä–∏—Ä–æ–≤–∞–ª –ø–æ 100 —Ä–µ–ø–...

You may provide a definition with
\DeclareUnicodeCharacter 


! Package inputenc Error: Unicode character –≤ (U+0432)
(inputenc)                not set up for use with LaTeX.

See the inputenc package documentation for explanation.
Type  H <return>  for immediate help.
 ...                                              
                                                  
l.4 –î–ª—è –≤
             —ã—á–∏—Å–ª–µ–Ω–∏–π —è —Å–≥–µ–Ω–µ—Ä–∏—Ä–æ–≤–∞–ª –ø–æ 100 —Ä–µ–ø–...

You may provide a definition with
\DeclareUnicodeCharacter 


! Package inputenc Error: Unicode character —ã (U+044B)
(inputenc)                not set up for use with LaTeX.

See the inputenc package documentation for explanation.
Type  H <return>  for immediate help.
 ...                                              
                                                  
l.4 –î–ª—è –≤—ã
               —á–∏—Å–ª–µ–Ω–∏–π —è —Å–≥–µ–Ω–µ—Ä–∏—Ä–æ–≤–∞–ª –ø–æ 100 —Ä–µ–ø–...

You may provide a definition with
\DeclareUnicodeCharacter 


! Package inputenc Error: Unicode character —á (U+0447)
(inputenc)                not set up for use with LaTeX.

See the inputenc package documentation for explanation.
Type  H <return>  for immediate help.
 ...                                              
                                                  
l.4 –î–ª—è –≤—ã—á
                 –∏—Å–ª–µ–Ω–∏–π —è —Å–≥–µ–Ω–µ—Ä–∏—Ä–æ–≤–∞–ª –ø–æ 100 —Ä–µ–ø–...

You may provide a definition with
\DeclareUnicodeCharacter 


! Package inputenc Error: Unicode character –∏ (U+0438)
(inputenc)                not set up for use with LaTeX.

See the inputenc package documentation for explanation.
Type  H <return>  for immediate help.
 ...                                              
                                                  
l.4 –î–ª—è –≤—ã—á–∏
                   —Å–ª–µ–Ω–∏–π —è —Å–≥–µ–Ω–µ—Ä–∏—Ä–æ–≤–∞–ª –ø–æ 100 —Ä–µ–ø–...

You may provide a definition with
\DeclareUnicodeCharacter 


! Package inputenc Error: Unicode character —Å (U+0441)
(inputenc)                not set up for use with LaTeX.

See the inputenc package documentation for explanation.
Type  H <return>  for immediate help.
 ...                                              
                                                  
l.4 –î–ª—è –≤—ã—á–∏—Å
                     –ª–µ–Ω–∏–π —è —Å–≥–µ–Ω–µ—Ä–∏—Ä–æ–≤–∞–ª –ø–æ 100 —Ä–µ–ø–...

You may provide a definition with
\DeclareUnicodeCharacter 


! Package inputenc Error: Unicode character –ª (U+043B)
(inputenc)                not set up for use with LaTeX.

See the inputenc package documentation for explanation.
Type  H <return>  for immediate help.
 ...                                              
                                                  
l.4 –î–ª—è –≤—ã—á–∏—Å–ª
                       –µ–Ω–∏–π —è —Å–≥–µ–Ω–µ—Ä–∏—Ä–æ–≤–∞–ª –ø–æ 100 —Ä–µ–ø–...

You may provide a definition with
\DeclareUnicodeCharacter 


! Package inputenc Error: Unicode character –µ (U+0435)
(inputenc)                not set up for use with LaTeX.

See the inputenc package documentation for explanation.
Type  H <return>  for immediate help.
 ...                                              
                                                  
l.4 –î–ª—è –≤—ã—á–∏—Å–ª–µ
                         –Ω–∏–π —è —Å–≥–µ–Ω–µ—Ä–∏—Ä–æ–≤–∞–ª –ø–æ 100 —Ä–µ–ø–...

You may provide a definition with
\DeclareUnicodeCharacter 


! Package inputenc Error: Unicode character –Ω (U+043D)
(inputenc)                not set up for use with LaTeX.

See the inputenc package documentation for explanation.
Type  H <return>  for immediate help.
 ...                                              
                                                  
l.4 –î–ª—è –≤—ã—á–∏—Å–ª–µ–Ω
                           –∏–π —è —Å–≥–µ–Ω–µ—Ä–∏—Ä–æ–≤–∞–ª –ø–æ 100 —Ä–µ–ø–...

You may provide a definition with
\DeclareUnicodeCharacter 


! Package inputenc Error: Unicode character –∏ (U+0438)
(inputenc)                not set up for use with LaTeX.

See the inputenc package documentation for explanation.
Type  H <return>  for immediate help.
 ...                                              
                                                  
l.4 –î–ª—è –≤—ã—á–∏—Å–ª–µ–Ω–∏
                             –π —è —Å–≥–µ–Ω–µ—Ä–∏—Ä–æ–≤–∞–ª –ø–æ 100 —Ä–µ–ø–...

You may provide a definition with
\DeclareUnicodeCharacter 


! Package inputenc Error: Unicode character –π (U+0439)
(inputenc)                not set up for use with LaTeX.

See the inputenc package documentation for explanation.
Type  H <return>  for immediate help.
 ...                                              
                                                  
l.4 –î–ª—è –≤—ã—á–∏—Å–ª–µ–Ω–∏–π
                                —è —Å–≥–µ–Ω–µ—Ä–∏—Ä–æ–≤–∞–ª –ø–æ 100 —Ä–µ–ø–...

You may provide a definition with
\DeclareUnicodeCharacter 


! Package inputenc Error: Unicode character —è (U+044F)
(inputenc)                not set up for use with LaTeX.

See the inputenc package documentation for explanation.
Type  H <return>  for immediate help.
 ...                                              
                                                  
l.4 –î–ª—è –≤—ã—á–∏—Å–ª–µ–Ω–∏–π —è
                                   —Å–≥–µ–Ω–µ—Ä–∏—Ä–æ–≤–∞–ª –ø–æ 100 —Ä–µ–ø–...

You may provide a definition with
\DeclareUnicodeCharacter 


! Package inputenc Error: Unicode character —Å (U+0441)
(inputenc)                not set up for use with LaTeX.

See the inputenc package documentation for explanation.
Type  H <return>  for immediate help.
 ...                                              
                                                  
l.4 –î–ª—è –≤—ã—á–∏—Å–ª–µ–Ω–∏–π —è —Å
                                     –≥–µ–Ω–µ—Ä–∏—Ä–æ–≤–∞–ª –ø–æ 100 —Ä–µ–ø–...

You may provide a definition with
\DeclareUnicodeCharacter 


! Package inputenc Error: Unicode character –≥ (U+0433)
(inputenc)                not set up for use with LaTeX.

See the inputenc package documentation for explanation.
Type  H <return>  for immediate help.
 ...                                              
                                                  
l.4 –î–ª—è –≤—ã—á–∏—Å–ª–µ–Ω–∏–π —è —Å–≥
                                       –µ–Ω–µ—Ä–∏—Ä–æ–≤–∞–ª –ø–æ 100 —Ä–µ–ø–...

You may provide a definition with
\DeclareUnicodeCharacter 


! Package inputenc Error: Unicode character –µ (U+0435)
(inputenc)                not set up for use with LaTeX.

See the inputenc package documentation for explanation.
Type  H <return>  for immediate help.
 ...                                              
                                                  
l.4 –î–ª—è –≤—ã—á–∏—Å–ª–µ–Ω–∏–π —è —Å–≥–µ
                                         –Ω–µ—Ä–∏—Ä–æ–≤–∞–ª –ø–æ 100 —Ä–µ–ø–...

You may provide a definition with
\DeclareUnicodeCharacter 


! Package inputenc Error: Unicode character –Ω (U+043D)
(inputenc)                not set up for use with LaTeX.

See the inputenc package documentation for explanation.
Type  H <return>  for immediate help.
 ...                                              
                                                  
l.4 –î–ª—è –≤—ã—á–∏—Å–ª–µ–Ω–∏–π —è —Å–≥–µ–Ω
                                           –µ—Ä–∏—Ä–æ–≤–∞–ª –ø–æ 100 —Ä–µ–ø–...

You may provide a definition with
\DeclareUnicodeCharacter 


! Package inputenc Error: Unicode character –µ (U+0435)
(inputenc)                not set up for use with LaTeX.

See the inputenc package documentation for explanation.
Type  H <return>  for immediate help.
 ...                                              
                                                  
l.4 –î–ª—è –≤—ã—á–∏—Å–ª–µ–Ω–∏–π —è —Å–≥–µ–Ω–µ
                                             —Ä–∏—Ä–æ–≤–∞–ª –ø–æ 100 —Ä–µ–ø–...

You may provide a definition with
\DeclareUnicodeCharacter 


! Package inputenc Error: Unicode character —Ä (U+0440)
(inputenc)                not set up for use with LaTeX.

See the inputenc package documentation for explanation.
Type  H <return>  for immediate help.
 ...                                              
                                                  
l.4 –î–ª—è –≤—ã—á–∏—Å–ª–µ–Ω–∏–π —è —Å–≥–µ–Ω–µ—Ä
                                               –∏—Ä–æ–≤–∞–ª –ø–æ 100 —Ä–µ–ø–...

You may provide a definition with
\DeclareUnicodeCharacter 


! Package inputenc Error: Unicode character –∏ (U+0438)
(inputenc)                not set up for use with LaTeX.

See the inputenc package documentation for explanation.
Type  H <return>  for immediate help.
 ...                                              
                                                  
l.4 –î–ª—è –≤—ã—á–∏—Å–ª–µ–Ω–∏–π —è —Å–≥–µ–Ω–µ—Ä–∏
                                                 —Ä–æ–≤–∞–ª –ø–æ 100 —Ä–µ–ø–...

You may provide a definition with
\DeclareUnicodeCharacter 


! Package inputenc Error: Unicode character —Ä (U+0440)
(inputenc)                not set up for use with LaTeX.

See the inputenc package documentation for explanation.
Type  H <return>  for immediate help.
 ...                                              
                                                  
l.4 ...—è –≤—ã—á–∏—Å–ª–µ–Ω–∏–π —è —Å–≥–µ–Ω–µ—Ä–∏—Ä
                                                  –æ–≤–∞–ª –ø–æ 100 —Ä–µ–ø–ª...

You may provide a definition with
\DeclareUnicodeCharacter 


! Package inputenc Error: Unicode character –æ (U+043E)
(inputenc)                not set up for use with LaTeX.

See the inputenc package documentation for explanation.
Type  H <return>  for immediate help.
 ...                                              
                                                  
l.4 ... –≤—ã—á–∏—Å–ª–µ–Ω–∏–π —è —Å–≥–µ–Ω–µ—Ä–∏—Ä–æ
                                                  –≤–∞–ª –ø–æ 100 —Ä–µ–ø–ª–∏...

You may provide a definition with
\DeclareUnicodeCharacter 


! Package inputenc Error: Unicode character –≤ (U+0432)
(inputenc)                not set up for use with LaTeX.

See the inputenc package documentation for explanation.
Type  H <return>  for immediate help.
 ...                                              
                                                  
l.4 ...≤—ã—á–∏—Å–ª–µ–Ω–∏–π —è —Å–≥–µ–Ω–µ—Ä–∏—Ä–æ–≤
                                                  –∞–ª –ø–æ 100 —Ä–µ–ø–ª–∏–∫...

You may provide a definition with
\DeclareUnicodeCharacter 


! Package inputenc Error: Unicode character –∞ (U+0430)
(inputenc)                not set up for use with LaTeX.

See the inputenc package documentation for explanation.
Type  H <return>  for immediate help.
 ...                                              
                                                  
l.4 ...ã—á–∏—Å–ª–µ–Ω–∏–π —è —Å–≥–µ–Ω–µ—Ä–∏—Ä–æ–≤–∞
                                                  –ª –ø–æ 100 —Ä–µ–ø–ª–∏–∫ –...

You may provide a definition with
\DeclareUnicodeCharacter 


! Package inputenc Error: Unicode character –ª (U+043B)
(inputenc)                not set up for use with LaTeX.

See the inputenc package documentation for explanation.
Type  H <return>  for immediate help.
 ...                                              
                                                  
l.4 ...á–∏—Å–ª–µ–Ω–∏–π —è —Å–≥–µ–Ω–µ—Ä–∏—Ä–æ–≤–∞–ª
                                                   –ø–æ 100 —Ä–µ–ø–ª–∏–∫ –¥–...

You may provide a definition with
\DeclareUnicodeCharacter 


! Package inputenc Error: Unicode character –ø (U+043F)
(inputenc)                not set up for use with LaTeX.

See the inputenc package documentation for explanation.
Type  H <return>  for immediate help.
 ...                                              
                                                  
l.4 ...—Å–ª–µ–Ω–∏–π —è —Å–≥–µ–Ω–µ—Ä–∏—Ä–æ–≤–∞–ª –ø
                                                  –æ 100 —Ä–µ–ø–ª–∏–∫ –¥–ª–∏...

You may provide a definition with
\DeclareUnicodeCharacter 


! Package inputenc Error: Unicode character –æ (U+043E)
(inputenc)                not set up for use with LaTeX.

See the inputenc package documentation for explanation.
Type  H <return>  for immediate help.
 ...                                              
                                                  
l.4 ...–ª–µ–Ω–∏–π —è —Å–≥–µ–Ω–µ—Ä–∏—Ä–æ–≤–∞–ª –ø–æ
                                                   100 —Ä–µ–ø–ª–∏–∫ –¥–ª–∏–Ω...

You may provide a definition with
\DeclareUnicodeCharacter 

Missing character: There is no 1 in font nullfont!
Missing character: There is no 0 in font nullfont!
Missing character: There is no 0 in font nullfont!

! Package inputenc Error: Unicode character —Ä (U+0440)
(inputenc)                not set up for use with LaTeX.

See the inputenc package documentation for explanation.
Type  H <return>  for immediate help.
 ...                                              
                                                  
l.4 ...∏–π —è —Å–≥–µ–Ω–µ—Ä–∏—Ä–æ–≤–∞–ª –ø–æ 100 —Ä
                                                  –µ–ø–ª–∏–∫ –¥–ª–∏–Ω—ã 250,...

You may provide a definition with
\DeclareUnicodeCharacter 


! Package inputenc Error: Unicode character –µ (U+0435)
(inputenc)                not set up for use with LaTeX.

See the inputenc package documentation for explanation.
Type  H <return>  for immediate help.
 ...                                              
                                                  
l.4 ...π —è —Å–≥–µ–Ω–µ—Ä–∏—Ä–æ–≤–∞–ª –ø–æ 100 —Ä–µ
                                                  –ø–ª–∏–∫ –¥–ª–∏–Ω—ã 250, 5...

You may provide a definition with
\DeclareUnicodeCharacter 


! Package inputenc Error: Unicode character –ø (U+043F)
(inputenc)                not set up for use with LaTeX.

See the inputenc package documentation for explanation.
Type  H <return>  for immediate help.
 ...                                              
                                                  
l.4 ...—è —Å–≥–µ–Ω–µ—Ä–∏—Ä–æ–≤–∞–ª –ø–æ 100 —Ä–µ–ø
                                                  –ª–∏–∫ –¥–ª–∏–Ω—ã 250, 500...

You may provide a definition with
\DeclareUnicodeCharacter 


! Package inputenc Error: Unicode character –ª (U+043B)
(inputenc)                not set up for use with LaTeX.

See the inputenc package documentation for explanation.
Type  H <return>  for immediate help.
 ...                                              
                                                  
l.4 ... —Å–≥–µ–Ω–µ—Ä–∏—Ä–æ–≤–∞–ª –ø–æ 100 —Ä–µ–ø–ª
                                                  –∏–∫ –¥–ª–∏–Ω—ã 250, 500, ...

You may provide a definition with
\DeclareUnicodeCharacter 


! Package inputenc Error: Unicode character –∏ (U+0438)
(inputenc)                not set up for use with LaTeX.

See the inputenc package documentation for explanation.
Type  H <return>  for immediate help.
 ...                                              
                                                  
l.4 ...Å–≥–µ–Ω–µ—Ä–∏—Ä–æ–≤–∞–ª –ø–æ 100 —Ä–µ–ø–ª–∏
                                                  –∫ –¥–ª–∏–Ω—ã 250, 500, 10...

You may provide a definition with
\DeclareUnicodeCharacter 


! Package inputenc Error: Unicode character –∫ (U+043A)
(inputenc)                not set up for use with LaTeX.

See the inputenc package documentation for explanation.
Type  H <return>  for immediate help.
 ...                                              
                                                  
l.4 ...≥–µ–Ω–µ—Ä–∏—Ä–æ–≤–∞–ª –ø–æ 100 —Ä–µ–ø–ª–∏–∫
                                                   –¥–ª–∏–Ω—ã 250, 500, 1000...

You may provide a definition with
\DeclareUnicodeCharacter 


! Package inputenc Error: Unicode character –¥ (U+0434)
(inputenc)                not set up for use with LaTeX.

See the inputenc package documentation for explanation.
Type  H <return>  for immediate help.
 ...                                              
                                                  
l.4 ...–Ω–µ—Ä–∏—Ä–æ–≤–∞–ª –ø–æ 100 —Ä–µ–ø–ª–∏–∫ –¥
                                                  –ª–∏–Ω—ã 250, 500, 1000, 2...

You may provide a definition with
\DeclareUnicodeCharacter 


! Package inputenc Error: Unicode character –ª (U+043B)
(inputenc)                not set up for use with LaTeX.

See the inputenc package documentation for explanation.
Type  H <return>  for immediate help.
 ...                                              
                                                  
l.4 ...–µ—Ä–∏—Ä–æ–≤–∞–ª –ø–æ 100 —Ä–µ–ø–ª–∏–∫ –¥–ª
                                                  –∏–Ω—ã 250, 500, 1000, 2000.
You may provide a definition with
\DeclareUnicodeCharacter 


! Package inputenc Error: Unicode character –∏ (U+0438)
(inputenc)                not set up for use with LaTeX.

See the inputenc package documentation for explanation.
Type  H <return>  for immediate help.
 ...                                              
                                                  
l.4 ...—Ä–∏—Ä–æ–≤–∞–ª –ø–æ 100 —Ä–µ–ø–ª–∏–∫ –¥–ª–∏
                                                  –Ω—ã 250, 500, 1000, 2000.
You may provide a definition with
\DeclareUnicodeCharacter 


! Package inputenc Error: Unicode character –Ω (U+043D)
(inputenc)                not set up for use with LaTeX.

See the inputenc package documentation for explanation.
Type  H <return>  for immediate help.
 ...                                              
                                                  
l.4 ...–∏—Ä–æ–≤–∞–ª –ø–æ 100 —Ä–µ–ø–ª–∏–∫ –¥–ª–∏–Ω
                                                  —ã 250, 500, 1000, 2000.
You may provide a definition with
\DeclareUnicodeCharacter 


! Package inputenc Error: Unicode character —ã (U+044B)
(inputenc)                not set up for use with LaTeX.

See the inputenc package documentation for explanation.
Type  H <return>  for immediate help.
 ...                                              
                                                  
l.4 ...—Ä–æ–≤–∞–ª –ø–æ 100 —Ä–µ–ø–ª–∏–∫ –¥–ª–∏–Ω—ã
                                                   250, 500, 1000, 2000.
You may provide a definition with
\DeclareUnicodeCharacter 

Missing character: There is no 2 in font nullfont!
Missing character: There is no 5 in font nullfont!
Missing character: There is no 0 in font nullfont!
Missing character: There is no , in font nullfont!
Missing character: There is no 5 in font nullfont!
Missing character: There is no 0 in font nullfont!
Missing character: There is no 0 in font nullfont!
Missing character: There is no , in font nullfont!
Missing character: There is no 1 in font nullfont!
Missing character: There is no 0 in font nullfont!
Missing character: There is no 0 in font nullfont!
Missing character: There is no 0 in font nullfont!
Missing character: There is no , in font nullfont!
Missing character: There is no 2 in font nullfont!
Missing character: There is no 0 in font nullfont!
Missing character: There is no 0 in font nullfont!
Missing character: There is no 0 in font nullfont!
Missing character: There is no . in font nullfont!

! Package inputenc Error: Unicode character –û (U+041E)
(inputenc)                not set up for use with LaTeX.

See the inputenc package documentation for explanation.
Type  H <return>  for immediate help.
 ...                                              
                                                  
l.5 –û
      –∫–∞–∑–∞–ª–æ—Å—å —á—Ç–æ –¥–æ—Å—Ç–∞—Ç–æ—á–Ω–æ –±–æ–ª—å—à–∞—è —á–∞—Å—Ç—å...

You may provide a definition with
\DeclareUnicodeCharacter 


! Package inputenc Error: Unicode character –∫ (U+043A)
(inputenc)                not set up for use with LaTeX.

See the inputenc package documentation for explanation.
Type  H <return>  for immediate help.
 ...                                              
                                                  
l.5 –û–∫
        –∞–∑–∞–ª–æ—Å—å —á—Ç–æ –¥–æ—Å—Ç–∞—Ç–æ—á–Ω–æ –±–æ–ª—å—à–∞—è —á–∞—Å—Ç—å...

You may provide a definition with
\DeclareUnicodeCharacter 


! Package inputenc Error: Unicode character –∞ (U+0430)
(inputenc)                not set up for use with LaTeX.

See the inputenc package documentation for explanation.
Type  H <return>  for immediate help.
 ...                                              
                                                  
l.5 –û–∫–∞
          –∑–∞–ª–æ—Å—å —á—Ç–æ –¥–æ—Å—Ç–∞—Ç–æ—á–Ω–æ –±–æ–ª—å—à–∞—è —á–∞—Å—Ç—å...

You may provide a definition with
\DeclareUnicodeCharacter 


! Package inputenc Error: Unicode character –∑ (U+0437)
(inputenc)                not set up for use with LaTeX.

See the inputenc package documentation for explanation.
Type  H <return>  for immediate help.
 ...                                              
                                                  
l.5 –û–∫–∞–∑
            –∞–ª–æ—Å—å —á—Ç–æ –¥–æ—Å—Ç–∞—Ç–æ—á–Ω–æ –±–æ–ª—å—à–∞—è —á–∞—Å—Ç—å...

You may provide a definition with
\DeclareUnicodeCharacter 


! Package inputenc Error: Unicode character –∞ (U+0430)
(inputenc)                not set up for use with LaTeX.

See the inputenc package documentation for explanation.
Type  H <return>  for immediate help.
 ...                                              
                                                  
l.5 –û–∫–∞–∑–∞
              –ª–æ—Å—å —á—Ç–æ –¥–æ—Å—Ç–∞—Ç–æ—á–Ω–æ –±–æ–ª—å—à–∞—è —á–∞—Å—Ç—å...

You may provide a definition with
\DeclareUnicodeCharacter 


! Package inputenc Error: Unicode character –ª (U+043B)
(inputenc)                not set up for use with LaTeX.

See the inputenc package documentation for explanation.
Type  H <return>  for immediate help.
 ...                                              
                                                  
l.5 –û–∫–∞–∑–∞–ª
                –æ—Å—å —á—Ç–æ –¥–æ—Å—Ç–∞—Ç–æ—á–Ω–æ –±–æ–ª—å—à–∞—è —á–∞—Å—Ç—å...

You may provide a definition with
\DeclareUnicodeCharacter 


! Package inputenc Error: Unicode character –æ (U+043E)
(inputenc)                not set up for use with LaTeX.

See the inputenc package documentation for explanation.
Type  H <return>  for immediate help.
 ...                                              
                                                  
l.5 –û–∫–∞–∑–∞–ª–æ
                  —Å—å —á—Ç–æ –¥–æ—Å—Ç–∞—Ç–æ—á–Ω–æ –±–æ–ª—å—à–∞—è —á–∞—Å—Ç—å...

You may provide a definition with
\DeclareUnicodeCharacter 


! Package inputenc Error: Unicode character —Å (U+0441)
(inputenc)                not set up for use with LaTeX.

See the inputenc package documentation for explanation.
Type  H <return>  for immediate help.
 ...                                              
                                                  
l.5 –û–∫–∞–∑–∞–ª–æ—Å
                    —å —á—Ç–æ –¥–æ—Å—Ç–∞—Ç–æ—á–Ω–æ –±–æ–ª—å—à–∞—è —á–∞—Å—Ç—å...

You may provide a definition with
\DeclareUnicodeCharacter 


! Package inputenc Error: Unicode character —å (U+044C)
(inputenc)                not set up for use with LaTeX.

See the inputenc package documentation for explanation.
Type  H <return>  for immediate help.
 ...                                              
                                                  
l.5 –û–∫–∞–∑–∞–ª–æ—Å—å
                       —á—Ç–æ –¥–æ—Å—Ç–∞—Ç–æ—á–Ω–æ –±–æ–ª—å—à–∞—è —á–∞—Å—Ç—å...

You may provide a definition with
\DeclareUnicodeCharacter 


! Package inputenc Error: Unicode character —á (U+0447)
(inputenc)                not set up for use with LaTeX.

See the inputenc package documentation for explanation.
Type  H <return>  for immediate help.
 ...                                              
                                                  
l.5 –û–∫–∞–∑–∞–ª–æ—Å—å —á
                         —Ç–æ –¥–æ—Å—Ç–∞—Ç–æ—á–Ω–æ –±–æ–ª—å—à–∞—è —á–∞—Å—Ç—å...

You may provide a definition with
\DeclareUnicodeCharacter 


! Package inputenc Error: Unicode character —Ç (U+0442)
(inputenc)                not set up for use with LaTeX.

See the inputenc package documentation for explanation.
Type  H <return>  for immediate help.
 ...                                              
                                                  
l.5 –û–∫–∞–∑–∞–ª–æ—Å—å —á—Ç
                           –æ –¥–æ—Å—Ç–∞—Ç–æ—á–Ω–æ –±–æ–ª—å—à–∞—è —á–∞—Å—Ç—å...

You may provide a definition with
\DeclareUnicodeCharacter 


! Package inputenc Error: Unicode character –æ (U+043E)
(inputenc)                not set up for use with LaTeX.

See the inputenc package documentation for explanation.
Type  H <return>  for immediate help.
 ...                                              
                                                  
l.5 –û–∫–∞–∑–∞–ª–æ—Å—å —á—Ç–æ
                              –¥–æ—Å—Ç–∞—Ç–æ—á–Ω–æ –±–æ–ª—å—à–∞—è —á–∞—Å—Ç—å...

You may provide a definition with
\DeclareUnicodeCharacter 


! Package inputenc Error: Unicode character –¥ (U+0434)
(inputenc)                not set up for use with LaTeX.

See the inputenc package documentation for explanation.
Type  H <return>  for immediate help.
 ...                                              
                                                  
l.5 –û–∫–∞–∑–∞–ª–æ—Å—å —á—Ç–æ –¥
                                –æ—Å—Ç–∞—Ç–æ—á–Ω–æ –±–æ–ª—å—à–∞—è —á–∞—Å—Ç—å...

You may provide a definition with
\DeclareUnicodeCharacter 


! Package inputenc Error: Unicode character –æ (U+043E)
(inputenc)                not set up for use with LaTeX.

See the inputenc package documentation for explanation.
Type  H <return>  for immediate help.
 ...                                              
                                                  
l.5 –û–∫–∞–∑–∞–ª–æ—Å—å —á—Ç–æ –¥–æ
                                  —Å—Ç–∞—Ç–æ—á–Ω–æ –±–æ–ª—å—à–∞—è —á–∞—Å—Ç—å...

You may provide a definition with
\DeclareUnicodeCharacter 


! Package inputenc Error: Unicode character —Å (U+0441)
(inputenc)                not set up for use with LaTeX.

See the inputenc package documentation for explanation.
Type  H <return>  for immediate help.
 ...                                              
                                                  
l.5 –û–∫–∞–∑–∞–ª–æ—Å—å —á—Ç–æ –¥–æ—Å
                                    —Ç–∞—Ç–æ—á–Ω–æ –±–æ–ª—å—à–∞—è —á–∞—Å—Ç—å...

You may provide a definition with
\DeclareUnicodeCharacter 


! Package inputenc Error: Unicode character —Ç (U+0442)
(inputenc)                not set up for use with LaTeX.

See the inputenc package documentation for explanation.
Type  H <return>  for immediate help.
 ...                                              
                                                  
l.5 –û–∫–∞–∑–∞–ª–æ—Å—å —á—Ç–æ –¥–æ—Å—Ç
                                      –∞—Ç–æ—á–Ω–æ –±–æ–ª—å—à–∞—è —á–∞—Å—Ç—å...

You may provide a definition with
\DeclareUnicodeCharacter 


! Package inputenc Error: Unicode character –∞ (U+0430)
(inputenc)                not set up for use with LaTeX.

See the inputenc package documentation for explanation.
Type  H <return>  for immediate help.
 ...                                              
                                                  
l.5 –û–∫–∞–∑–∞–ª–æ—Å—å —á—Ç–æ –¥–æ—Å—Ç–∞
                                        —Ç–æ—á–Ω–æ –±–æ–ª—å—à–∞—è —á–∞—Å—Ç—å...

You may provide a definition with
\DeclareUnicodeCharacter 


! Package inputenc Error: Unicode character —Ç (U+0442)
(inputenc)                not set up for use with LaTeX.

See the inputenc package documentation for explanation.
Type  H <return>  for immediate help.
 ...                                              
                                                  
l.5 –û–∫–∞–∑–∞–ª–æ—Å—å —á—Ç–æ –¥–æ—Å—Ç–∞—Ç
                                          –æ—á–Ω–æ –±–æ–ª—å—à–∞—è —á–∞—Å—Ç—å...

You may provide a definition with
\DeclareUnicodeCharacter 


! Package inputenc Error: Unicode character –æ (U+043E)
(inputenc)                not set up for use with LaTeX.

See the inputenc package documentation for explanation.
Type  H <return>  for immediate help.
 ...                                              
                                                  
l.5 –û–∫–∞–∑–∞–ª–æ—Å—å —á—Ç–æ –¥–æ—Å—Ç–∞—Ç–æ
                                            —á–Ω–æ –±–æ–ª—å—à–∞—è —á–∞—Å—Ç—å...

You may provide a definition with
\DeclareUnicodeCharacter 


! Package inputenc Error: Unicode character —á (U+0447)
(inputenc)                not set up for use with LaTeX.

See the inputenc package documentation for explanation.
Type  H <return>  for immediate help.
 ...                                              
                                                  
l.5 –û–∫–∞–∑–∞–ª–æ—Å—å —á—Ç–æ –¥–æ—Å—Ç–∞—Ç–æ—á
                                              –Ω–æ –±–æ–ª—å—à–∞—è —á–∞—Å—Ç—å...

You may provide a definition with
\DeclareUnicodeCharacter 


! Package inputenc Error: Unicode character –Ω (U+043D)
(inputenc)                not set up for use with LaTeX.

See the inputenc package documentation for explanation.
Type  H <return>  for immediate help.
 ...                                              
                                                  
l.5 –û–∫–∞–∑–∞–ª–æ—Å—å —á—Ç–æ –¥–æ—Å—Ç–∞—Ç–æ—á–Ω
                                                –æ –±–æ–ª—å—à–∞—è —á–∞—Å—Ç—å...

You may provide a definition with
\DeclareUnicodeCharacter 


! Package inputenc Error: Unicode character –æ (U+043E)
(inputenc)                not set up for use with LaTeX.

See the inputenc package documentation for explanation.
Type  H <return>  for immediate help.
 ...                                              
                                                  
l.5 –û–∫–∞–∑–∞–ª–æ—Å—å —á—Ç–æ –¥–æ—Å—Ç–∞—Ç–æ—á–Ω–æ
                                                   –±–æ–ª—å—à–∞—è —á–∞—Å—Ç—å...

You may provide a definition with
\DeclareUnicodeCharacter 


! Package inputenc Error: Unicode character –± (U+0431)
(inputenc)                not set up for use with LaTeX.

See the inputenc package documentation for explanation.
Type  H <return>  for immediate help.
 ...                                              
                                                  
l.5 ...–∑–∞–ª–æ—Å—å —á—Ç–æ –¥–æ—Å—Ç–∞—Ç–æ—á–Ω–æ –±
                                                  –æ–ª—å—à–∞—è —á–∞—Å—Ç—å —ç...

You may provide a definition with
\DeclareUnicodeCharacter 


! Package inputenc Error: Unicode character –æ (U+043E)
(inputenc)                not set up for use with LaTeX.

See the inputenc package documentation for explanation.
Type  H <return>  for immediate help.
 ...                                              
                                                  
l.5 ...–∞–ª–æ—Å—å —á—Ç–æ –¥–æ—Å—Ç–∞—Ç–æ—á–Ω–æ –±–æ
                                                  –ª—å—à–∞—è —á–∞—Å—Ç—å —ç—Ç...

You may provide a definition with
\DeclareUnicodeCharacter 


! Package inputenc Error: Unicode character –ª (U+043B)
(inputenc)                not set up for use with LaTeX.

See the inputenc package documentation for explanation.
Type  H <return>  for immediate help.
 ...                                              
                                                  
l.5 ...–ª–æ—Å—å —á—Ç–æ –¥–æ—Å—Ç–∞—Ç–æ—á–Ω–æ –±–æ–ª
                                                  —å—à–∞—è —á–∞—Å—Ç—å —ç—Ç–∏...

You may provide a definition with
\DeclareUnicodeCharacter 


! Package inputenc Error: Unicode character —å (U+044C)
(inputenc)                not set up for use with LaTeX.

See the inputenc package documentation for explanation.
Type  H <return>  for immediate help.
 ...                                              
                                                  
l.5 ...–æ—Å—å —á—Ç–æ –¥–æ—Å—Ç–∞—Ç–æ—á–Ω–æ –±–æ–ª—å
                                                  —à–∞—è —á–∞—Å—Ç—å —ç—Ç–∏—Ö...

You may provide a definition with
\DeclareUnicodeCharacter 


! Package inputenc Error: Unicode character —à (U+0448)
(inputenc)                not set up for use with LaTeX.

See the inputenc package documentation for explanation.
Type  H <return>  for immediate help.
 ...                                              
                                                  
l.5 ...—Å—å —á—Ç–æ –¥–æ—Å—Ç–∞—Ç–æ—á–Ω–æ –±–æ–ª—å—à
                                                  –∞—è —á–∞—Å—Ç—å —ç—Ç–∏—Ö –...

You may provide a definition with
\DeclareUnicodeCharacter 


! Package inputenc Error: Unicode character –∞ (U+0430)
(inputenc)                not set up for use with LaTeX.

See the inputenc package documentation for explanation.
Type  H <return>  for immediate help.
 ...                                              
                                                  
l.5 ...—å —á—Ç–æ –¥–æ—Å—Ç–∞—Ç–æ—á–Ω–æ –±–æ–ª—å—à–∞
                                                  —è —á–∞—Å—Ç—å —ç—Ç–∏—Ö –∫–...

You may provide a definition with
\DeclareUnicodeCharacter 


! Package inputenc Error: Unicode character —è (U+044F)
(inputenc)                not set up for use with LaTeX.

See the inputenc package documentation for explanation.
Type  H <return>  for immediate help.
 ...                                              
                                                  
l.5 ... —á—Ç–æ –¥–æ—Å—Ç–∞—Ç–æ—á–Ω–æ –±–æ–ª—å—à–∞—è
                                                   —á–∞—Å—Ç—å —ç—Ç–∏—Ö –∫–æ–...

You may provide a definition with
\DeclareUnicodeCharacter 


! Package inputenc Error: Unicode character —á (U+0447)
(inputenc)                not set up for use with LaTeX.

See the inputenc package documentation for explanation.
Type  H <return>  for immediate help.
 ...                                              
                                                  
l.5 ...—Ç–æ –¥–æ—Å—Ç–∞—Ç–æ—á–Ω–æ –±–æ–ª—å—à–∞—è —á
                                                  –∞—Å—Ç—å —ç—Ç–∏—Ö –∫–æ–Ω—Ñ...

You may provide a definition with
\DeclareUnicodeCharacter 


! Package inputenc Error: Unicode character –∞ (U+0430)
(inputenc)                not set up for use with LaTeX.

See the inputenc package documentation for explanation.
Type  H <return>  for immediate help.
 ...                                              
                                                  
l.5 ...–æ –¥–æ—Å—Ç–∞—Ç–æ—á–Ω–æ –±–æ–ª—å—à–∞—è —á–∞
                                                  —Å—Ç—å —ç—Ç–∏—Ö –∫–æ–Ω—Ñ–æ...

You may provide a definition with
\DeclareUnicodeCharacter 


! Package inputenc Error: Unicode character —Å (U+0441)
(inputenc)                not set up for use with LaTeX.

See the inputenc package documentation for explanation.
Type  H <return>  for immediate help.
 ...                                              
                                                  
l.5 ... –¥–æ—Å—Ç–∞—Ç–æ—á–Ω–æ –±–æ–ª—å—à–∞—è —á–∞—Å
                                                  —Ç—å —ç—Ç–∏—Ö –∫–æ–Ω—Ñ–æ—Ä...

You may provide a definition with
\DeclareUnicodeCharacter 


! Package inputenc Error: Unicode character —Ç (U+0442)
(inputenc)                not set up for use with LaTeX.

See the inputenc package documentation for explanation.
Type  H <return>  for immediate help.
 ...                                              
                                                  
l.5 ...¥–æ—Å—Ç–∞—Ç–æ—á–Ω–æ –±–æ–ª—å—à–∞—è —á–∞—Å—Ç
                                                  —å —ç—Ç–∏—Ö –∫–æ–Ω—Ñ–æ—Ä–º...

You may provide a definition with
\DeclareUnicodeCharacter 


! Package inputenc Error: Unicode character —å (U+044C)
(inputenc)                not set up for use with LaTeX.

See the inputenc package documentation for explanation.
Type  H <return>  for immediate help.
 ...                                              
                                                  
l.5 ...æ—Å—Ç–∞—Ç–æ—á–Ω–æ –±–æ–ª—å—à–∞—è —á–∞—Å—Ç—å
                                                   —ç—Ç–∏—Ö –∫–æ–Ω—Ñ–æ—Ä–º–∞...

You may provide a definition with
\DeclareUnicodeCharacter 


! Package inputenc Error: Unicode character —ç (U+044D)
(inputenc)                not set up for use with LaTeX.

See the inputenc package documentation for explanation.
Type  H <return>  for immediate help.
 ...                                              
                                                  
l.5 ...—Ç–∞—Ç–æ—á–Ω–æ –±–æ–ª—å—à–∞—è —á–∞—Å—Ç—å —ç
                                                  —Ç–∏—Ö –∫–æ–Ω—Ñ–æ—Ä–º–∞—Ü–...

You may provide a definition with
\DeclareUnicodeCharacter 


! Package inputenc Error: Unicode character —Ç (U+0442)
(inputenc)                not set up for use with LaTeX.

See the inputenc package documentation for explanation.
Type  H <return>  for immediate help.
 ...                                              
                                                  
l.5 ...–∞—Ç–æ—á–Ω–æ –±–æ–ª—å—à–∞—è —á–∞—Å—Ç—å —ç—Ç
                                                  –∏—Ö –∫–æ–Ω—Ñ–æ—Ä–º–∞—Ü–∏–...

You may provide a definition with
\DeclareUnicodeCharacter 


! Package inputenc Error: Unicode character –∏ (U+0438)
(inputenc)                not set up for use with LaTeX.

See the inputenc package documentation for explanation.
Type  H <return>  for immediate help.
 ...                                              
                                                  
l.5 ...—Ç–æ—á–Ω–æ –±–æ–ª—å—à–∞—è —á–∞—Å—Ç—å —ç—Ç–∏
                                                  —Ö –∫–æ–Ω—Ñ–æ—Ä–º–∞—Ü–∏–π ...

You may provide a definition with
\DeclareUnicodeCharacter 


! Package inputenc Error: Unicode character —Ö (U+0445)
(inputenc)                not set up for use with LaTeX.

See the inputenc package documentation for explanation.
Type  H <return>  for immediate help.
 ...                                              
                                                  
l.5 ...–æ—á–Ω–æ –±–æ–ª—å—à–∞—è —á–∞—Å—Ç—å —ç—Ç–∏—Ö
                                                   –∫–æ–Ω—Ñ–æ—Ä–º–∞—Ü–∏–π –Ω...

You may provide a definition with
\DeclareUnicodeCharacter 


! Package inputenc Error: Unicode character –∫ (U+043A)
(inputenc)                not set up for use with LaTeX.

See the inputenc package documentation for explanation.
Type  H <return>  for immediate help.
 ...                                              
                                                  
l.5 ...á–Ω–æ –±–æ–ª—å—à–∞—è —á–∞—Å—Ç—å —ç—Ç–∏—Ö –∫
                                                  –æ–Ω—Ñ–æ—Ä–º–∞—Ü–∏–π –Ω–µ–...

You may provide a definition with
\DeclareUnicodeCharacter 


! Package inputenc Error: Unicode character –æ (U+043E)
(inputenc)                not set up for use with LaTeX.

See the inputenc package documentation for explanation.
Type  H <return>  for immediate help.
 ...                                              
                                                  
l.5 ...Ω–æ –±–æ–ª—å—à–∞—è —á–∞—Å—Ç—å —ç—Ç–∏—Ö –∫–æ
                                                  –Ω—Ñ–æ—Ä–º–∞—Ü–∏–π –Ω–µ–ø–...

You may provide a definition with
\DeclareUnicodeCharacter 


! Package inputenc Error: Unicode character –Ω (U+043D)
(inputenc)                not set up for use with LaTeX.

See the inputenc package documentation for explanation.
Type  H <return>  for immediate help.
 ...                                              
                                                  
l.5 ...æ –±–æ–ª—å—à–∞—è —á–∞—Å—Ç—å —ç—Ç–∏—Ö –∫–æ–Ω
                                                  —Ñ–æ—Ä–º–∞—Ü–∏–π –Ω–µ–ø–ª–...

You may provide a definition with
\DeclareUnicodeCharacter 


! Package inputenc Error: Unicode character —Ñ (U+0444)
(inputenc)                not set up for use with LaTeX.

See the inputenc package documentation for explanation.
Type  H <return>  for immediate help.
 ...                                              
                                                  
l.5 ...–±–æ–ª—å—à–∞—è —á–∞—Å—Ç—å —ç—Ç–∏—Ö –∫–æ–Ω—Ñ
                                                  –æ—Ä–º–∞—Ü–∏–π –Ω–µ–ø–ª–æ—...

You may provide a definition with
\DeclareUnicodeCharacter 


! Package inputenc Error: Unicode character –æ (U+043E)
(inputenc)                not set up for use with LaTeX.

See the inputenc package documentation for explanation.
Type  H <return>  for immediate help.
 ...                                              
                                                  
l.5 ...–æ–ª—å—à–∞—è —á–∞—Å—Ç—å —ç—Ç–∏—Ö –∫–æ–Ω—Ñ–æ
                                                  —Ä–º–∞—Ü–∏–π –Ω–µ–ø–ª–æ—Ç–...

You may provide a definition with
\DeclareUnicodeCharacter 


! Package inputenc Error: Unicode character —Ä (U+0440)
(inputenc)                not set up for use with LaTeX.

See the inputenc package documentation for explanation.
Type  H <return>  for immediate help.
 ...                                              
                                                  
l.5 ...–ª—å—à–∞—è —á–∞—Å—Ç—å —ç—Ç–∏—Ö –∫–æ–Ω—Ñ–æ—Ä
                                                  –º–∞—Ü–∏–π –Ω–µ–ø–ª–æ—Ç–Ω—...

You may provide a definition with
\DeclareUnicodeCharacter 


! Package inputenc Error: Unicode character –º (U+043C)
(inputenc)                not set up for use with LaTeX.

See the inputenc package documentation for explanation.
Type  H <return>  for immediate help.
 ...                                              
                                                  
l.5 ...—å—à–∞—è —á–∞—Å—Ç—å —ç—Ç–∏—Ö –∫–æ–Ω—Ñ–æ—Ä–º
                                                  –∞—Ü–∏–π –Ω–µ–ø–ª–æ—Ç–Ω—ã–...

You may provide a definition with
\DeclareUnicodeCharacter 


! Package inputenc Error: Unicode character –∞ (U+0430)
(inputenc)                not set up for use with LaTeX.

See the inputenc package documentation for explanation.
Type  H <return>  for immediate help.
 ...                                              
                                                  
l.5 ...—à–∞—è —á–∞—Å—Ç—å —ç—Ç–∏—Ö –∫–æ–Ω—Ñ–æ—Ä–º–∞
                                                  —Ü–∏–π –Ω–µ–ø–ª–æ—Ç–Ω—ã–µ,...

You may provide a definition with
\DeclareUnicodeCharacter 


! Package inputenc Error: Unicode character —Ü (U+0446)
(inputenc)                not set up for use with LaTeX.

See the inputenc package documentation for explanation.
Type  H <return>  for immediate help.
 ...                                              
                                                  
l.5 ...–∞—è —á–∞—Å—Ç—å —ç—Ç–∏—Ö –∫–æ–Ω—Ñ–æ—Ä–º–∞—Ü
                                                  –∏–π –Ω–µ–ø–ª–æ—Ç–Ω—ã–µ, —...

You may provide a definition with
\DeclareUnicodeCharacter 


! Package inputenc Error: Unicode character –∏ (U+0438)
(inputenc)                not set up for use with LaTeX.

See the inputenc package documentation for explanation.
Type  H <return>  for immediate help.
 ...                                              
                                                  
l.5 ...—è —á–∞—Å—Ç—å —ç—Ç–∏—Ö –∫–æ–Ω—Ñ–æ—Ä–º–∞—Ü–∏
                                                  –π –Ω–µ–ø–ª–æ—Ç–Ω—ã–µ, —Ç–...

You may provide a definition with
\DeclareUnicodeCharacter 


! Package inputenc Error: Unicode character –π (U+0439)
(inputenc)                not set up for use with LaTeX.

See the inputenc package documentation for explanation.
Type  H <return>  for immediate help.
 ...                                              
                                                  
l.5 ... —á–∞—Å—Ç—å —ç—Ç–∏—Ö –∫–æ–Ω—Ñ–æ—Ä–º–∞—Ü–∏–π
                                                   –Ω–µ–ø–ª–æ—Ç–Ω—ã–µ, —Ç–æ ...

You may provide a definition with
\DeclareUnicodeCharacter 


! Package inputenc Error: Unicode character –Ω (U+043D)
(inputenc)                not set up for use with LaTeX.

See the inputenc package documentation for explanation.
Type  H <return>  for immediate help.
 ...                                              
                                                  
l.5 ...–∞—Å—Ç—å —ç—Ç–∏—Ö –∫–æ–Ω—Ñ–æ—Ä–º–∞—Ü–∏–π –Ω
                                                  –µ–ø–ª–æ—Ç–Ω—ã–µ, —Ç–æ –µ—...

You may provide a definition with
\DeclareUnicodeCharacter 


! Package inputenc Error: Unicode character –µ (U+0435)
(inputenc)                not set up for use with LaTeX.

See the inputenc package documentation for explanation.
Type  H <return>  for immediate help.
 ...                                              
                                                  
l.5 ...—Å—Ç—å —ç—Ç–∏—Ö –∫–æ–Ω—Ñ–æ—Ä–º–∞—Ü–∏–π –Ω–µ
                                                  –ø–ª–æ—Ç–Ω—ã–µ, —Ç–æ –µ—Å—...

You may provide a definition with
\DeclareUnicodeCharacter 


! Package inputenc Error: Unicode character –ø (U+043F)
(inputenc)                not set up for use with LaTeX.

See the inputenc package documentation for explanation.
Type  H <return>  for immediate help.
 ...                                              
                                                  
l.5 ...—Ç—å —ç—Ç–∏—Ö –∫–æ–Ω—Ñ–æ—Ä–º–∞—Ü–∏–π –Ω–µ–ø
                                                  –ª–æ—Ç–Ω—ã–µ, —Ç–æ –µ—Å—Ç—...
(That makes 100 errors; please try again.) 
Here is how much of TeX's memory you used:
 51 strings out of 479799
 984 string characters out of 2879583
 264509 words of memory out of 3000000
 17142 multiletter control sequences out of 15000+200000
 535088 words of font info for 29 fonts, out of 3000000 for 9000
 1141 hyphenation exceptions out of 8191
 18i,1n,15p,456b,58s stack positions out of 5000i,500n,10000p,200000b,50000s

!  ==> Fatal error occurred, no output PDF file produced!
