This is pdfTeX, Version 3.14159265-2.6-1.40.21 (MiKTeX 20.11) (preloaded format=pdflatex 2020.11.27)  20 APR 2021 22:20
entering extended mode
**./Results.tex
(Results.tex
LaTeX2e <2020-10-01> patch level 2
L3 programming layer <2020-10-27> xparse <2020-03-03>
! Undefined control sequence.
l.1 \section
            {–¢–µ–∫—É—â–∏–µ —Ä–µ–∑—É–ª—å—Ç–∞—Ç—ã –∑–∞–º–µ—Ä–æ–≤}
The control sequence at the end of the top line
of your error message was never \def'ed. If you have
misspelled it (e.g., `\hobx'), type `I' and the correct
spelling (e.g., `I\hbox'). Otherwise just continue,
and I'll forget about whatever was undefined.


! Package inputenc Error: Unicode character –¢ (U+0422)
(inputenc)                not set up for use with LaTeX.

See the inputenc package documentation for explanation.
Type  H <return>  for immediate help.
 ...                                              
                                                  
l.1 \section{–¢
               –µ–∫—É—â–∏–µ —Ä–µ–∑—É–ª—å—Ç–∞—Ç—ã –∑–∞–º–µ—Ä–æ–≤}
You may provide a definition with
\DeclareUnicodeCharacter 


! Package inputenc Error: Unicode character –µ (U+0435)
(inputenc)                not set up for use with LaTeX.

See the inputenc package documentation for explanation.
Type  H <return>  for immediate help.
 ...                                              
                                                  
l.1 \section{–¢–µ
                 –∫—É—â–∏–µ —Ä–µ–∑—É–ª—å—Ç–∞—Ç—ã –∑–∞–º–µ—Ä–æ–≤}
You may provide a definition with
\DeclareUnicodeCharacter 


! Package inputenc Error: Unicode character –∫ (U+043A)
(inputenc)                not set up for use with LaTeX.

See the inputenc package documentation for explanation.
Type  H <return>  for immediate help.
 ...                                              
                                                  
l.1 \section{–¢–µ–∫
                   —É—â–∏–µ —Ä–µ–∑—É–ª—å—Ç–∞—Ç—ã –∑–∞–º–µ—Ä–æ–≤}
You may provide a definition with
\DeclareUnicodeCharacter 


! Package inputenc Error: Unicode character —É (U+0443)
(inputenc)                not set up for use with LaTeX.

See the inputenc package documentation for explanation.
Type  H <return>  for immediate help.
 ...                                              
                                                  
l.1 \section{–¢–µ–∫—É
                     —â–∏–µ —Ä–µ–∑—É–ª—å—Ç–∞—Ç—ã –∑–∞–º–µ—Ä–æ–≤}
You may provide a definition with
\DeclareUnicodeCharacter 


! Package inputenc Error: Unicode character —â (U+0449)
(inputenc)                not set up for use with LaTeX.

See the inputenc package documentation for explanation.
Type  H <return>  for immediate help.
 ...                                              
                                                  
l.1 \section{–¢–µ–∫—É—â
                       –∏–µ —Ä–µ–∑—É–ª—å—Ç–∞—Ç—ã –∑–∞–º–µ—Ä–æ–≤}
You may provide a definition with
\DeclareUnicodeCharacter 


! Package inputenc Error: Unicode character –∏ (U+0438)
(inputenc)                not set up for use with LaTeX.

See the inputenc package documentation for explanation.
Type  H <return>  for immediate help.
 ...                                              
                                                  
l.1 \section{–¢–µ–∫—É—â–∏
                         –µ —Ä–µ–∑—É–ª—å—Ç–∞—Ç—ã –∑–∞–º–µ—Ä–æ–≤}
You may provide a definition with
\DeclareUnicodeCharacter 


! Package inputenc Error: Unicode character –µ (U+0435)
(inputenc)                not set up for use with LaTeX.

See the inputenc package documentation for explanation.
Type  H <return>  for immediate help.
 ...                                              
                                                  
l.1 \section{–¢–µ–∫—É—â–∏–µ
                            —Ä–µ–∑—É–ª—å—Ç–∞—Ç—ã –∑–∞–º–µ—Ä–æ–≤}
You may provide a definition with
\DeclareUnicodeCharacter 


! Package inputenc Error: Unicode character —Ä (U+0440)
(inputenc)                not set up for use with LaTeX.

See the inputenc package documentation for explanation.
Type  H <return>  for immediate help.
 ...                                              
                                                  
l.1 \section{–¢–µ–∫—É—â–∏–µ —Ä
                              –µ–∑—É–ª—å—Ç–∞—Ç—ã –∑–∞–º–µ—Ä–æ–≤}
You may provide a definition with
\DeclareUnicodeCharacter 


! Package inputenc Error: Unicode character –µ (U+0435)
(inputenc)                not set up for use with LaTeX.

See the inputenc package documentation for explanation.
Type  H <return>  for immediate help.
 ...                                              
                                                  
l.1 \section{–¢–µ–∫—É—â–∏–µ —Ä–µ
                                –∑—É–ª—å—Ç–∞—Ç—ã –∑–∞–º–µ—Ä–æ–≤}
You may provide a definition with
\DeclareUnicodeCharacter 


! Package inputenc Error: Unicode character –∑ (U+0437)
(inputenc)                not set up for use with LaTeX.

See the inputenc package documentation for explanation.
Type  H <return>  for immediate help.
 ...                                              
                                                  
l.1 \section{–¢–µ–∫—É—â–∏–µ —Ä–µ–∑
                                  —É–ª—å—Ç–∞—Ç—ã –∑–∞–º–µ—Ä–æ–≤}
You may provide a definition with
\DeclareUnicodeCharacter 


! Package inputenc Error: Unicode character —É (U+0443)
(inputenc)                not set up for use with LaTeX.

See the inputenc package documentation for explanation.
Type  H <return>  for immediate help.
 ...                                              
                                                  
l.1 \section{–¢–µ–∫—É—â–∏–µ —Ä–µ–∑—É
                                    –ª—å—Ç–∞—Ç—ã –∑–∞–º–µ—Ä–æ–≤}
You may provide a definition with
\DeclareUnicodeCharacter 


! Package inputenc Error: Unicode character –ª (U+043B)
(inputenc)                not set up for use with LaTeX.

See the inputenc package documentation for explanation.
Type  H <return>  for immediate help.
 ...                                              
                                                  
l.1 \section{–¢–µ–∫—É—â–∏–µ —Ä–µ–∑—É–ª
                                      —å—Ç–∞—Ç—ã –∑–∞–º–µ—Ä–æ–≤}
You may provide a definition with
\DeclareUnicodeCharacter 


! Package inputenc Error: Unicode character —å (U+044C)
(inputenc)                not set up for use with LaTeX.

See the inputenc package documentation for explanation.
Type  H <return>  for immediate help.
 ...                                              
                                                  
l.1 \section{–¢–µ–∫—É—â–∏–µ —Ä–µ–∑—É–ª—å
                                        —Ç–∞—Ç—ã –∑–∞–º–µ—Ä–æ–≤}
You may provide a definition with
\DeclareUnicodeCharacter 


! Package inputenc Error: Unicode character —Ç (U+0442)
(inputenc)                not set up for use with LaTeX.

See the inputenc package documentation for explanation.
Type  H <return>  for immediate help.
 ...                                              
                                                  
l.1 \section{–¢–µ–∫—É—â–∏–µ —Ä–µ–∑—É–ª—å—Ç
                                          –∞—Ç—ã –∑–∞–º–µ—Ä–æ–≤}
You may provide a definition with
\DeclareUnicodeCharacter 


! Package inputenc Error: Unicode character –∞ (U+0430)
(inputenc)                not set up for use with LaTeX.

See the inputenc package documentation for explanation.
Type  H <return>  for immediate help.
 ...                                              
                                                  
l.1 \section{–¢–µ–∫—É—â–∏–µ —Ä–µ–∑—É–ª—å—Ç–∞
                                            —Ç—ã –∑–∞–º–µ—Ä–æ–≤}
You may provide a definition with
\DeclareUnicodeCharacter 


! Package inputenc Error: Unicode character —Ç (U+0442)
(inputenc)                not set up for use with LaTeX.

See the inputenc package documentation for explanation.
Type  H <return>  for immediate help.
 ...                                              
                                                  
l.1 \section{–¢–µ–∫—É—â–∏–µ —Ä–µ–∑—É–ª—å—Ç–∞—Ç
                                              —ã –∑–∞–º–µ—Ä–æ–≤}
You may provide a definition with
\DeclareUnicodeCharacter 


! Package inputenc Error: Unicode character —ã (U+044B)
(inputenc)                not set up for use with LaTeX.

See the inputenc package documentation for explanation.
Type  H <return>  for immediate help.
 ...                                              
                                                  
l.1 \section{–¢–µ–∫—É—â–∏–µ —Ä–µ–∑—É–ª—å—Ç–∞—Ç—ã
                                                 –∑–∞–º–µ—Ä–æ–≤}
You may provide a definition with
\DeclareUnicodeCharacter 


! Package inputenc Error: Unicode character –∑ (U+0437)
(inputenc)                not set up for use with LaTeX.

See the inputenc package documentation for explanation.
Type  H <return>  for immediate help.
 ...                                              
                                                  
l.1 ...tion{–¢–µ–∫—É—â–∏–µ —Ä–µ–∑—É–ª—å—Ç–∞—Ç—ã –∑
                                                  –∞–º–µ—Ä–æ–≤}
You may provide a definition with
\DeclareUnicodeCharacter 


! Package inputenc Error: Unicode character –∞ (U+0430)
(inputenc)                not set up for use with LaTeX.

See the inputenc package documentation for explanation.
Type  H <return>  for immediate help.
 ...                                              
                                                  
l.1 ...on{–¢–µ–∫—É—â–∏–µ —Ä–µ–∑—É–ª—å—Ç–∞—Ç—ã –∑–∞
                                                  –º–µ—Ä–æ–≤}
You may provide a definition with
\DeclareUnicodeCharacter 


! Package inputenc Error: Unicode character –º (U+043C)
(inputenc)                not set up for use with LaTeX.

See the inputenc package documentation for explanation.
Type  H <return>  for immediate help.
 ...                                              
                                                  
l.1 ...{–¢–µ–∫—É—â–∏–µ —Ä–µ–∑—É–ª—å—Ç–∞—Ç—ã –∑–∞–º
                                                  –µ—Ä–æ–≤}
You may provide a definition with
\DeclareUnicodeCharacter 


! Package inputenc Error: Unicode character –µ (U+0435)
(inputenc)                not set up for use with LaTeX.

See the inputenc package documentation for explanation.
Type  H <return>  for immediate help.
 ...                                              
                                                  
l.1 ...¢–µ–∫—É—â–∏–µ —Ä–µ–∑—É–ª—å—Ç–∞—Ç—ã –∑–∞–º–µ
                                                  —Ä–æ–≤}
You may provide a definition with
\DeclareUnicodeCharacter 


! Package inputenc Error: Unicode character —Ä (U+0440)
(inputenc)                not set up for use with LaTeX.

See the inputenc package documentation for explanation.
Type  H <return>  for immediate help.
 ...                                              
                                                  
l.1 ...µ–∫—É—â–∏–µ —Ä–µ–∑—É–ª—å—Ç–∞—Ç—ã –∑–∞–º–µ—Ä
                                                  –æ–≤}
You may provide a definition with
\DeclareUnicodeCharacter 


! Package inputenc Error: Unicode character –æ (U+043E)
(inputenc)                not set up for use with LaTeX.

See the inputenc package documentation for explanation.
Type  H <return>  for immediate help.
 ...                                              
                                                  
l.1 ...∫—É—â–∏–µ —Ä–µ–∑—É–ª—å—Ç–∞—Ç—ã –∑–∞–º–µ—Ä–æ
                                                  –≤}
You may provide a definition with
\DeclareUnicodeCharacter 


! Package inputenc Error: Unicode character –≤ (U+0432)
(inputenc)                not set up for use with LaTeX.

See the inputenc package documentation for explanation.
Type  H <return>  for immediate help.
 ...                                              
                                                  
l.1 ...É—â–∏–µ —Ä–µ–∑—É–ª—å—Ç–∞—Ç—ã –∑–∞–º–µ—Ä–æ–≤
                                                  }
You may provide a definition with
\DeclareUnicodeCharacter 


! Package inputenc Error: Unicode character –ü (U+041F)
(inputenc)                not set up for use with LaTeX.

See the inputenc package documentation for explanation.
Type  H <return>  for immediate help.
 ...                                              
                                                  
l.2 –ü
      –æ–∫–∞ —á—Ç–æ –∑–∞–º–µ—Ä—ã –ø—Ä–æ–≤–æ–¥–∏–ª–∏—å —Ç–æ–ª—å–∫–æ –¥–ª—è –∫...

You may provide a definition with
\DeclareUnicodeCharacter 


! Package inputenc Error: Unicode character –æ (U+043E)
(inputenc)                not set up for use with LaTeX.

See the inputenc package documentation for explanation.
Type  H <return>  for immediate help.
 ...                                              
                                                  
l.2 –ü–æ
        –∫–∞ —á—Ç–æ –∑–∞–º–µ—Ä—ã –ø—Ä–æ–≤–æ–¥–∏–ª–∏—å —Ç–æ–ª—å–∫–æ –¥–ª—è –∫...

You may provide a definition with
\DeclareUnicodeCharacter 


! Package inputenc Error: Unicode character –∫ (U+043A)
(inputenc)                not set up for use with LaTeX.

See the inputenc package documentation for explanation.
Type  H <return>  for immediate help.
 ...                                              
                                                  
l.2 –ü–æ–∫
          –∞ —á—Ç–æ –∑–∞–º–µ—Ä—ã –ø—Ä–æ–≤–æ–¥–∏–ª–∏—å —Ç–æ–ª—å–∫–æ –¥–ª—è –∫...

You may provide a definition with
\DeclareUnicodeCharacter 


! Package inputenc Error: Unicode character –∞ (U+0430)
(inputenc)                not set up for use with LaTeX.

See the inputenc package documentation for explanation.
Type  H <return>  for immediate help.
 ...                                              
                                                  
l.2 –ü–æ–∫–∞
             —á—Ç–æ –∑–∞–º–µ—Ä—ã –ø—Ä–æ–≤–æ–¥–∏–ª–∏—å —Ç–æ–ª—å–∫–æ –¥–ª—è –∫...

You may provide a definition with
\DeclareUnicodeCharacter 


! Package inputenc Error: Unicode character —á (U+0447)
(inputenc)                not set up for use with LaTeX.

See the inputenc package documentation for explanation.
Type  H <return>  for immediate help.
 ...                                              
                                                  
l.2 –ü–æ–∫–∞ —á
               —Ç–æ –∑–∞–º–µ—Ä—ã –ø—Ä–æ–≤–æ–¥–∏–ª–∏—å —Ç–æ–ª—å–∫–æ –¥–ª—è –∫...

You may provide a definition with
\DeclareUnicodeCharacter 


! Package inputenc Error: Unicode character —Ç (U+0442)
(inputenc)                not set up for use with LaTeX.

See the inputenc package documentation for explanation.
Type  H <return>  for immediate help.
 ...                                              
                                                  
l.2 –ü–æ–∫–∞ —á—Ç
                 –æ –∑–∞–º–µ—Ä—ã –ø—Ä–æ–≤–æ–¥–∏–ª–∏—å —Ç–æ–ª—å–∫–æ –¥–ª—è –∫...

You may provide a definition with
\DeclareUnicodeCharacter 


! Package inputenc Error: Unicode character –æ (U+043E)
(inputenc)                not set up for use with LaTeX.

See the inputenc package documentation for explanation.
Type  H <return>  for immediate help.
 ...                                              
                                                  
l.2 –ü–æ–∫–∞ —á—Ç–æ
                    –∑–∞–º–µ—Ä—ã –ø—Ä–æ–≤–æ–¥–∏–ª–∏—å —Ç–æ–ª—å–∫–æ –¥–ª—è –∫...

You may provide a definition with
\DeclareUnicodeCharacter 


! Package inputenc Error: Unicode character –∑ (U+0437)
(inputenc)                not set up for use with LaTeX.

See the inputenc package documentation for explanation.
Type  H <return>  for immediate help.
 ...                                              
                                                  
l.2 –ü–æ–∫–∞ —á—Ç–æ –∑
                      –∞–º–µ—Ä—ã –ø—Ä–æ–≤–æ–¥–∏–ª–∏—å —Ç–æ–ª—å–∫–æ –¥–ª—è –∫...

You may provide a definition with
\DeclareUnicodeCharacter 


! Package inputenc Error: Unicode character –∞ (U+0430)
(inputenc)                not set up for use with LaTeX.

See the inputenc package documentation for explanation.
Type  H <return>  for immediate help.
 ...                                              
                                                  
l.2 –ü–æ–∫–∞ —á—Ç–æ –∑–∞
                        –º–µ—Ä—ã –ø—Ä–æ–≤–æ–¥–∏–ª–∏—å —Ç–æ–ª—å–∫–æ –¥–ª—è –∫...

You may provide a definition with
\DeclareUnicodeCharacter 


! Package inputenc Error: Unicode character –º (U+043C)
(inputenc)                not set up for use with LaTeX.

See the inputenc package documentation for explanation.
Type  H <return>  for immediate help.
 ...                                              
                                                  
l.2 –ü–æ–∫–∞ —á—Ç–æ –∑–∞–º
                          –µ—Ä—ã –ø—Ä–æ–≤–æ–¥–∏–ª–∏—å —Ç–æ–ª—å–∫–æ –¥–ª—è –∫...

You may provide a definition with
\DeclareUnicodeCharacter 


! Package inputenc Error: Unicode character –µ (U+0435)
(inputenc)                not set up for use with LaTeX.

See the inputenc package documentation for explanation.
Type  H <return>  for immediate help.
 ...                                              
                                                  
l.2 –ü–æ–∫–∞ —á—Ç–æ –∑–∞–º–µ
                            —Ä—ã –ø—Ä–æ–≤–æ–¥–∏–ª–∏—å —Ç–æ–ª—å–∫–æ –¥–ª—è –∫...

You may provide a definition with
\DeclareUnicodeCharacter 


! Package inputenc Error: Unicode character —Ä (U+0440)
(inputenc)                not set up for use with LaTeX.

See the inputenc package documentation for explanation.
Type  H <return>  for immediate help.
 ...                                              
                                                  
l.2 –ü–æ–∫–∞ —á—Ç–æ –∑–∞–º–µ—Ä
                              —ã –ø—Ä–æ–≤–æ–¥–∏–ª–∏—å —Ç–æ–ª—å–∫–æ –¥–ª—è –∫...

You may provide a definition with
\DeclareUnicodeCharacter 


! Package inputenc Error: Unicode character —ã (U+044B)
(inputenc)                not set up for use with LaTeX.

See the inputenc package documentation for explanation.
Type  H <return>  for immediate help.
 ...                                              
                                                  
l.2 –ü–æ–∫–∞ —á—Ç–æ –∑–∞–º–µ—Ä—ã
                                 –ø—Ä–æ–≤–æ–¥–∏–ª–∏—å —Ç–æ–ª—å–∫–æ –¥–ª—è –∫...

You may provide a definition with
\DeclareUnicodeCharacter 


! Package inputenc Error: Unicode character –ø (U+043F)
(inputenc)                not set up for use with LaTeX.

See the inputenc package documentation for explanation.
Type  H <return>  for immediate help.
 ...                                              
                                                  
l.2 –ü–æ–∫–∞ —á—Ç–æ –∑–∞–º–µ—Ä—ã –ø
                                   —Ä–æ–≤–æ–¥–∏–ª–∏—å —Ç–æ–ª—å–∫–æ –¥–ª—è –∫...

You may provide a definition with
\DeclareUnicodeCharacter 


! Package inputenc Error: Unicode character —Ä (U+0440)
(inputenc)                not set up for use with LaTeX.

See the inputenc package documentation for explanation.
Type  H <return>  for immediate help.
 ...                                              
                                                  
l.2 –ü–æ–∫–∞ —á—Ç–æ –∑–∞–º–µ—Ä—ã –ø—Ä
                                     –æ–≤–æ–¥–∏–ª–∏—å —Ç–æ–ª—å–∫–æ –¥–ª—è –∫...

You may provide a definition with
\DeclareUnicodeCharacter 


! Package inputenc Error: Unicode character –æ (U+043E)
(inputenc)                not set up for use with LaTeX.

See the inputenc package documentation for explanation.
Type  H <return>  for immediate help.
 ...                                              
                                                  
l.2 –ü–æ–∫–∞ —á—Ç–æ –∑–∞–º–µ—Ä—ã –ø—Ä–æ
                                       –≤–æ–¥–∏–ª–∏—å —Ç–æ–ª—å–∫–æ –¥–ª—è –∫...

You may provide a definition with
\DeclareUnicodeCharacter 


! Package inputenc Error: Unicode character –≤ (U+0432)
(inputenc)                not set up for use with LaTeX.

See the inputenc package documentation for explanation.
Type  H <return>  for immediate help.
 ...                                              
                                                  
l.2 –ü–æ–∫–∞ —á—Ç–æ –∑–∞–º–µ—Ä—ã –ø—Ä–æ–≤
                                         –æ–¥–∏–ª–∏—å —Ç–æ–ª—å–∫–æ –¥–ª—è –∫...

You may provide a definition with
\DeclareUnicodeCharacter 


! Package inputenc Error: Unicode character –æ (U+043E)
(inputenc)                not set up for use with LaTeX.

See the inputenc package documentation for explanation.
Type  H <return>  for immediate help.
 ...                                              
                                                  
l.2 –ü–æ–∫–∞ —á—Ç–æ –∑–∞–º–µ—Ä—ã –ø—Ä–æ–≤–æ
                                           –¥–∏–ª–∏—å —Ç–æ–ª—å–∫–æ –¥–ª—è –∫...

You may provide a definition with
\DeclareUnicodeCharacter 


! Package inputenc Error: Unicode character –¥ (U+0434)
(inputenc)                not set up for use with LaTeX.

See the inputenc package documentation for explanation.
Type  H <return>  for immediate help.
 ...                                              
                                                  
l.2 –ü–æ–∫–∞ —á—Ç–æ –∑–∞–º–µ—Ä—ã –ø—Ä–æ–≤–æ–¥
                                             –∏–ª–∏—å —Ç–æ–ª—å–∫–æ –¥–ª—è –∫...

You may provide a definition with
\DeclareUnicodeCharacter 


! Package inputenc Error: Unicode character –∏ (U+0438)
(inputenc)                not set up for use with LaTeX.

See the inputenc package documentation for explanation.
Type  H <return>  for immediate help.
 ...                                              
                                                  
l.2 –ü–æ–∫–∞ —á—Ç–æ –∑–∞–º–µ—Ä—ã –ø—Ä–æ–≤–æ–¥–∏
                                               –ª–∏—å —Ç–æ–ª—å–∫–æ –¥–ª—è –∫...

You may provide a definition with
\DeclareUnicodeCharacter 


! Package inputenc Error: Unicode character –ª (U+043B)
(inputenc)                not set up for use with LaTeX.

See the inputenc package documentation for explanation.
Type  H <return>  for immediate help.
 ...                                              
                                                  
l.2 –ü–æ–∫–∞ —á—Ç–æ –∑–∞–º–µ—Ä—ã –ø—Ä–æ–≤–æ–¥–∏–ª
                                                 –∏—å —Ç–æ–ª—å–∫–æ –¥–ª—è –∫...

You may provide a definition with
\DeclareUnicodeCharacter 


! Package inputenc Error: Unicode character –∏ (U+0438)
(inputenc)                not set up for use with LaTeX.

See the inputenc package documentation for explanation.
Type  H <return>  for immediate help.
 ...                                              
                                                  
l.2 ...–∫–∞ —á—Ç–æ –∑–∞–º–µ—Ä—ã –ø—Ä–æ–≤–æ–¥–∏–ª–∏
                                                  —å —Ç–æ–ª—å–∫–æ –¥–ª—è –∫–...

You may provide a definition with
\DeclareUnicodeCharacter 


! Package inputenc Error: Unicode character —å (U+044C)
(inputenc)                not set up for use with LaTeX.

See the inputenc package documentation for explanation.
Type  H <return>  for immediate help.
 ...                                              
                                                  
l.2 ...–∞ —á—Ç–æ –∑–∞–º–µ—Ä—ã –ø—Ä–æ–≤–æ–¥–∏–ª–∏—å
                                                   —Ç–æ–ª—å–∫–æ –¥–ª—è –∫–æ–...

You may provide a definition with
\DeclareUnicodeCharacter 


! Package inputenc Error: Unicode character —Ç (U+0442)
(inputenc)                not set up for use with LaTeX.

See the inputenc package documentation for explanation.
Type  H <return>  for immediate help.
 ...                                              
                                                  
l.2 ...—á—Ç–æ –∑–∞–º–µ—Ä—ã –ø—Ä–æ–≤–æ–¥–∏–ª–∏—å —Ç
                                                  –æ–ª—å–∫–æ –¥–ª—è –∫–æ–Ω—Ñ...

You may provide a definition with
\DeclareUnicodeCharacter 


! Package inputenc Error: Unicode character –æ (U+043E)
(inputenc)                not set up for use with LaTeX.

See the inputenc package documentation for explanation.
Type  H <return>  for immediate help.
 ...                                              
                                                  
l.2 ...—Ç–æ –∑–∞–º–µ—Ä—ã –ø—Ä–æ–≤–æ–¥–∏–ª–∏—å —Ç–æ
                                                  –ª—å–∫–æ –¥–ª—è –∫–æ–Ω—Ñ–æ...

You may provide a definition with
\DeclareUnicodeCharacter 


! Package inputenc Error: Unicode character –ª (U+043B)
(inputenc)                not set up for use with LaTeX.

See the inputenc package documentation for explanation.
Type  H <return>  for immediate help.
 ...                                              
                                                  
l.2 ...–æ –∑–∞–º–µ—Ä—ã –ø—Ä–æ–≤–æ–¥–∏–ª–∏—å —Ç–æ–ª
                                                  —å–∫–æ –¥–ª—è –∫–æ–Ω—Ñ–æ—Ä...

You may provide a definition with
\DeclareUnicodeCharacter 


! Package inputenc Error: Unicode character —å (U+044C)
(inputenc)                not set up for use with LaTeX.

See the inputenc package documentation for explanation.
Type  H <return>  for immediate help.
 ...                                              
                                                  
l.2 ... –∑–∞–º–µ—Ä—ã –ø—Ä–æ–≤–æ–¥–∏–ª–∏—å —Ç–æ–ª—å
                                                  –∫–æ –¥–ª—è –∫–æ–Ω—Ñ–æ—Ä–º...

You may provide a definition with
\DeclareUnicodeCharacter 


! Package inputenc Error: Unicode character –∫ (U+043A)
(inputenc)                not set up for use with LaTeX.

See the inputenc package documentation for explanation.
Type  H <return>  for immediate help.
 ...                                              
                                                  
l.2 ...∑–∞–º–µ—Ä—ã –ø—Ä–æ–≤–æ–¥–∏–ª–∏—å —Ç–æ–ª—å–∫
                                                  –æ –¥–ª—è –∫–æ–Ω—Ñ–æ—Ä–º–∞...

You may provide a definition with
\DeclareUnicodeCharacter 


! Package inputenc Error: Unicode character –æ (U+043E)
(inputenc)                not set up for use with LaTeX.

See the inputenc package documentation for explanation.
Type  H <return>  for immediate help.
 ...                                              
                                                  
l.2 ...∞–º–µ—Ä—ã –ø—Ä–æ–≤–æ–¥–∏–ª–∏—å —Ç–æ–ª—å–∫–æ
                                                   –¥–ª—è –∫–æ–Ω—Ñ–æ—Ä–º–∞—Ü...

You may provide a definition with
\DeclareUnicodeCharacter 


! Package inputenc Error: Unicode character –¥ (U+0434)
(inputenc)                not set up for use with LaTeX.

See the inputenc package documentation for explanation.
Type  H <return>  for immediate help.
 ...                                              
                                                  
l.2 ...–µ—Ä—ã –ø—Ä–æ–≤–æ–¥–∏–ª–∏—å —Ç–æ–ª—å–∫–æ –¥
                                                  –ª—è –∫–æ–Ω—Ñ–æ—Ä–º–∞—Ü–∏–...

You may provide a definition with
\DeclareUnicodeCharacter 


! Package inputenc Error: Unicode character –ª (U+043B)
(inputenc)                not set up for use with LaTeX.

See the inputenc package documentation for explanation.
Type  H <return>  for immediate help.
 ...                                              
                                                  
l.2 ...—Ä—ã –ø—Ä–æ–≤–æ–¥–∏–ª–∏—å —Ç–æ–ª—å–∫–æ –¥–ª
                                                  —è –∫–æ–Ω—Ñ–æ—Ä–º–∞—Ü–∏–π ...

You may provide a definition with
\DeclareUnicodeCharacter 


! Package inputenc Error: Unicode character —è (U+044F)
(inputenc)                not set up for use with LaTeX.

See the inputenc package documentation for explanation.
Type  H <return>  for immediate help.
 ...                                              
                                                  
l.2 ...—ã –ø—Ä–æ–≤–æ–¥–∏–ª–∏—å —Ç–æ–ª—å–∫–æ –¥–ª—è
                                                   –∫–æ–Ω—Ñ–æ—Ä–º–∞—Ü–∏–π —Å...

You may provide a definition with
\DeclareUnicodeCharacter 


! Package inputenc Error: Unicode character –∫ (U+043A)
(inputenc)                not set up for use with LaTeX.

See the inputenc package documentation for explanation.
Type  H <return>  for immediate help.
 ...                                              
                                                  
l.2 ...–ø—Ä–æ–≤–æ–¥–∏–ª–∏—å —Ç–æ–ª—å–∫–æ –¥–ª—è –∫
                                                  –æ–Ω—Ñ–æ—Ä–º–∞—Ü–∏–π —Å–≥–...

You may provide a definition with
\DeclareUnicodeCharacter 


! Package inputenc Error: Unicode character –æ (U+043E)
(inputenc)                not set up for use with LaTeX.

See the inputenc package documentation for explanation.
Type  H <return>  for immediate help.
 ...                                              
                                                  
l.2 ...—Ä–æ–≤–æ–¥–∏–ª–∏—å —Ç–æ–ª—å–∫–æ –¥–ª—è –∫–æ
                                                  –Ω—Ñ–æ—Ä–º–∞—Ü–∏–π —Å–≥–µ–...

You may provide a definition with
\DeclareUnicodeCharacter 


! Package inputenc Error: Unicode character –Ω (U+043D)
(inputenc)                not set up for use with LaTeX.

See the inputenc package documentation for explanation.
Type  H <return>  for immediate help.
 ...                                              
                                                  
l.2 ...–æ–≤–æ–¥–∏–ª–∏—å —Ç–æ–ª—å–∫–æ –¥–ª—è –∫–æ–Ω
                                                  —Ñ–æ—Ä–º–∞—Ü–∏–π —Å–≥–µ–Ω–...

You may provide a definition with
\DeclareUnicodeCharacter 


! Package inputenc Error: Unicode character —Ñ (U+0444)
(inputenc)                not set up for use with LaTeX.

See the inputenc package documentation for explanation.
Type  H <return>  for immediate help.
 ...                                              
                                                  
l.2 ...–≤–æ–¥–∏–ª–∏—å —Ç–æ–ª—å–∫–æ –¥–ª—è –∫–æ–Ω—Ñ
                                                  –æ—Ä–º–∞—Ü–∏–π —Å–≥–µ–Ω–µ—...

You may provide a definition with
\DeclareUnicodeCharacter 


! Package inputenc Error: Unicode character –æ (U+043E)
(inputenc)                not set up for use with LaTeX.

See the inputenc package documentation for explanation.
Type  H <return>  for immediate help.
 ...                                              
                                                  
l.2 ...–æ–¥–∏–ª–∏—å —Ç–æ–ª—å–∫–æ –¥–ª—è –∫–æ–Ω—Ñ–æ
                                                  —Ä–º–∞—Ü–∏–π —Å–≥–µ–Ω–µ—Ä–...

You may provide a definition with
\DeclareUnicodeCharacter 


! Package inputenc Error: Unicode character —Ä (U+0440)
(inputenc)                not set up for use with LaTeX.

See the inputenc package documentation for explanation.
Type  H <return>  for immediate help.
 ...                                              
                                                  
l.2 ...–¥–∏–ª–∏—å —Ç–æ–ª—å–∫–æ –¥–ª—è –∫–æ–Ω—Ñ–æ—Ä
                                                  –º–∞—Ü–∏–π —Å–≥–µ–Ω–µ—Ä–∏—...

You may provide a definition with
\DeclareUnicodeCharacter 


! Package inputenc Error: Unicode character –º (U+043C)
(inputenc)                not set up for use with LaTeX.

See the inputenc package documentation for explanation.
Type  H <return>  for immediate help.
 ...                                              
                                                  
l.2 ...–∏–ª–∏—å —Ç–æ–ª—å–∫–æ –¥–ª—è –∫–æ–Ω—Ñ–æ—Ä–º
                                                  –∞—Ü–∏–π —Å–≥–µ–Ω–µ—Ä–∏—Ä–...

You may provide a definition with
\DeclareUnicodeCharacter 


! Package inputenc Error: Unicode character –∞ (U+0430)
(inputenc)                not set up for use with LaTeX.

See the inputenc package documentation for explanation.
Type  H <return>  for immediate help.
 ...                                              
                                                  
l.2 ...–ª–∏—å —Ç–æ–ª—å–∫–æ –¥–ª—è –∫–æ–Ω—Ñ–æ—Ä–º–∞
                                                  —Ü–∏–π —Å–≥–µ–Ω–µ—Ä–∏—Ä–æ–...

You may provide a definition with
\DeclareUnicodeCharacter 


! Package inputenc Error: Unicode character —Ü (U+0446)
(inputenc)                not set up for use with LaTeX.

See the inputenc package documentation for explanation.
Type  H <return>  for immediate help.
 ...                                              
                                                  
l.2 ...–∏—å —Ç–æ–ª—å–∫–æ –¥–ª—è –∫–æ–Ω—Ñ–æ—Ä–º–∞—Ü
                                                  –∏–π —Å–≥–µ–Ω–µ—Ä–∏—Ä–æ–≤–...

You may provide a definition with
\DeclareUnicodeCharacter 


! Package inputenc Error: Unicode character –∏ (U+0438)
(inputenc)                not set up for use with LaTeX.

See the inputenc package documentation for explanation.
Type  H <return>  for immediate help.
 ...                                              
                                                  
l.2 ...—å —Ç–æ–ª—å–∫–æ –¥–ª—è –∫–æ–Ω—Ñ–æ—Ä–º–∞—Ü–∏
                                                  –π —Å–≥–µ–Ω–µ—Ä–∏—Ä–æ–≤–∞–...

You may provide a definition with
\DeclareUnicodeCharacter 


! Package inputenc Error: Unicode character –π (U+0439)
(inputenc)                not set up for use with LaTeX.

See the inputenc package documentation for explanation.
Type  H <return>  for immediate help.
 ...                                              
                                                  
l.2 ... —Ç–æ–ª—å–∫–æ –¥–ª—è –∫–æ–Ω—Ñ–æ—Ä–º–∞—Ü–∏–π
                                                   —Å–≥–µ–Ω–µ—Ä–∏—Ä–æ–≤–∞–Ω–...

You may provide a definition with
\DeclareUnicodeCharacter 


! Package inputenc Error: Unicode character —Å (U+0441)
(inputenc)                not set up for use with LaTeX.

See the inputenc package documentation for explanation.
Type  H <return>  for immediate help.
 ...                                              
                                                  
l.2 ...–æ–ª—å–∫–æ –¥–ª—è –∫–æ–Ω—Ñ–æ—Ä–º–∞—Ü–∏–π —Å
                                                  –≥–µ–Ω–µ—Ä–∏—Ä–æ–≤–∞–Ω–Ω—ã...

You may provide a definition with
\DeclareUnicodeCharacter 


! Package inputenc Error: Unicode character –≥ (U+0433)
(inputenc)                not set up for use with LaTeX.

See the inputenc package documentation for explanation.
Type  H <return>  for immediate help.
 ...                                              
                                                  
l.2 ...–ª—å–∫–æ –¥–ª—è –∫–æ–Ω—Ñ–æ—Ä–º–∞—Ü–∏–π —Å–≥
                                                  –µ–Ω–µ—Ä–∏—Ä–æ–≤–∞–Ω–Ω—ã—Ö...

You may provide a definition with
\DeclareUnicodeCharacter 


! Package inputenc Error: Unicode character –µ (U+0435)
(inputenc)                not set up for use with LaTeX.

See the inputenc package documentation for explanation.
Type  H <return>  for immediate help.
 ...                                              
                                                  
l.2 ...—å–∫–æ –¥–ª—è –∫–æ–Ω—Ñ–æ—Ä–º–∞—Ü–∏–π —Å–≥–µ
                                                  –Ω–µ—Ä–∏—Ä–æ–≤–∞–Ω–Ω—ã—Ö –...

You may provide a definition with
\DeclareUnicodeCharacter 


! Package inputenc Error: Unicode character –Ω (U+043D)
(inputenc)                not set up for use with LaTeX.

See the inputenc package documentation for explanation.
Type  H <return>  for immediate help.
 ...                                              
                                                  
l.2 ...–∫–æ –¥–ª—è –∫–æ–Ω—Ñ–æ—Ä–º–∞—Ü–∏–π —Å–≥–µ–Ω
                                                  –µ—Ä–∏—Ä–æ–≤–∞–Ω–Ω—ã—Ö –≤ ...

You may provide a definition with
\DeclareUnicodeCharacter 


! Package inputenc Error: Unicode character –µ (U+0435)
(inputenc)                not set up for use with LaTeX.

See the inputenc package documentation for explanation.
Type  H <return>  for immediate help.
 ...                                              
                                                  
l.2 ...–æ –¥–ª—è –∫–æ–Ω—Ñ–æ—Ä–º–∞—Ü–∏–π —Å–≥–µ–Ω–µ
                                                  —Ä–∏—Ä–æ–≤–∞–Ω–Ω—ã—Ö –≤ –¥...

You may provide a definition with
\DeclareUnicodeCharacter 


! Package inputenc Error: Unicode character —Ä (U+0440)
(inputenc)                not set up for use with LaTeX.

See the inputenc package documentation for explanation.
Type  H <return>  for immediate help.
 ...                                              
                                                  
l.2 ... –¥–ª—è –∫–æ–Ω—Ñ–æ—Ä–º–∞—Ü–∏–π —Å–≥–µ–Ω–µ—Ä
                                                  –∏—Ä–æ–≤–∞–Ω–Ω—ã—Ö –≤ –¥–≤...

You may provide a definition with
\DeclareUnicodeCharacter 


! Package inputenc Error: Unicode character –∏ (U+0438)
(inputenc)                not set up for use with LaTeX.

See the inputenc package documentation for explanation.
Type  H <return>  for immediate help.
 ...                                              
                                                  
l.2 ...¥–ª—è –∫–æ–Ω—Ñ–æ—Ä–º–∞—Ü–∏–π —Å–≥–µ–Ω–µ—Ä–∏
                                                  —Ä–æ–≤–∞–Ω–Ω—ã—Ö –≤ –¥–≤—É...

You may provide a definition with
\DeclareUnicodeCharacter 


! Package inputenc Error: Unicode character —Ä (U+0440)
(inputenc)                not set up for use with LaTeX.

See the inputenc package documentation for explanation.
Type  H <return>  for immediate help.
 ...                                              
                                                  
l.2 ...ª—è –∫–æ–Ω—Ñ–æ—Ä–º–∞—Ü–∏–π —Å–≥–µ–Ω–µ—Ä–∏—Ä
                                                  –æ–≤–∞–Ω–Ω—ã—Ö –≤ –¥–≤—É–º...

You may provide a definition with
\DeclareUnicodeCharacter 


! Package inputenc Error: Unicode character –æ (U+043E)
(inputenc)                not set up for use with LaTeX.

See the inputenc package documentation for explanation.
Type  H <return>  for immediate help.
 ...                                              
                                                  
l.2 ...è –∫–æ–Ω—Ñ–æ—Ä–º–∞—Ü–∏–π —Å–≥–µ–Ω–µ—Ä–∏—Ä–æ
                                                  –≤–∞–Ω–Ω—ã—Ö –≤ –¥–≤—É–º–µ...

You may provide a definition with
\DeclareUnicodeCharacter 


! Package inputenc Error: Unicode character –≤ (U+0432)
(inputenc)                not set up for use with LaTeX.

See the inputenc package documentation for explanation.
Type  H <return>  for immediate help.
 ...                                              
                                                  
l.2 ...–∫–æ–Ω—Ñ–æ—Ä–º–∞—Ü–∏–π —Å–≥–µ–Ω–µ—Ä–∏—Ä–æ–≤
                                                  –∞–Ω–Ω—ã—Ö –≤ –¥–≤—É–º–µ—Ä...

You may provide a definition with
\DeclareUnicodeCharacter 


! Package inputenc Error: Unicode character –∞ (U+0430)
(inputenc)                not set up for use with LaTeX.

See the inputenc package documentation for explanation.
Type  H <return>  for immediate help.
 ...                                              
                                                  
l.2 ...–æ–Ω—Ñ–æ—Ä–º–∞—Ü–∏–π —Å–≥–µ–Ω–µ—Ä–∏—Ä–æ–≤–∞
                                                  –Ω–Ω—ã—Ö –≤ –¥–≤—É–º–µ—Ä–Ω...

You may provide a definition with
\DeclareUnicodeCharacter 


! Package inputenc Error: Unicode character –Ω (U+043D)
(inputenc)                not set up for use with LaTeX.

See the inputenc package documentation for explanation.
Type  H <return>  for immediate help.
 ...                                              
                                                  
l.2 ...–Ω—Ñ–æ—Ä–º–∞—Ü–∏–π —Å–≥–µ–Ω–µ—Ä–∏—Ä–æ–≤–∞–Ω
                                                  –Ω—ã—Ö –≤ –¥–≤—É–º–µ—Ä–Ω–æ...

You may provide a definition with
\DeclareUnicodeCharacter 


! Package inputenc Error: Unicode character –Ω (U+043D)
(inputenc)                not set up for use with LaTeX.

See the inputenc package documentation for explanation.
Type  H <return>  for immediate help.
 ...                                              
                                                  
l.2 ...—Ñ–æ—Ä–º–∞—Ü–∏–π —Å–≥–µ–Ω–µ—Ä–∏—Ä–æ–≤–∞–Ω–Ω
                                                  —ã—Ö –≤ –¥–≤—É–º–µ—Ä–Ω–æ–º...

You may provide a definition with
\DeclareUnicodeCharacter 


! Package inputenc Error: Unicode character —ã (U+044B)
(inputenc)                not set up for use with LaTeX.

See the inputenc package documentation for explanation.
Type  H <return>  for immediate help.
 ...                                              
                                                  
l.2 ...–æ—Ä–º–∞—Ü–∏–π —Å–≥–µ–Ω–µ—Ä–∏—Ä–æ–≤–∞–Ω–Ω—ã
                                                  —Ö –≤ –¥–≤—É–º–µ—Ä–Ω–æ–º –...

You may provide a definition with
\DeclareUnicodeCharacter 


! Package inputenc Error: Unicode character —Ö (U+0445)
(inputenc)                not set up for use with LaTeX.

See the inputenc package documentation for explanation.
Type  H <return>  for immediate help.
 ...                                              
                                                  
l.2 ...—Ä–º–∞—Ü–∏–π —Å–≥–µ–Ω–µ—Ä–∏—Ä–æ–≤–∞–Ω–Ω—ã—Ö
                                                   –≤ –¥–≤—É–º–µ—Ä–Ω–æ–º –ø—...

You may provide a definition with
\DeclareUnicodeCharacter 


! Package inputenc Error: Unicode character –≤ (U+0432)
(inputenc)                not set up for use with LaTeX.

See the inputenc package documentation for explanation.
Type  H <return>  for immediate help.
 ...                                              
                                                  
l.2 ...º–∞—Ü–∏–π —Å–≥–µ–Ω–µ—Ä–∏—Ä–æ–≤–∞–Ω–Ω—ã—Ö –≤
                                                   –¥–≤—É–º–µ—Ä–Ω–æ–º –ø—Ä–æ...

You may provide a definition with
\DeclareUnicodeCharacter 


! Package inputenc Error: Unicode character –¥ (U+0434)
(inputenc)                not set up for use with LaTeX.

See the inputenc package documentation for explanation.
Type  H <return>  for immediate help.
 ...                                              
                                                  
l.2 ...—Ü–∏–π —Å–≥–µ–Ω–µ—Ä–∏—Ä–æ–≤–∞–Ω–Ω—ã—Ö –≤ –¥
                                                  –≤—É–º–µ—Ä–Ω–æ–º –ø—Ä–æ—Å—...

You may provide a definition with
\DeclareUnicodeCharacter 


! Package inputenc Error: Unicode character –≤ (U+0432)
(inputenc)                not set up for use with LaTeX.

See the inputenc package documentation for explanation.
Type  H <return>  for immediate help.
 ...                                              
                                                  
l.2 ...–∏–π —Å–≥–µ–Ω–µ—Ä–∏—Ä–æ–≤–∞–Ω–Ω—ã—Ö –≤ –¥–≤
                                                  —É–º–µ—Ä–Ω–æ–º –ø—Ä–æ—Å—Ç—...

You may provide a definition with
\DeclareUnicodeCharacter 


! Package inputenc Error: Unicode character —É (U+0443)
(inputenc)                not set up for use with LaTeX.

See the inputenc package documentation for explanation.
Type  H <return>  for immediate help.
 ...                                              
                                                  
l.2 ...–π —Å–≥–µ–Ω–µ—Ä–∏—Ä–æ–≤–∞–Ω–Ω—ã—Ö –≤ –¥–≤—É
                                                  –º–µ—Ä–Ω–æ–º –ø—Ä–æ—Å—Ç—Ä–...

You may provide a definition with
\DeclareUnicodeCharacter 


! Package inputenc Error: Unicode character –º (U+043C)
(inputenc)                not set up for use with LaTeX.

See the inputenc package documentation for explanation.
Type  H <return>  for immediate help.
 ...                                              
                                                  
l.2 ... —Å–≥–µ–Ω–µ—Ä–∏—Ä–æ–≤–∞–Ω–Ω—ã—Ö –≤ –¥–≤—É–º
                                                  –µ—Ä–Ω–æ–º –ø—Ä–æ—Å—Ç—Ä–∞–...

You may provide a definition with
\DeclareUnicodeCharacter 


! Package inputenc Error: Unicode character –µ (U+0435)
(inputenc)                not set up for use with LaTeX.

See the inputenc package documentation for explanation.
Type  H <return>  for immediate help.
 ...                                              
                                                  
l.2 ...Å–≥–µ–Ω–µ—Ä–∏—Ä–æ–≤–∞–Ω–Ω—ã—Ö –≤ –¥–≤—É–º–µ
                                                  —Ä–Ω–æ–º –ø—Ä–æ—Å—Ç—Ä–∞–Ω—...

You may provide a definition with
\DeclareUnicodeCharacter 


! Package inputenc Error: Unicode character —Ä (U+0440)
(inputenc)                not set up for use with LaTeX.

See the inputenc package documentation for explanation.
Type  H <return>  for immediate help.
 ...                                              
                                                  
l.2 ...≥–µ–Ω–µ—Ä–∏—Ä–æ–≤–∞–Ω–Ω—ã—Ö –≤ –¥–≤—É–º–µ—Ä
                                                  –Ω–æ–º –ø—Ä–æ—Å—Ç—Ä–∞–Ω—Å—...

You may provide a definition with
\DeclareUnicodeCharacter 


! Package inputenc Error: Unicode character –Ω (U+043D)
(inputenc)                not set up for use with LaTeX.

See the inputenc package documentation for explanation.
Type  H <return>  for immediate help.
 ...                                              
                                                  
l.2 ...µ–Ω–µ—Ä–∏—Ä–æ–≤–∞–Ω–Ω—ã—Ö –≤ –¥–≤—É–º–µ—Ä–Ω
                                                  –æ–º –ø—Ä–æ—Å—Ç—Ä–∞–Ω—Å—Ç–...

You may provide a definition with
\DeclareUnicodeCharacter 


! Package inputenc Error: Unicode character –æ (U+043E)
(inputenc)                not set up for use with LaTeX.

See the inputenc package documentation for explanation.
Type  H <return>  for immediate help.
 ...                                              
                                                  
l.2 ...Ω–µ—Ä–∏—Ä–æ–≤–∞–Ω–Ω—ã—Ö –≤ –¥–≤—É–º–µ—Ä–Ω–æ
                                                  –º –ø—Ä–æ—Å—Ç—Ä–∞–Ω—Å—Ç–≤–µ.
You may provide a definition with
\DeclareUnicodeCharacter 


! Package inputenc Error: Unicode character –º (U+043C)
(inputenc)                not set up for use with LaTeX.

See the inputenc package documentation for explanation.
Type  H <return>  for immediate help.
 ...                                              
                                                  
l.2 ...µ—Ä–∏—Ä–æ–≤–∞–Ω–Ω—ã—Ö –≤ –¥–≤—É–º–µ—Ä–Ω–æ–º
                                                   –ø—Ä–æ—Å—Ç—Ä–∞–Ω—Å—Ç–≤–µ.
You may provide a definition with
\DeclareUnicodeCharacter 


! Package inputenc Error: Unicode character –ø (U+043F)
(inputenc)                not set up for use with LaTeX.

See the inputenc package documentation for explanation.
Type  H <return>  for immediate help.
 ...                                              
                                                  
l.2 ...–∏—Ä–æ–≤–∞–Ω–Ω—ã—Ö –≤ –¥–≤—É–º–µ—Ä–Ω–æ–º –ø
                                                  —Ä–æ—Å—Ç—Ä–∞–Ω—Å—Ç–≤–µ.
You may provide a definition with
\DeclareUnicodeCharacter 


! Package inputenc Error: Unicode character —Ä (U+0440)
(inputenc)                not set up for use with LaTeX.

See the inputenc package documentation for explanation.
Type  H <return>  for immediate help.
 ...                                              
                                                  
l.2 ...—Ä–æ–≤–∞–Ω–Ω—ã—Ö –≤ –¥–≤—É–º–µ—Ä–Ω–æ–º –ø—Ä
                                                  –æ—Å—Ç—Ä–∞–Ω—Å—Ç–≤–µ.
You may provide a definition with
\DeclareUnicodeCharacter 


! Package inputenc Error: Unicode character –æ (U+043E)
(inputenc)                not set up for use with LaTeX.

See the inputenc package documentation for explanation.
Type  H <return>  for immediate help.
 ...                                              
                                                  
l.2 ...–æ–≤–∞–Ω–Ω—ã—Ö –≤ –¥–≤—É–º–µ—Ä–Ω–æ–º –ø—Ä–æ
                                                  —Å—Ç—Ä–∞–Ω—Å—Ç–≤–µ.
You may provide a definition with
\DeclareUnicodeCharacter 


! Package inputenc Error: Unicode character —Å (U+0441)
(inputenc)                not set up for use with LaTeX.

See the inputenc package documentation for explanation.
Type  H <return>  for immediate help.
 ...                                              
                                                  
l.2 ...–≤–∞–Ω–Ω—ã—Ö –≤ –¥–≤—É–º–µ—Ä–Ω–æ–º –ø—Ä–æ—Å
                                                  —Ç—Ä–∞–Ω—Å—Ç–≤–µ.
You may provide a definition with
\DeclareUnicodeCharacter 


! Package inputenc Error: Unicode character —Ç (U+0442)
(inputenc)                not set up for use with LaTeX.

See the inputenc package documentation for explanation.
Type  H <return>  for immediate help.
 ...                                              
                                                  
l.2 ...–∞–Ω–Ω—ã—Ö –≤ –¥–≤—É–º–µ—Ä–Ω–æ–º –ø—Ä–æ—Å—Ç
                                                  —Ä–∞–Ω—Å—Ç–≤–µ.
You may provide a definition with
\DeclareUnicodeCharacter 


! Package inputenc Error: Unicode character —Ä (U+0440)
(inputenc)                not set up for use with LaTeX.

See the inputenc package documentation for explanation.
Type  H <return>  for immediate help.
 ...                                              
                                                  
l.2 ...–Ω–Ω—ã—Ö –≤ –¥–≤—É–º–µ—Ä–Ω–æ–º –ø—Ä–æ—Å—Ç—Ä
                                                  –∞–Ω—Å—Ç–≤–µ.
You may provide a definition with
\DeclareUnicodeCharacter 


! Package inputenc Error: Unicode character –∞ (U+0430)
(inputenc)                not set up for use with LaTeX.

See the inputenc package documentation for explanation.
Type  H <return>  for immediate help.
 ...                                              
                                                  
l.2 ...–Ω—ã—Ö –≤ –¥–≤—É–º–µ—Ä–Ω–æ–º –ø—Ä–æ—Å—Ç—Ä–∞
                                                  –Ω—Å—Ç–≤–µ.
(That makes 100 errors; please try again.) 
Here is how much of TeX's memory you used:
 47 strings out of 479799
 921 string characters out of 2879583
 264509 words of memory out of 3000000
 17138 multiletter control sequences out of 15000+200000
 535088 words of font info for 29 fonts, out of 3000000 for 9000
 1141 hyphenation exceptions out of 8191
 13i,0n,15p,193b,32s stack positions out of 5000i,500n,10000p,200000b,50000s

!  ==> Fatal error occurred, no output PDF file produced!
