INFO:  latexindent version 3.15, 2022-01-21, a script to indent .tex files
       latexindent lives here: /usr/share/texlive/texmf-dist/scripts/latexindent/
       Sat Dec 10 14:40:56 2022
       Filename: /home/roman/Programs/projects/Ising-on-random-conformation/reports/Sections/__latexindent_temp_Low_temperature.tex
INFO:  Processing switches:
       -y|--yaml: YAML settings specified via command line
       -c|--cruft: cruft directory
INFO:  Directory for backup files and /home/roman/Programs/projects/Ising-on-random-conformation/reports//indent.log: /home/roman/Programs/projects/Ising-on-random-conformation/reports/
INFO:  YAML settings read: defaultSettings.yaml
       Reading defaultSettings.yaml from /usr/share/texlive/texmf-dist/scripts/latexindent/defaultSettings.yaml
INFO:  YAML settings read: indentconfig.yaml or .indentconfig.yaml
       Home directory is /home/roman (didn't find either indentconfig.yaml or .indentconfig.yaml)
       To specify user settings you would put indentconfig.yaml here: /home/roman/indentconfig.yaml
       Alternatively, you can use the hidden file .indentconfig.yaml as: /home/roman/.indentconfig.yaml
INFO:  YAML settings read: -y switch
       YAML setting: defaultIndent:'\t'
       single-quoted string found in -y switch: '\t', substitute to 	
       Updating mainSettings with defaultIndent: 	
INFO:  Phase 1: searching for objects
INFO:  Phase 2: finding surrounding indentation
INFO:  Phase 3: indenting objects
INFO:  Phase 4: final indentation check
INFO:  Output routine:
       Not outputting to file; see -w and -o switches for more options.
       --------------
INFO:  Please direct all communication/issues to:
        https://github.com/cmhughes/latexindent.pl
