This is pdfTeX, Version 3.141592653-2.6-1.40.22 (TeX Live 2022/dev/Debian) (preloaded format=pdflatex 2022.11.21)  14 MAY 2023 19:01
entering extended mode
 restricted \write18 enabled.
 file:line:error style messages enabled.
 %&-line parsing enabled.
**/home/roman/Programs/projects/Ising-on-random-conformation/reports/VKR
(/home/roman/Programs/projects/Ising-on-random-conformation/reports/VKR.tex
LaTeX2e <2021-11-15> patch level 1
L3 programming layer <2022-01-21> (/usr/share/texlive/texmf-dist/tex/latex/extsizes/extarticle.cls
Document Class: extarticle 1996/10/08 v1.0 Non Standard LaTeX document class
(/usr/share/texlive/texmf-dist/tex/latex/extsizes/size14.clo
File: size14.clo 1999/11/11 v1.4a NON-Standard LaTeX file (size option)
) (/usr/share/texlive/texmf-dist/tex/latex/base/exscale.sty
Package: exscale 2018/09/24 v2.1i Standard LaTeX package exscale
LaTeX Font Info:    Redeclaring symbol font `largesymbols' on input line 57.
LaTeX Font Info:    Overwriting symbol font `largesymbols' in version `normal'
(Font)                  OMX/cmex/m/n --> OMX/cmex/m/n on input line 57.
LaTeX Font Info:    Overwriting symbol font `largesymbols' in version `bold'
(Font)                  OMX/cmex/m/n --> OMX/cmex/m/n on input line 57.
\big@size=\dimen138
)
\c@part=\count185
\c@section=\count186
\c@subsection=\count187
\c@subsubsection=\count188
\c@paragraph=\count189
\c@subparagraph=\count190
\c@figure=\count191
\c@table=\count192
\abovecaptionskip=\skip47
\belowcaptionskip=\skip48
\bibindent=\dimen139
) (/usr/share/texlive/texmf-dist/tex/latex/cmap/cmap.sty
Package: cmap 2021/02/06 v1.0j CMap support: searchable PDF
) (/usr/share/texlive/texmf-dist/tex/latex/t2/mathtext.sty
Package: mathtext 2018/04/14 v1.0 transparent text-and-math defs
LaTeX Info: Redefining \halign on input line 121.
) (/usr/share/texlive/texmf-dist/tex/latex/base/fontenc.sty
Package: fontenc 2021/04/29 v2.0v Standard LaTeX package
 (/usr/share/texlive/texmf-dist/tex/latex/cyrillic/t2aenc.def
File: t2aenc.def 2005/09/27 v1.0i Cyrillic encoding definition file
Now handling font encoding T2A ...
... processing UTF-8 mapping file for font encoding T2A
 (/usr/share/texlive/texmf-dist/tex/latex/base/t2aenc.dfu
File: t2aenc.dfu 2021/06/21 v1.2n UTF-8 support
   defining Unicode char U+00A4 (decimal 164)
   defining Unicode char U+00A7 (decimal 167)
   defining Unicode char U+00AB (decimal 171)
   defining Unicode char U+00BB (decimal 187)
   defining Unicode char U+0131 (decimal 305)
   defining Unicode char U+0237 (decimal 567)
   defining Unicode char U+0400 (decimal 1024)
   defining Unicode char U+0401 (decimal 1025)
   defining Unicode char U+0402 (decimal 1026)
   defining Unicode char U+0403 (decimal 1027)
   defining Unicode char U+0404 (decimal 1028)
   defining Unicode char U+0405 (decimal 1029)
   defining Unicode char U+0406 (decimal 1030)
   defining Unicode char U+0407 (decimal 1031)
   defining Unicode char U+0408 (decimal 1032)
   defining Unicode char U+0409 (decimal 1033)
   defining Unicode char U+040A (decimal 1034)
   defining Unicode char U+040B (decimal 1035)
   defining Unicode char U+040C (decimal 1036)
   defining Unicode char U+040D (decimal 1037)
   defining Unicode char U+040E (decimal 1038)
   defining Unicode char U+040F (decimal 1039)
   defining Unicode char U+0410 (decimal 1040)
   defining Unicode char U+0411 (decimal 1041)
   defining Unicode char U+0412 (decimal 1042)
   defining Unicode char U+0413 (decimal 1043)
   defining Unicode char U+0414 (decimal 1044)
   defining Unicode char U+0415 (decimal 1045)
   defining Unicode char U+0416 (decimal 1046)
   defining Unicode char U+0417 (decimal 1047)
   defining Unicode char U+0418 (decimal 1048)
   defining Unicode char U+0419 (decimal 1049)
   defining Unicode char U+041A (decimal 1050)
   defining Unicode char U+041B (decimal 1051)
   defining Unicode char U+041C (decimal 1052)
   defining Unicode char U+041D (decimal 1053)
   defining Unicode char U+041E (decimal 1054)
   defining Unicode char U+041F (decimal 1055)
   defining Unicode char U+0420 (decimal 1056)
   defining Unicode char U+0421 (decimal 1057)
   defining Unicode char U+0422 (decimal 1058)
   defining Unicode char U+0423 (decimal 1059)
   defining Unicode char U+0424 (decimal 1060)
   defining Unicode char U+0425 (decimal 1061)
   defining Unicode char U+0426 (decimal 1062)
   defining Unicode char U+0427 (decimal 1063)
   defining Unicode char U+0428 (decimal 1064)
   defining Unicode char U+0429 (decimal 1065)
   defining Unicode char U+042A (decimal 1066)
   defining Unicode char U+042B (decimal 1067)
   defining Unicode char U+042C (decimal 1068)
   defining Unicode char U+042D (decimal 1069)
   defining Unicode char U+042E (decimal 1070)
   defining Unicode char U+042F (decimal 1071)
   defining Unicode char U+0430 (decimal 1072)
   defining Unicode char U+0431 (decimal 1073)
   defining Unicode char U+0432 (decimal 1074)
   defining Unicode char U+0433 (decimal 1075)
   defining Unicode char U+0434 (decimal 1076)
   defining Unicode char U+0435 (decimal 1077)
   defining Unicode char U+0436 (decimal 1078)
   defining Unicode char U+0437 (decimal 1079)
   defining Unicode char U+0438 (decimal 1080)
   defining Unicode char U+0439 (decimal 1081)
   defining Unicode char U+043A (decimal 1082)
   defining Unicode char U+043B (decimal 1083)
   defining Unicode char U+043C (decimal 1084)
   defining Unicode char U+043D (decimal 1085)
   defining Unicode char U+043E (decimal 1086)
   defining Unicode char U+043F (decimal 1087)
   defining Unicode char U+0440 (decimal 1088)
   defining Unicode char U+0441 (decimal 1089)
   defining Unicode char U+0442 (decimal 1090)
   defining Unicode char U+0443 (decimal 1091)
   defining Unicode char U+0444 (decimal 1092)
   defining Unicode char U+0445 (decimal 1093)
   defining Unicode char U+0446 (decimal 1094)
   defining Unicode char U+0447 (decimal 1095)
   defining Unicode char U+0448 (decimal 1096)
   defining Unicode char U+0449 (decimal 1097)
   defining Unicode char U+044A (decimal 1098)
   defining Unicode char U+044B (decimal 1099)
   defining Unicode char U+044C (decimal 1100)
   defining Unicode char U+044D (decimal 1101)
   defining Unicode char U+044E (decimal 1102)
   defining Unicode char U+044F (decimal 1103)
   defining Unicode char U+0450 (decimal 1104)
   defining Unicode char U+0451 (decimal 1105)
   defining Unicode char U+0452 (decimal 1106)
   defining Unicode char U+0453 (decimal 1107)
   defining Unicode char U+0454 (decimal 1108)
   defining Unicode char U+0455 (decimal 1109)
   defining Unicode char U+0456 (decimal 1110)
   defining Unicode char U+0457 (decimal 1111)
   defining Unicode char U+0458 (decimal 1112)
   defining Unicode char U+0459 (decimal 1113)
   defining Unicode char U+045A (decimal 1114)
   defining Unicode char U+045B (decimal 1115)
   defining Unicode char U+045C (decimal 1116)
   defining Unicode char U+045D (decimal 1117)
   defining Unicode char U+045E (decimal 1118)
   defining Unicode char U+045F (decimal 1119)
   defining Unicode char U+0490 (decimal 1168)
   defining Unicode char U+0491 (decimal 1169)
   defining Unicode char U+0492 (decimal 1170)
   defining Unicode char U+0493 (decimal 1171)
   defining Unicode char U+0496 (decimal 1174)
   defining Unicode char U+0497 (decimal 1175)
   defining Unicode char U+0498 (decimal 1176)
   defining Unicode char U+0499 (decimal 1177)
   defining Unicode char U+049A (decimal 1178)
   defining Unicode char U+049B (decimal 1179)
   defining Unicode char U+049C (decimal 1180)
   defining Unicode char U+049D (decimal 1181)
   defining Unicode char U+04A0 (decimal 1184)
   defining Unicode char U+04A1 (decimal 1185)
   defining Unicode char U+04A2 (decimal 1186)
   defining Unicode char U+04A3 (decimal 1187)
   defining Unicode char U+04A4 (decimal 1188)
   defining Unicode char U+04A5 (decimal 1189)
   defining Unicode char U+04AA (decimal 1194)
   defining Unicode char U+04AB (decimal 1195)
   defining Unicode char U+04AE (decimal 1198)
   defining Unicode char U+04AF (decimal 1199)
   defining Unicode char U+04B0 (decimal 1200)
   defining Unicode char U+04B1 (decimal 1201)
   defining Unicode char U+04B2 (decimal 1202)
   defining Unicode char U+04B3 (decimal 1203)
   defining Unicode char U+04B6 (decimal 1206)
   defining Unicode char U+04B7 (decimal 1207)
   defining Unicode char U+04B8 (decimal 1208)
   defining Unicode char U+04B9 (decimal 1209)
   defining Unicode char U+04BA (decimal 1210)
   defining Unicode char U+04BB (decimal 1211)
   defining Unicode char U+04C0 (decimal 1216)
   defining Unicode char U+04C1 (decimal 1217)
   defining Unicode char U+04C2 (decimal 1218)
   defining Unicode char U+04D0 (decimal 1232)
   defining Unicode char U+04D1 (decimal 1233)
   defining Unicode char U+04D2 (decimal 1234)
   defining Unicode char U+04D3 (decimal 1235)
   defining Unicode char U+04D4 (decimal 1236)
   defining Unicode char U+04D5 (decimal 1237)
   defining Unicode char U+04D6 (decimal 1238)
   defining Unicode char U+04D7 (decimal 1239)
   defining Unicode char U+04D8 (decimal 1240)
   defining Unicode char U+04D9 (decimal 1241)
   defining Unicode char U+04DA (decimal 1242)
   defining Unicode char U+04DB (decimal 1243)
   defining Unicode char U+04DC (decimal 1244)
   defining Unicode char U+04DD (decimal 1245)
   defining Unicode char U+04DE (decimal 1246)
   defining Unicode char U+04DF (decimal 1247)
   defining Unicode char U+04E2 (decimal 1250)
   defining Unicode char U+04E3 (decimal 1251)
   defining Unicode char U+04E4 (decimal 1252)
   defining Unicode char U+04E5 (decimal 1253)
   defining Unicode char U+04E6 (decimal 1254)
   defining Unicode char U+04E7 (decimal 1255)
   defining Unicode char U+04E8 (decimal 1256)
   defining Unicode char U+04E9 (decimal 1257)
   defining Unicode char U+04EC (decimal 1260)
   defining Unicode char U+04ED (decimal 1261)
   defining Unicode char U+04EE (decimal 1262)
   defining Unicode char U+04EF (decimal 1263)
   defining Unicode char U+04F0 (decimal 1264)
   defining Unicode char U+04F1 (decimal 1265)
   defining Unicode char U+04F2 (decimal 1266)
   defining Unicode char U+04F3 (decimal 1267)
   defining Unicode char U+04F4 (decimal 1268)
   defining Unicode char U+04F5 (decimal 1269)
   defining Unicode char U+04F8 (decimal 1272)
   defining Unicode char U+04F9 (decimal 1273)
   defining Unicode char U+200C (decimal 8204)
   defining Unicode char U+2013 (decimal 8211)
   defining Unicode char U+2014 (decimal 8212)
   defining Unicode char U+2018 (decimal 8216)
   defining Unicode char U+2019 (decimal 8217)
   defining Unicode char U+201C (decimal 8220)
   defining Unicode char U+201D (decimal 8221)
   defining Unicode char U+201E (decimal 8222)
   defining Unicode char U+2030 (decimal 8240)
   defining Unicode char U+2031 (decimal 8241)
   defining Unicode char U+2116 (decimal 8470)
   defining Unicode char U+2329 (decimal 9001)
   defining Unicode char U+232A (decimal 9002)
   defining Unicode char U+2423 (decimal 9251)
   defining Unicode char U+27E8 (decimal 10216)
   defining Unicode char U+27E9 (decimal 10217)
   defining Unicode char U+FB00 (decimal 64256)
   defining Unicode char U+FB01 (decimal 64257)
   defining Unicode char U+FB02 (decimal 64258)
   defining Unicode char U+FB03 (decimal 64259)
   defining Unicode char U+FB04 (decimal 64260)
   defining Unicode char U+FB05 (decimal 64261)
   defining Unicode char U+FB06 (decimal 64262)
)
\symT2Aletters=\mathgroup4
)
LaTeX Font Info:    Trying to load font information for T2A+cmr on input line 112.
 (/usr/share/texlive/texmf-dist/tex/latex/cyrillic/t2acmr.fd
File: t2acmr.fd 2001/08/11 v1.0a Computer Modern Cyrillic font definitions
)<<t2a.cmap>>) (/usr/share/texlive/texmf-dist/tex/latex/base/inputenc.sty
Package: inputenc 2021/02/14 v1.3d Input encoding file
\inpenc@prehook=\toks16
\inpenc@posthook=\toks17
) (/usr/share/texlive/texmf-dist/tex/generic/babel/babel.sty
Package: babel 2022/01/26 3.70 The Babel package
\babel@savecnt=\count193
\U@D=\dimen140
\l@unhyphenated=\language87
 (/usr/share/texlive/texmf-dist/tex/generic/babel/txtbabel.def)
\bbl@readstream=\read2
\bbl@dirlevel=\count194
 (/usr/share/texlive/texmf-dist/tex/generic/babel-english/english.ldf
Language: english 2017/06/06 v3.3r English support from the babel system
Package babel Info: Hyphen rules for 'canadian' set to \l@english
(babel)             (\language0). Reported on input line 102.
Package babel Info: Hyphen rules for 'australian' set to \l@ukenglish
(babel)             (\language9). Reported on input line 105.
Package babel Info: Hyphen rules for 'newzealand' set to \l@ukenglish
(babel)             (\language9). Reported on input line 108.
) (/usr/share/texlive/texmf-dist/tex/generic/babel-russian/russianb.ldf
File: russianb.ldf 2021/01/10 1.3m Russian support for the Babel system
Language: russian 2020/09/09 1.3k Russian support for the Babel system
Package babel Info: Making " an active character on input line 124.
Package babel Info: Default for \cyrdash is provided on input line 163.
)) (/usr/share/texlive/texmf-dist/tex/latex/amsfonts/amsfonts.sty
Package: amsfonts 2013/01/14 v3.01 Basic AMSFonts support
\@emptytoks=\toks18
\symAMSa=\mathgroup5
\symAMSb=\mathgroup6
LaTeX Font Info:    Redeclaring math symbol \hbar on input line 98.
LaTeX Font Info:    Overwriting math alphabet `\mathfrak' in version `bold'
(Font)                  U/euf/m/n --> U/euf/b/n on input line 106.
) (/usr/share/texlive/texmf-dist/tex/latex/amsfonts/amssymb.sty
Package: amssymb 2013/01/14 v3.01 AMS font symbols
) (/usr/share/texlive/texmf-dist/tex/latex/amscls/amsthm.sty
Package: amsthm 2020/05/29 v2.20.6
\thm@style=\toks19
\thm@bodyfont=\toks20
\thm@headfont=\toks21
\thm@notefont=\toks22
\thm@headpunct=\toks23
\thm@preskip=\skip49
\thm@postskip=\skip50
\thm@headsep=\skip51
\dth@everypar=\toks24
) (/usr/share/texlive/texmf-dist/tex/latex/mathtools/mathtools.sty
Package: mathtools 2021/02/02 v1.28 mathematical typesetting tools
 (/usr/share/texlive/texmf-dist/tex/latex/graphics/keyval.sty
Package: keyval 2014/10/28 v1.15 key=value parser (DPC)
\KV@toks@=\toks25
) (/usr/share/texlive/texmf-dist/tex/latex/tools/calc.sty
Package: calc 2017/05/25 v4.3 Infix arithmetic (KKT,FJ)
\calc@Acount=\count195
\calc@Bcount=\count196
\calc@Adimen=\dimen141
\calc@Bdimen=\dimen142
\calc@Askip=\skip52
\calc@Bskip=\skip53
LaTeX Info: Redefining \setlength on input line 80.
LaTeX Info: Redefining \addtolength on input line 81.
\calc@Ccount=\count197
\calc@Cskip=\skip54
) (/usr/share/texlive/texmf-dist/tex/latex/mathtools/mhsetup.sty
Package: mhsetup 2021/03/18 v1.4 programming setup (MH)
) (/usr/share/texlive/texmf-dist/tex/latex/amsmath/amsmath.sty
Package: amsmath 2021/10/15 v2.17l AMS math features
\@mathmargin=\skip55

For additional information on amsmath, use the `?' option.
(/usr/share/texlive/texmf-dist/tex/latex/amsmath/amstext.sty
Package: amstext 2021/08/26 v2.01 AMS text
 (/usr/share/texlive/texmf-dist/tex/latex/amsmath/amsgen.sty
File: amsgen.sty 1999/11/30 v2.0 generic functions
\@emptytoks=\toks26
\ex@=\dimen143
)) (/usr/share/texlive/texmf-dist/tex/latex/amsmath/amsbsy.sty
Package: amsbsy 1999/11/29 v1.2d Bold Symbols
\pmbraise@=\dimen144
) (/usr/share/texlive/texmf-dist/tex/latex/amsmath/amsopn.sty
Package: amsopn 2021/08/26 v2.02 operator names
)
\inf@bad=\count198
LaTeX Info: Redefining \frac on input line 234.
\uproot@=\count199
\leftroot@=\count266
LaTeX Info: Redefining \overline on input line 399.
\classnum@=\count267
\DOTSCASE@=\count268
LaTeX Info: Redefining \ldots on input line 496.
LaTeX Info: Redefining \dots on input line 499.
LaTeX Info: Redefining \cdots on input line 620.
\Mathstrutbox@=\box50
\strutbox@=\box51
\big@size=\dimen145
LaTeX Font Info:    Redeclaring font encoding OML on input line 743.
\symOMLletters=\mathgroup7
LaTeX Font Info:    Redeclaring font encoding OMS on input line 744.
\symOMSletters=\mathgroup8
\macc@depth=\count269
\c@MaxMatrixCols=\count270
\dotsspace@=\muskip16
\c@parentequation=\count271
\dspbrk@lvl=\count272
\tag@help=\toks27
\row@=\count273
\column@=\count274
\maxfields@=\count275
\andhelp@=\toks28
\eqnshift@=\dimen146
\alignsep@=\dimen147
\tagshift@=\dimen148
\tagwidth@=\dimen149
\totwidth@=\dimen150
\lineht@=\dimen151
\@envbody=\toks29
\multlinegap=\skip56
\multlinetaggap=\skip57
\mathdisplay@stack=\toks30
LaTeX Info: Redefining \[ on input line 2938.
LaTeX Info: Redefining \] on input line 2939.
)
\g_MT_multlinerow_int=\count276
\l_MT_multwidth_dim=\dimen152
\origjot=\skip58
\l_MT_shortvdotswithinadjustabove_dim=\dimen153
\l_MT_shortvdotswithinadjustbelow_dim=\dimen154
\l_MT_above_intertext_sep=\dimen155
\l_MT_below_intertext_sep=\dimen156
\l_MT_above_shortintertext_sep=\dimen157
\l_MT_below_shortintertext_sep=\dimen158
\xmathstrut@box=\box52
\xmathstrut@dim=\dimen159
) (/usr/share/texlive/texmf-dist/tex/latex/was/icomma.sty
Package: icomma 2002/03/10 v2.0 (WaS)
) (/usr/share/texlive/texmf-dist/tex/latex/pdfpages/pdfpages.sty
Package: pdfpages 2022/01/29 v0.5u Insert pages of external PDF documents (AM)
 (/usr/share/texlive/texmf-dist/tex/latex/base/ifthen.sty
Package: ifthen 2020/11/24 v1.1c Standard LaTeX ifthen package (DPC)
) (/usr/share/texlive/texmf-dist/tex/latex/eso-pic/eso-pic.sty
Package: eso-pic 2020/10/14 v3.0a eso-pic (RN)
\ESO@tempdima=\dimen160
\ESO@tempdimb=\dimen161
 (/usr/share/texlive/texmf-dist/tex/latex/xcolor/xcolor.sty
Package: xcolor 2021/10/31 v2.13 LaTeX color extensions (UK)
 (/usr/share/texlive/texmf-dist/tex/latex/graphics-cfg/color.cfg
File: color.cfg 2016/01/02 v1.6 sample color configuration
)
Package xcolor Info: Driver file: pdftex.def on input line 227.
 (/usr/share/texlive/texmf-dist/tex/latex/graphics-def/pdftex.def
File: pdftex.def 2020/10/05 v1.2a Graphics/color driver for pdftex
)
Package xcolor Info: Model `cmy' substituted by `cmy0' on input line 1352.
Package xcolor Info: Model `hsb' substituted by `rgb' on input line 1356.
Package xcolor Info: Model `RGB' extended on input line 1368.
Package xcolor Info: Model `HTML' substituted by `rgb' on input line 1370.
Package xcolor Info: Model `Hsb' substituted by `hsb' on input line 1371.
Package xcolor Info: Model `tHsb' substituted by `hsb' on input line 1372.
Package xcolor Info: Model `HSB' substituted by `hsb' on input line 1373.
Package xcolor Info: Model `Gray' substituted by `gray' on input line 1374.
Package xcolor Info: Model `wave' substituted by `hsb' on input line 1375.
)) (/usr/share/texlive/texmf-dist/tex/latex/graphics/graphicx.sty
Package: graphicx 2021/09/16 v1.2d Enhanced LaTeX Graphics (DPC,SPQR)
 (/usr/share/texlive/texmf-dist/tex/latex/graphics/graphics.sty
Package: graphics 2021/03/04 v1.4d Standard LaTeX Graphics (DPC,SPQR)
 (/usr/share/texlive/texmf-dist/tex/latex/graphics/trig.sty
Package: trig 2021/08/11 v1.11 sin cos tan (DPC)
) (/usr/share/texlive/texmf-dist/tex/latex/graphics-cfg/graphics.cfg
File: graphics.cfg 2016/06/04 v1.11 sample graphics configuration
)
Package graphics Info: Driver file: pdftex.def on input line 107.
)
\Gin@req@height=\dimen162
\Gin@req@width=\dimen163
)
\AM@pagewidth=\dimen164
\AM@pageheight=\dimen165
\AM@fboxrule=\dimen166
 (/usr/share/texlive/texmf-dist/tex/latex/pdfpages/pppdftex.def
File: pppdftex.def 2022/01/29 v0.5u Pdfpages driver for pdfTeX (AM)
)
\pdfpages@includegraphics@status=\count277
\AM@pagebox=\box53
\AM@global@opts=\toks31
\AM@pagecnt=\count278
\AM@toc@title=\toks32
\c@AM@survey=\count279
\AM@templatesizebox=\box54
) (/usr/share/texlive/texmf-dist/tex/latex/pgf/basiclayer/pgf.sty (/usr/share/texlive/texmf-dist/tex/latex/pgf/utilities/pgfrcs.sty (/usr/share/texlive/texmf-dist/tex/generic/pgf/utilities/pgfutil-common.tex
\pgfutil@everybye=\toks33
\pgfutil@tempdima=\dimen167
\pgfutil@tempdimb=\dimen168
 (/usr/share/texlive/texmf-dist/tex/generic/pgf/utilities/pgfutil-common-lists.tex)) (/usr/share/texlive/texmf-dist/tex/generic/pgf/utilities/pgfutil-latex.def
\pgfutil@abb=\box55
) (/usr/share/texlive/texmf-dist/tex/generic/pgf/utilities/pgfrcs.code.tex (/usr/share/texlive/texmf-dist/tex/generic/pgf/pgf.revision.tex)
Package: pgfrcs 2021/05/15 v3.1.9a (3.1.9a)
))
Package: pgf 2021/05/15 v3.1.9a (3.1.9a)
 (/usr/share/texlive/texmf-dist/tex/latex/pgf/basiclayer/pgfcore.sty (/usr/share/texlive/texmf-dist/tex/latex/pgf/systemlayer/pgfsys.sty (/usr/share/texlive/texmf-dist/tex/generic/pgf/systemlayer/pgfsys.code.tex
Package: pgfsys 2021/05/15 v3.1.9a (3.1.9a)
 (/usr/share/texlive/texmf-dist/tex/generic/pgf/utilities/pgfkeys.code.tex
\pgfkeys@pathtoks=\toks34
\pgfkeys@temptoks=\toks35
 (/usr/share/texlive/texmf-dist/tex/generic/pgf/utilities/pgfkeysfiltered.code.tex
\pgfkeys@tmptoks=\toks36
))
\pgf@x=\dimen169
\pgf@y=\dimen170
\pgf@xa=\dimen171
\pgf@ya=\dimen172
\pgf@xb=\dimen173
\pgf@yb=\dimen174
\pgf@xc=\dimen175
\pgf@yc=\dimen176
\pgf@xd=\dimen177
\pgf@yd=\dimen178
\w@pgf@writea=\write3
\r@pgf@reada=\read3
\c@pgf@counta=\count280
\c@pgf@countb=\count281
\c@pgf@countc=\count282
\c@pgf@countd=\count283
\t@pgf@toka=\toks37
\t@pgf@tokb=\toks38
\t@pgf@tokc=\toks39
\pgf@sys@id@count=\count284
 (/usr/share/texlive/texmf-dist/tex/generic/pgf/systemlayer/pgf.cfg
File: pgf.cfg 2021/05/15 v3.1.9a (3.1.9a)
)
Driver file for pgf: pgfsys-pdftex.def
 (/usr/share/texlive/texmf-dist/tex/generic/pgf/systemlayer/pgfsys-pdftex.def
File: pgfsys-pdftex.def 2021/05/15 v3.1.9a (3.1.9a)
 (/usr/share/texlive/texmf-dist/tex/generic/pgf/systemlayer/pgfsys-common-pdf.def
File: pgfsys-common-pdf.def 2021/05/15 v3.1.9a (3.1.9a)
))) (/usr/share/texlive/texmf-dist/tex/generic/pgf/systemlayer/pgfsyssoftpath.code.tex
File: pgfsyssoftpath.code.tex 2021/05/15 v3.1.9a (3.1.9a)
\pgfsyssoftpath@smallbuffer@items=\count285
\pgfsyssoftpath@bigbuffer@items=\count286
) (/usr/share/texlive/texmf-dist/tex/generic/pgf/systemlayer/pgfsysprotocol.code.tex
File: pgfsysprotocol.code.tex 2021/05/15 v3.1.9a (3.1.9a)
)) (/usr/share/texlive/texmf-dist/tex/generic/pgf/basiclayer/pgfcore.code.tex
Package: pgfcore 2021/05/15 v3.1.9a (3.1.9a)
 (/usr/share/texlive/texmf-dist/tex/generic/pgf/math/pgfmath.code.tex (/usr/share/texlive/texmf-dist/tex/generic/pgf/math/pgfmathcalc.code.tex (/usr/share/texlive/texmf-dist/tex/generic/pgf/math/pgfmathutil.code.tex) (/usr/share/texlive/texmf-dist/tex/generic/pgf/math/pgfmathparser.code.tex
\pgfmath@dimen=\dimen179
\pgfmath@count=\count287
\pgfmath@box=\box56
\pgfmath@toks=\toks40
\pgfmath@stack@operand=\toks41
\pgfmath@stack@operation=\toks42
) (/usr/share/texlive/texmf-dist/tex/generic/pgf/math/pgfmathfunctions.code.tex (/usr/share/texlive/texmf-dist/tex/generic/pgf/math/pgfmathfunctions.basic.code.tex) (/usr/share/texlive/texmf-dist/tex/generic/pgf/math/pgfmathfunctions.trigonometric.code.tex) (/usr/share/texlive/texmf-dist/tex/generic/pgf/math/pgfmathfunctions.random.code.tex) (/usr/share/texlive/texmf-dist/tex/generic/pgf/math/pgfmathfunctions.comparison.code.tex) (/usr/share/texlive/texmf-dist/tex/generic/pgf/math/pgfmathfunctions.base.code.tex) (/usr/share/texlive/texmf-dist/tex/generic/pgf/math/pgfmathfunctions.round.code.tex) (/usr/share/texlive/texmf-dist/tex/generic/pgf/math/pgfmathfunctions.misc.code.tex) (/usr/share/texlive/texmf-dist/tex/generic/pgf/math/pgfmathfunctions.integerarithmetics.code.tex))) (/usr/share/texlive/texmf-dist/tex/generic/pgf/math/pgfmathfloat.code.tex
\c@pgfmathroundto@lastzeros=\count288
)) (/usr/share/texlive/texmf-dist/tex/generic/pgf/math/pgfint.code.tex) (/usr/share/texlive/texmf-dist/tex/generic/pgf/basiclayer/pgfcorepoints.code.tex
File: pgfcorepoints.code.tex 2021/05/15 v3.1.9a (3.1.9a)
\pgf@picminx=\dimen180
\pgf@picmaxx=\dimen181
\pgf@picminy=\dimen182
\pgf@picmaxy=\dimen183
\pgf@pathminx=\dimen184
\pgf@pathmaxx=\dimen185
\pgf@pathminy=\dimen186
\pgf@pathmaxy=\dimen187
\pgf@xx=\dimen188
\pgf@xy=\dimen189
\pgf@yx=\dimen190
\pgf@yy=\dimen191
\pgf@zx=\dimen192
\pgf@zy=\dimen193
) (/usr/share/texlive/texmf-dist/tex/generic/pgf/basiclayer/pgfcorepathconstruct.code.tex
File: pgfcorepathconstruct.code.tex 2021/05/15 v3.1.9a (3.1.9a)
\pgf@path@lastx=\dimen194
\pgf@path@lasty=\dimen195
) (/usr/share/texlive/texmf-dist/tex/generic/pgf/basiclayer/pgfcorepathusage.code.tex
File: pgfcorepathusage.code.tex 2021/05/15 v3.1.9a (3.1.9a)
\pgf@shorten@end@additional=\dimen196
\pgf@shorten@start@additional=\dimen197
) (/usr/share/texlive/texmf-dist/tex/generic/pgf/basiclayer/pgfcorescopes.code.tex
File: pgfcorescopes.code.tex 2021/05/15 v3.1.9a (3.1.9a)
\pgfpic=\box57
\pgf@hbox=\box58
\pgf@layerbox@main=\box59
\pgf@picture@serial@count=\count289
) (/usr/share/texlive/texmf-dist/tex/generic/pgf/basiclayer/pgfcoregraphicstate.code.tex
File: pgfcoregraphicstate.code.tex 2021/05/15 v3.1.9a (3.1.9a)
\pgflinewidth=\dimen198
) (/usr/share/texlive/texmf-dist/tex/generic/pgf/basiclayer/pgfcoretransformations.code.tex
File: pgfcoretransformations.code.tex 2021/05/15 v3.1.9a (3.1.9a)
\pgf@pt@x=\dimen199
\pgf@pt@y=\dimen256
\pgf@pt@temp=\dimen257
) (/usr/share/texlive/texmf-dist/tex/generic/pgf/basiclayer/pgfcorequick.code.tex
File: pgfcorequick.code.tex 2021/05/15 v3.1.9a (3.1.9a)
) (/usr/share/texlive/texmf-dist/tex/generic/pgf/basiclayer/pgfcoreobjects.code.tex
File: pgfcoreobjects.code.tex 2021/05/15 v3.1.9a (3.1.9a)
) (/usr/share/texlive/texmf-dist/tex/generic/pgf/basiclayer/pgfcorepathprocessing.code.tex
File: pgfcorepathprocessing.code.tex 2021/05/15 v3.1.9a (3.1.9a)
) (/usr/share/texlive/texmf-dist/tex/generic/pgf/basiclayer/pgfcorearrows.code.tex
File: pgfcorearrows.code.tex 2021/05/15 v3.1.9a (3.1.9a)
\pgfarrowsep=\dimen258
) (/usr/share/texlive/texmf-dist/tex/generic/pgf/basiclayer/pgfcoreshade.code.tex
File: pgfcoreshade.code.tex 2021/05/15 v3.1.9a (3.1.9a)
\pgf@max=\dimen259
\pgf@sys@shading@range@num=\count290
\pgf@shadingcount=\count291
) (/usr/share/texlive/texmf-dist/tex/generic/pgf/basiclayer/pgfcoreimage.code.tex
File: pgfcoreimage.code.tex 2021/05/15 v3.1.9a (3.1.9a)
 (/usr/share/texlive/texmf-dist/tex/generic/pgf/basiclayer/pgfcoreexternal.code.tex
File: pgfcoreexternal.code.tex 2021/05/15 v3.1.9a (3.1.9a)
\pgfexternal@startupbox=\box60
)) (/usr/share/texlive/texmf-dist/tex/generic/pgf/basiclayer/pgfcorelayers.code.tex
File: pgfcorelayers.code.tex 2021/05/15 v3.1.9a (3.1.9a)
) (/usr/share/texlive/texmf-dist/tex/generic/pgf/basiclayer/pgfcoretransparency.code.tex
File: pgfcoretransparency.code.tex 2021/05/15 v3.1.9a (3.1.9a)
) (/usr/share/texlive/texmf-dist/tex/generic/pgf/basiclayer/pgfcorepatterns.code.tex
File: pgfcorepatterns.code.tex 2021/05/15 v3.1.9a (3.1.9a)
) (/usr/share/texlive/texmf-dist/tex/generic/pgf/basiclayer/pgfcorerdf.code.tex
File: pgfcorerdf.code.tex 2021/05/15 v3.1.9a (3.1.9a)
))) (/usr/share/texlive/texmf-dist/tex/generic/pgf/modules/pgfmoduleshapes.code.tex
File: pgfmoduleshapes.code.tex 2021/05/15 v3.1.9a (3.1.9a)
\pgfnodeparttextbox=\box61
) (/usr/share/texlive/texmf-dist/tex/generic/pgf/modules/pgfmoduleplot.code.tex
File: pgfmoduleplot.code.tex 2021/05/15 v3.1.9a (3.1.9a)
) (/usr/share/texlive/texmf-dist/tex/latex/pgf/compatibility/pgfcomp-version-0-65.sty
Package: pgfcomp-version-0-65 2021/05/15 v3.1.9a (3.1.9a)
\pgf@nodesepstart=\dimen260
\pgf@nodesepend=\dimen261
) (/usr/share/texlive/texmf-dist/tex/latex/pgf/compatibility/pgfcomp-version-1-18.sty
Package: pgfcomp-version-1-18 2021/05/15 v3.1.9a (3.1.9a)
))
   defining Unicode char U+2212 (decimal 8722)
 (/usr/share/texlive/texmf-dist/tex/latex/hyperref/hyperref.sty
Package: hyperref 2021-06-07 v7.00m Hypertext links for LaTeX
 (/usr/share/texlive/texmf-dist/tex/generic/ltxcmds/ltxcmds.sty
Package: ltxcmds 2020-05-10 v1.25 LaTeX kernel commands for general use (HO)
) (/usr/share/texlive/texmf-dist/tex/generic/iftex/iftex.sty
Package: iftex 2020/03/06 v1.0d TeX engine tests
) (/usr/share/texlive/texmf-dist/tex/generic/pdftexcmds/pdftexcmds.sty
Package: pdftexcmds 2020-06-27 v0.33 Utility functions of pdfTeX for LuaTeX (HO)
 (/usr/share/texlive/texmf-dist/tex/generic/infwarerr/infwarerr.sty
Package: infwarerr 2019/12/03 v1.5 Providing info/warning/error messages (HO)
)
Package pdftexcmds Info: \pdf@primitive is available.
Package pdftexcmds Info: \pdf@ifprimitive is available.
Package pdftexcmds Info: \pdfdraftmode found.
) (/usr/share/texlive/texmf-dist/tex/generic/kvsetkeys/kvsetkeys.sty
Package: kvsetkeys 2019/12/15 v1.18 Key value parser (HO)
) (/usr/share/texlive/texmf-dist/tex/generic/kvdefinekeys/kvdefinekeys.sty
Package: kvdefinekeys 2019-12-19 v1.6 Define keys (HO)
) (/usr/share/texlive/texmf-dist/tex/generic/pdfescape/pdfescape.sty
Package: pdfescape 2019/12/09 v1.15 Implements pdfTeX's escape features (HO)
) (/usr/share/texlive/texmf-dist/tex/latex/hycolor/hycolor.sty
Package: hycolor 2020-01-27 v1.10 Color options for hyperref/bookmark (HO)
) (/usr/share/texlive/texmf-dist/tex/latex/letltxmacro/letltxmacro.sty
Package: letltxmacro 2019/12/03 v1.6 Let assignment for LaTeX macros (HO)
) (/usr/share/texlive/texmf-dist/tex/latex/auxhook/auxhook.sty
Package: auxhook 2019-12-17 v1.6 Hooks for auxiliary files (HO)
) (/usr/share/texlive/texmf-dist/tex/latex/kvoptions/kvoptions.sty
Package: kvoptions 2020-10-07 v3.14 Key value format for package options (HO)
)
\@linkdim=\dimen262
\Hy@linkcounter=\count292
\Hy@pagecounter=\count293
 (/usr/share/texlive/texmf-dist/tex/latex/hyperref/pd1enc.def
File: pd1enc.def 2021-06-07 v7.00m Hyperref: PDFDocEncoding definition (HO)
Now handling font encoding PD1 ...
... no UTF-8 mapping file for font encoding PD1
\symPD1letters=\mathgroup9
) (/usr/share/texlive/texmf-dist/tex/latex/hyperref/hyperref-langpatches.def
File: hyperref-langpatches.def 2021-06-07 v7.00m Hyperref: patches for babel languages
) (/usr/share/texlive/texmf-dist/tex/generic/intcalc/intcalc.sty
Package: intcalc 2019/12/15 v1.3 Expandable calculations with integers (HO)
) (/usr/share/texlive/texmf-dist/tex/generic/etexcmds/etexcmds.sty
Package: etexcmds 2019/12/15 v1.7 Avoid name clashes with e-TeX commands (HO)
)
\Hy@SavedSpaceFactor=\count294
 (/usr/share/texlive/texmf-dist/tex/latex/hyperref/puenc.def
File: puenc.def 2021-06-07 v7.00m Hyperref: PDF Unicode definition (HO)
Now handling font encoding PU ...
... no UTF-8 mapping file for font encoding PU
\symPUletters=\mathgroup10
)
Package hyperref Info: Option `unicode' set `true' on input line 3167.
Package hyperref Info: Hyper figures OFF on input line 4192.
Package hyperref Info: Link nesting OFF on input line 4197.
Package hyperref Info: Hyper index ON on input line 4200.
Package hyperref Info: Plain pages OFF on input line 4207.
Package hyperref Info: Backreferencing OFF on input line 4212.
Package hyperref Info: Implicit mode ON; LaTeX internals redefined.
Package hyperref Info: Bookmarks ON on input line 4445.
\c@Hy@tempcnt=\count295
 (/usr/share/texlive/texmf-dist/tex/latex/url/url.sty
\Urlmuskip=\muskip17
Package: url 2013/09/16  ver 3.4  Verb mode for urls, etc.
)
LaTeX Info: Redefining \url on input line 4804.
\XeTeXLinkMargin=\dimen263
 (/usr/share/texlive/texmf-dist/tex/generic/bitset/bitset.sty
Package: bitset 2019/12/09 v1.3 Handle bit-vector datatype (HO)
 (/usr/share/texlive/texmf-dist/tex/generic/bigintcalc/bigintcalc.sty
Package: bigintcalc 2019/12/15 v1.5 Expandable calculations on big integers (HO)
))
\Fld@menulength=\count296
\Field@Width=\dimen264
\Fld@charsize=\dimen265
Package hyperref Info: Hyper figures OFF on input line 6076.
Package hyperref Info: Link nesting OFF on input line 6081.
Package hyperref Info: Hyper index ON on input line 6084.
Package hyperref Info: backreferencing OFF on input line 6091.
Package hyperref Info: Link coloring OFF on input line 6096.
Package hyperref Info: Link coloring with OCG OFF on input line 6101.
Package hyperref Info: PDF/A mode OFF on input line 6106.
LaTeX Info: Redefining \ref on input line 6146.
LaTeX Info: Redefining \pageref on input line 6150.
 (/usr/share/texlive/texmf-dist/tex/latex/base/atbegshi-ltx.sty
Package: atbegshi-ltx 2021/01/10 v1.0c Emulation of the original atbegshi
package with kernel methods
)
\Hy@abspage=\count297
\c@Item=\count298
\c@Hfootnote=\count299
)
Package hyperref Info: Driver (autodetected): hpdftex.
 (/usr/share/texlive/texmf-dist/tex/latex/hyperref/hpdftex.def
File: hpdftex.def 2021-06-07 v7.00m Hyperref driver for pdfTeX
 (/usr/share/texlive/texmf-dist/tex/latex/base/atveryend-ltx.sty
Package: atveryend-ltx 2020/08/19 v1.0a Emulation of the original atveryend package
with kernel methods
)
\Fld@listcount=\count300
\c@bookmark@seq@number=\count301
 (/usr/share/texlive/texmf-dist/tex/latex/rerunfilecheck/rerunfilecheck.sty
Package: rerunfilecheck 2019/12/05 v1.9 Rerun checks for auxiliary files (HO)
 (/usr/share/texlive/texmf-dist/tex/generic/uniquecounter/uniquecounter.sty
Package: uniquecounter 2019/12/15 v1.4 Provide unlimited unique counter (HO)
)
Package uniquecounter Info: New unique counter `rerunfilecheck' on input line 286.
)
\Hy@SectionHShift=\skip59
)
Package hyperref Info: Option `colorlinks' set `false' on input line 30.
 (/usr/share/texlive/texmf-dist/tex/latex/float/float.sty
Package: float 2001/11/08 v1.3d Float enhancements (AL)
\c@float@type=\count302
\float@exts=\toks43
\float@box=\box62
\@float@everytoks=\toks44
\@floatcapt=\box63
) (/usr/share/texlive/texmf-dist/tex/latex/placeins/placeins.sty
Package: placeins 2005/04/18  v 2.2
) (/usr/share/texlive/texmf-dist/tex/latex/geometry/geometry.sty
Package: geometry 2020/01/02 v5.9 Page Geometry
 (/usr/share/texlive/texmf-dist/tex/generic/iftex/ifvtex.sty
Package: ifvtex 2019/10/25 v1.7 ifvtex legacy package. Use iftex instead.
)
\Gm@cnth=\count303
\Gm@cntv=\count304
\c@Gm@tempcnt=\count305
\Gm@bindingoffset=\dimen266
\Gm@wd@mp=\dimen267
\Gm@odd@mp=\dimen268
\Gm@even@mp=\dimen269
\Gm@layoutwidth=\dimen270
\Gm@layoutheight=\dimen271
\Gm@layouthoffset=\dimen272
\Gm@layoutvoffset=\dimen273
\Gm@dimlist=\toks45
) (/usr/share/texlive/texmf-dist/tex/latex/setspace/setspace.sty
Package: setspace 2011/12/19 v6.7a set line spacing
) (/usr/share/texlive/texmf-dist/tex/latex/psnfss/mathptmx.sty
Package: mathptmx 2020/03/25 PSNFSS-v9.3 Times w/ Math, improved (SPQR, WaS) 
LaTeX Font Info:    Redeclaring symbol font `operators' on input line 28.
LaTeX Font Info:    Overwriting symbol font `operators' in version `normal'
(Font)                  OT1/cmr/m/n --> OT1/ztmcm/m/n on input line 28.
LaTeX Font Info:    Overwriting symbol font `operators' in version `bold'
(Font)                  OT1/cmr/bx/n --> OT1/ztmcm/m/n on input line 28.
LaTeX Font Info:    Redeclaring symbol font `letters' on input line 29.
LaTeX Font Info:    Overwriting symbol font `letters' in version `normal'
(Font)                  OML/cmm/m/it --> OML/ztmcm/m/it on input line 29.
LaTeX Font Info:    Overwriting symbol font `letters' in version `bold'
(Font)                  OML/cmm/b/it --> OML/ztmcm/m/it on input line 29.
LaTeX Font Info:    Redeclaring symbol font `symbols' on input line 30.
LaTeX Font Info:    Overwriting symbol font `symbols' in version `normal'
(Font)                  OMS/cmsy/m/n --> OMS/ztmcm/m/n on input line 30.
LaTeX Font Info:    Overwriting symbol font `symbols' in version `bold'
(Font)                  OMS/cmsy/b/n --> OMS/ztmcm/m/n on input line 30.
LaTeX Font Info:    Redeclaring symbol font `largesymbols' on input line 31.
LaTeX Font Info:    Overwriting symbol font `largesymbols' in version `normal'
(Font)                  OMX/cmex/m/n --> OMX/ztmcm/m/n on input line 31.
LaTeX Font Info:    Overwriting symbol font `largesymbols' in version `bold'
(Font)                  OMX/cmex/m/n --> OMX/ztmcm/m/n on input line 31.
\symbold=\mathgroup11
\symitalic=\mathgroup12
LaTeX Font Info:    Redeclaring math alphabet \mathbf on input line 34.
LaTeX Font Info:    Overwriting math alphabet `\mathbf' in version `normal'
(Font)                  OT1/cmr/bx/n --> OT1/ptm/bx/n on input line 34.
LaTeX Font Info:    Overwriting math alphabet `\mathbf' in version `bold'
(Font)                  OT1/cmr/bx/n --> OT1/ptm/bx/n on input line 34.
LaTeX Font Info:    Redeclaring math alphabet \mathit on input line 35.
LaTeX Font Info:    Overwriting math alphabet `\mathit' in version `normal'
(Font)                  OT1/cmr/m/it --> OT1/ptm/m/it on input line 35.
LaTeX Font Info:    Overwriting math alphabet `\mathit' in version `bold'
(Font)                  OT1/cmr/bx/it --> OT1/ptm/m/it on input line 35.
LaTeX Info: Redefining \hbar on input line 50.
) (/usr/share/texlive/texmf-dist/tex/latex/wrapfig/wrapfig.sty
\wrapoverhang=\dimen274
\WF@size=\dimen275
\c@WF@wrappedlines=\count306
\WF@box=\box64
\WF@everypar=\toks46
Package: wrapfig 2003/01/31  v 3.6
) (/usr/share/texlive/texmf-dist/tex/latex/caption/caption.sty
Package: caption 2020/10/26 v3.5g Customizing captions (AR)
 (/usr/share/texlive/texmf-dist/tex/latex/caption/caption3.sty
Package: caption3 2020/10/21 v2.2e caption3 kernel (AR)
\captionmargin=\dimen276
\captionmargin@=\dimen277
\captionwidth=\dimen278
\caption@tempdima=\dimen279
\caption@indent=\dimen280
\caption@parindent=\dimen281
\caption@hangindent=\dimen282
Package caption Info: Standard document class detected.
)
\c@caption@flags=\count307
\c@continuedfloat=\count308
Package caption Info: float package is loaded.
Package caption Info: hyperref package is loaded.
Package caption Info: wrapfig package is loaded.
) (/usr/share/texlive/texmf-dist/tex/latex/caption/subcaption.sty
Package: subcaption 2020/10/07 v1.3j Sub-captions (AR)
\c@subfigure=\count309
\c@subtable=\count310
)
LaTeX Font Info:    Trying to load font information for T2A+ptm on input line 53.
LaTeX Font Info:    No file T2Aptm.fd. on input line 53.


LaTeX Font Warning: Font shape `T2A/ptm/m/n' undefined
(Font)              using `T2A/cmr/m/n' instead on input line 53.

(/usr/share/texlive/texmf-dist/tex/latex/l3backend/l3backend-pdftex.def
File: l3backend-pdftex.def 2022-01-12 L3 backend support: PDF output (pdfTeX)
\l__color_backend_stack_int=\count311
\l__pdf_internal_box=\box65
) (./VKR.aux)
\openout1 = `VKR.aux'.

LaTeX Font Info:    Checking defaults for OML/cmm/m/it on input line 53.
LaTeX Font Info:    ... okay on input line 53.
LaTeX Font Info:    Checking defaults for OMS/cmsy/m/n on input line 53.
LaTeX Font Info:    ... okay on input line 53.
LaTeX Font Info:    Checking defaults for OT1/cmr/m/n on input line 53.
LaTeX Font Info:    ... okay on input line 53.
LaTeX Font Info:    Checking defaults for T1/cmr/m/n on input line 53.
LaTeX Font Info:    ... okay on input line 53.
LaTeX Font Info:    Checking defaults for TS1/cmr/m/n on input line 53.
LaTeX Font Info:    ... okay on input line 53.
LaTeX Font Info:    Checking defaults for OMX/cmex/m/n on input line 53.
LaTeX Font Info:    ... okay on input line 53.
LaTeX Font Info:    Checking defaults for U/cmr/m/n on input line 53.
LaTeX Font Info:    ... okay on input line 53.
LaTeX Font Info:    Checking defaults for T2A/cmr/m/n on input line 53.
LaTeX Font Info:    ... okay on input line 53.
LaTeX Font Info:    Checking defaults for PD1/pdf/m/n on input line 53.
LaTeX Font Info:    ... okay on input line 53.
LaTeX Font Info:    Checking defaults for PU/pdf/m/n on input line 53.
LaTeX Font Info:    ... okay on input line 53.
LaTeX Info: Redefining \th on input line 53.
 (/usr/share/texlive/texmf-dist/tex/context/base/mkii/supp-pdf.mkii
[Loading MPS to PDF converter (version 2006.09.02).]
\scratchcounter=\count312
\scratchdimen=\dimen283
\scratchbox=\box66
\nofMPsegments=\count313
\nofMParguments=\count314
\everyMPshowfont=\toks47
\MPscratchCnt=\count315
\MPscratchDim=\dimen284
\MPnumerator=\count316
\makeMPintoPDFobject=\count317
\everyMPtoPDFconversion=\toks48
) (/usr/share/texlive/texmf-dist/tex/latex/epstopdf-pkg/epstopdf-base.sty
Package: epstopdf-base 2020-01-24 v2.11 Base part for package epstopdf
Package epstopdf-base Info: Redefining graphics rule for `.eps' on input line 485.
 (/usr/share/texlive/texmf-dist/tex/latex/latexconfig/epstopdf-sys.cfg
File: epstopdf-sys.cfg 2010/07/13 v1.3 Configuration of (r)epstopdf for TeX Live
)) (/usr/share/texlive/texmf-dist/tex/latex/pdflscape/pdflscape.sty
Package: pdflscape 2019/12/05 v0.12 Display of landscape pages in PDF (HO)
 (/usr/share/texlive/texmf-dist/tex/latex/graphics/lscape.sty
Package: lscape 2020/05/28 v3.02 Landscape Pages (DPC)
)
Package pdflscape Info: Auto-detected driver: pdftex on input line 81.
)
Package hyperref Info: Link coloring OFF on input line 53.
 (/usr/share/texlive/texmf-dist/tex/latex/hyperref/nameref.sty
Package: nameref 2021-04-02 v2.47 Cross-referencing by name of section
 (/usr/share/texlive/texmf-dist/tex/latex/refcount/refcount.sty
Package: refcount 2019/12/15 v3.6 Data extraction from label references (HO)
) (/usr/share/texlive/texmf-dist/tex/generic/gettitlestring/gettitlestring.sty
Package: gettitlestring 2019/12/15 v1.6 Cleanup title references (HO)
)
\c@section@level=\count318
)
LaTeX Info: Redefining \ref on input line 53.
LaTeX Info: Redefining \pageref on input line 53.
LaTeX Info: Redefining \nameref on input line 53.
 (./VKR.out) (./VKR.out)
\@outlinefile=\write4
\openout4 = `VKR.out'.


*geometry* driver: auto-detecting
*geometry* detected driver: pdftex
*geometry* verbose mode - [ preamble ] result:
* driver: pdftex
* paper: a4paper
* layout: <same size as paper>
* layoutoffset:(h,v)=(0.0pt,0.0pt)
* modes: 
* h-part:(L,W,R)=(56.9055pt, 512.14963pt, 28.45274pt)
* v-part:(T,H,B)=(56.9055pt, 731.23584pt, 56.9055pt)
* \paperwidth=597.50787pt
* \paperheight=845.04684pt
* \textwidth=512.14963pt
* \textheight=731.23584pt
* \oddsidemargin=-15.36449pt
* \evensidemargin=-15.36449pt
* \topmargin=-15.36449pt
* \headheight=0.0pt
* \headsep=0.0pt
* \topskip=14.0pt
* \footskip=30.0pt
* \marginparwidth=15.0pt
* \marginparsep=10.0pt
* \columnsep=10.0pt
* \skip\footins=12.0pt plus 4.0pt minus 2.0pt
* \hoffset=0.0pt
* \voffset=0.0pt
* \mag=1000
* \@twocolumnfalse
* \@twosidefalse
* \@mparswitchfalse
* \@reversemarginfalse
* (1in=72.27pt=25.4mm, 1cm=28.453pt)

Package caption Info: Begin \AtBeginDocument code.
Package caption Info: End \AtBeginDocument code.


pdfTeX warning: pdflatex (file ./VKR_title.pdf): PDF inclusion: found PDF version <1.6>, but at most version <1.5> allowed
<VKR_title.pdf, id=40, 597.53635pt x 845.04686pt>
File: VKR_title.pdf Graphic file (type pdf)
<use VKR_title.pdf>
Package pdftex.def Info: VKR_title.pdf  used on input line 56.
(pdftex.def)             Requested size: 597.53488pt x 845.0448pt.


pdfTeX warning: pdflatex (file ./VKR_title.pdf): PDF inclusion: found PDF version <1.6>, but at most version <1.5> allowed
File: VKR_title.pdf Graphic file (type pdf)
<use VKR_title.pdf>
Package pdftex.def Info: VKR_title.pdf  used on input line 56.
(pdftex.def)             Requested size: 597.53488pt x 845.0448pt.


pdfTeX warning: pdflatex (file ./VKR_title.pdf): PDF inclusion: found PDF version <1.6>, but at most version <1.5> allowed


pdfTeX warning: pdflatex (file ./VKR_title.pdf): PDF inclusion: found PDF version <1.6>, but at most version <1.5> allowed
<VKR_title.pdf, id=43, page=1, 597.53635pt x 845.04686pt>
File: VKR_title.pdf Graphic file (type pdf)
<use VKR_title.pdf, page 1>
Package pdftex.def Info: VKR_title.pdf , page1 used on input line 56.
(pdftex.def)             Requested size: 597.53488pt x 845.0448pt.
File: VKR_title.pdf Graphic file (type pdf)
<use VKR_title.pdf, page 1>
Package pdftex.def Info: VKR_title.pdf , page1 used on input line 56.
(pdftex.def)             Requested size: 597.56223pt x 845.08348pt.
File: VKR_title.pdf Graphic file (type pdf)
<use VKR_title.pdf, page 1>
Package pdftex.def Info: VKR_title.pdf , page1 used on input line 56.
(pdftex.def)             Requested size: 597.56223pt x 845.08348pt.
File: VKR_title.pdf Graphic file (type pdf)
<use VKR_title.pdf, page 1>
Package pdftex.def Info: VKR_title.pdf , page1 used on input line 56.
(pdftex.def)             Requested size: 597.56223pt x 845.08348pt.
File: VKR_title.pdf Graphic file (type pdf)
<use VKR_title.pdf, page 1>
Package pdftex.def Info: VKR_title.pdf , page1 used on input line 56.
(pdftex.def)             Requested size: 597.56223pt x 845.08348pt.
[1

 <./VKR_title.pdf>]

pdfTeX warning: pdflatex (file ./VKR_tz.pdf): PDF inclusion: found PDF version <1.6>, but at most version <1.5> allowed
<VKR_tz.pdf, id=61, 597.53635pt x 845.04686pt>
File: VKR_tz.pdf Graphic file (type pdf)
<use VKR_tz.pdf>
Package pdftex.def Info: VKR_tz.pdf  used on input line 57.
(pdftex.def)             Requested size: 597.53488pt x 845.0448pt.


pdfTeX warning: pdflatex (file ./VKR_tz.pdf): PDF inclusion: found PDF version <1.6>, but at most version <1.5> allowed
File: VKR_tz.pdf Graphic file (type pdf)
<use VKR_tz.pdf>
Package pdftex.def Info: VKR_tz.pdf  used on input line 57.
(pdftex.def)             Requested size: 597.53488pt x 845.0448pt.


pdfTeX warning: pdflatex (file ./VKR_tz.pdf): PDF inclusion: found PDF version <1.6>, but at most version <1.5> allowed


pdfTeX warning: pdflatex (file ./VKR_tz.pdf): PDF inclusion: found PDF version <1.6>, but at most version <1.5> allowed
<VKR_tz.pdf, id=64, page=1, 597.53635pt x 845.04686pt>
File: VKR_tz.pdf Graphic file (type pdf)
<use VKR_tz.pdf, page 1>
Package pdftex.def Info: VKR_tz.pdf , page1 used on input line 57.
(pdftex.def)             Requested size: 597.53488pt x 845.0448pt.
File: VKR_tz.pdf Graphic file (type pdf)
<use VKR_tz.pdf, page 1>
Package pdftex.def Info: VKR_tz.pdf , page1 used on input line 57.
(pdftex.def)             Requested size: 597.56223pt x 845.08348pt.
File: VKR_tz.pdf Graphic file (type pdf)
<use VKR_tz.pdf, page 1>
Package pdftex.def Info: VKR_tz.pdf , page1 used on input line 57.
(pdftex.def)             Requested size: 597.56223pt x 845.08348pt.
File: VKR_tz.pdf Graphic file (type pdf)
<use VKR_tz.pdf, page 1>
Package pdftex.def Info: VKR_tz.pdf , page1 used on input line 57.
(pdftex.def)             Requested size: 597.56223pt x 845.08348pt.
File: VKR_tz.pdf Graphic file (type pdf)
<use VKR_tz.pdf, page 1>
Package pdftex.def Info: VKR_tz.pdf , page1 used on input line 57.
(pdftex.def)             Requested size: 597.56223pt x 845.08348pt.
[2 <./VKR_tz.pdf>] (./Sections/Annotation_ru.tex

LaTeX Font Warning: Font shape `T2A/ptm/b/n' undefined
(Font)              using `T2A/ptm/m/n' instead on input line 1.

) [3{/var/lib/texmf/fonts/map/pdftex/updmap/pdftex.map}] (./Sections/Annotation_eng.tex)
Overfull \hbox (7.71712pt too wide) in paragraph at lines 3--63
\T2A/ptm/m/n/14.4 This paper studies magnetic properties of the Ising model on ensembles of conformations.
 []


Overfull \hbox (3.83235pt too wide) in paragraph at lines 3--63
\T2A/ptm/m/n/14.4 This work focuses on the relationship between the structural properties of conformations
 []


Overfull \hbox (0.70705pt too wide) in paragraph at lines 3--63
\T2A/ptm/m/n/14.4 Since at low temperatures the structure of conformations is similar to a two-dimensional
 []

[4] (./VKR.toc
LaTeX Font Info:    Trying to load font information for OT1+ptm on input line 1.
 (/usr/share/texlive/texmf-dist/tex/latex/psnfss/ot1ptm.fd
File: ot1ptm.fd 2001/06/04 font definitions for OT1/ptm.
)<<ot1.cmap>>)
\tf@toc=\write5
\openout5 = `VKR.toc'.

 [5] (./Sections/Introduction_2.0.tex
<images//../images/loose_conf.png, id=109, 350.30875pt x 231.86626pt>
File: images//../images/loose_conf.png Graphic file (type png)
<use images//../images/loose_conf.png>
Package pdftex.def Info: images//../images/loose_conf.png  used on input line 7.
(pdftex.def)             Requested size: 230.46576pt x 152.54749pt.
LaTeX Font Info:    Trying to load font information for OT1+ztmcm on input line 9.
 (/usr/share/texlive/texmf-dist/tex/latex/psnfss/ot1ztmcm.fd
File: ot1ztmcm.fd 2000/01/03 Fontinst v1.801 font definitions for OT1/ztmcm.
)
LaTeX Font Info:    Trying to load font information for OML+ztmcm on input line 9.
 (/usr/share/texlive/texmf-dist/tex/latex/psnfss/omlztmcm.fd
File: omlztmcm.fd 2000/01/03 Fontinst v1.801 font definitions for OML/ztmcm.
)<<oml.cmap>>
LaTeX Font Info:    Trying to load font information for OMS+ztmcm on input line 9.
 (/usr/share/texlive/texmf-dist/tex/latex/psnfss/omsztmcm.fd
File: omsztmcm.fd 2000/01/03 Fontinst v1.801 font definitions for OMS/ztmcm.
)<<oms.cmap>>
LaTeX Font Info:    Trying to load font information for OMX+ztmcm on input line 9.
 (/usr/share/texlive/texmf-dist/tex/latex/psnfss/omxztmcm.fd
File: omxztmcm.fd 2000/01/03 Fontinst v1.801 font definitions for OMX/ztmcm.
)<<omx.cmap>>

LaTeX Font Warning: Font shape `T2A/cmr/m/up' undefined
(Font)              using `T2A/cmr/m/n' instead on input line 9.

LaTeX Font Info:    Trying to load font information for OML+cmr on input line 9.
(/usr/share/texlive/texmf-dist/tex/latex/base/omlcmr.fd
File: omlcmr.fd 2019/12/16 v2.5j Standard LaTeX font definitions
)

LaTeX Font Warning: Font shape `OML/cmr/m/up' undefined
(Font)              using `OML/cmr/m/it' instead on input line 9.

LaTeX Font Info:    Font shape `OML/cmr/m/it' in size <14.4> not available
(Font)              Font shape `OML/cmm/m/it' tried instead on input line 9.
LaTeX Font Info:    Font shape `OML/cmr/m/up' in size <10.95> not available
(Font)              Font shape `OML/cmm/m/it' tried instead on input line 9.
LaTeX Font Info:    Font shape `OML/cmr/m/up' in size <8> not available
(Font)              Font shape `OML/cmm/m/it' tried instead on input line 9.
LaTeX Font Info:    Trying to load font information for OMS+cmr on input line 9.
(/usr/share/texlive/texmf-dist/tex/latex/base/omscmr.fd
File: omscmr.fd 2019/12/16 v2.5j Standard LaTeX font definitions
)

LaTeX Font Warning: Font shape `OMS/cmr/m/up' undefined
(Font)              using `OMS/cmr/m/n' instead on input line 9.

LaTeX Font Info:    Font shape `OMS/cmr/m/n' in size <14.4> not available
(Font)              Font shape `OMS/cmsy/m/n' tried instead on input line 9.
LaTeX Font Info:    Font shape `OMS/cmr/m/up' in size <10.95> not available
(Font)              Font shape `OMS/cmsy/m/n' tried instead on input line 9.
LaTeX Font Info:    Font shape `OMS/cmr/m/up' in size <8> not available
(Font)              Font shape `OMS/cmsy/m/n' tried instead on input line 9.
LaTeX Font Info:    Trying to load font information for PD1+cmr on input line 9.
LaTeX Font Info:    No file PD1cmr.fd. on input line 9.

LaTeX Font Warning: Font shape `PD1/cmr/m/up' undefined
(Font)              using `PD1/pdf/m/n' instead on input line 9.

LaTeX Font Info:    Trying to load font information for PU+cmr on input line 9.
LaTeX Font Info:    No file PUcmr.fd. on input line 9.

LaTeX Font Warning: Font shape `PU/cmr/m/up' undefined
(Font)              using `PU/pdf/m/n' instead on input line 9.

LaTeX Font Info:    Font shape `OT1/ptm/bx/n' in size <14.4> not available
(Font)              Font shape `OT1/ptm/b/n' tried instead on input line 9.
LaTeX Font Info:    Font shape `OT1/ptm/bx/n' in size <10.95> not available
(Font)              Font shape `OT1/ptm/b/n' tried instead on input line 9.
LaTeX Font Info:    Font shape `OT1/ptm/bx/n' in size <8> not available
(Font)              Font shape `OT1/ptm/b/n' tried instead on input line 9.
<images//../images/dense_conf.png, id=114, 350.30875pt x 231.86626pt>
File: images//../images/dense_conf.png Graphic file (type png)
<use images//../images/dense_conf.png>
Package pdftex.def Info: images//../images/dense_conf.png  used on input line 11.
(pdftex.def)             Requested size: 230.46576pt x 152.54749pt.
[6 <./images//../images/loose_conf.png> <./images//../images/dense_conf.png>]) (./Sections/Model.tex [7] [8]) (./Sections/Code.tex
<images//../images/1spin_&_cluster_ene.png, id=152, 395.4775pt x 283.0575pt>
File: images//../images/1spin_&_cluster_ene.png Graphic file (type png)
<use images//../images/1spin_&_cluster_ene.png>
Package pdftex.def Info: images//../images/1spin_&_cluster_ene.png  used on input line 15.
(pdftex.def)             Requested size: 230.46576pt x 164.95522pt.
<images//../images/1spin_&_cluster_ene_dif.png, id=153, 408.52625pt x 283.0575pt>
File: images//../images/1spin_&_cluster_ene_dif.png Graphic file (type png)
<use images//../images/1spin_&_cluster_ene_dif.png>
Package pdftex.def Info: images//../images/1spin_&_cluster_ene_dif.png  used on input line 16.
(pdftex.def)             Requested size: 230.46576pt x 159.6859pt.
<images//../images/1spin_&_cluster_mag.png, id=154, 393.47pt x 283.0575pt>
File: images//../images/1spin_&_cluster_mag.png Graphic file (type png)
<use images//../images/1spin_&_cluster_mag.png>
Package pdftex.def Info: images//../images/1spin_&_cluster_mag.png  used on input line 17.
(pdftex.def)             Requested size: 230.46576pt x 165.79312pt.
<images//../images/1spin_&_cluster_mag_dif.png, id=155, 408.52625pt x 283.0575pt>
File: images//../images/1spin_&_cluster_mag_dif.png Graphic file (type png)
<use images//../images/1spin_&_cluster_mag_dif.png>
Package pdftex.def Info: images//../images/1spin_&_cluster_mag_dif.png  used on input line 18.
(pdftex.def)             Requested size: 230.46576pt x 159.6859pt.
 [9]
<images//../images/1D_conf.png, id=162, 350.30875pt x 231.86626pt>
File: images//../images/1D_conf.png Graphic file (type png)
<use images//../images/1D_conf.png>
Package pdftex.def Info: images//../images/1D_conf.png  used on input line 28.
(pdftex.def)             Requested size: 230.46576pt x 152.54749pt.
<images//../images/1D_ene.png, id=163, 395.4775pt x 266.9975pt>
File: images//../images/1D_ene.png Graphic file (type png)
<use images//../images/1D_ene.png>
Package pdftex.def Info: images//../images/1D_ene.png  used on input line 31.
(pdftex.def)             Requested size: 230.46576pt x 155.59604pt.
<images//../images/1D_ene_diff.png, id=164, 421.575pt x 270.00874pt>
File: images//../images/1D_ene_diff.png Graphic file (type png)
<use images//../images/1D_ene_diff.png>
Package pdftex.def Info: images//../images/1D_ene_diff.png  used on input line 32.
(pdftex.def)             Requested size: 230.46576pt x 147.61122pt.
 [10 <./images//../images/1spin_&_cluster_ene.png> <./images//../images/1spin_&_cluster_ene_dif.png> <./images//../images/1spin_&_cluster_mag.png> <./images//../images/1spin_&_cluster_mag_dif.png>]
LaTeX Font Info:    Trying to load font information for T2A+cmtt on input line 41.
 (/usr/share/texlive/texmf-dist/tex/latex/cyrillic/t2acmtt.fd
File: t2acmtt.fd 2001/08/11 v1.0a Computer Modern Cyrillic font definitions
))
Overfull \hbox (15.25883pt too wide) in paragraph at lines 41--77
[]\T2A/ptm/b/n/14.4   ----- --- -- ---  --- \T2A/cmtt/m/n/14.4 mc_lib\T2A/ptm/b/n/14.4 .
 []


Underfull \hbox (badness 10000) in paragraph at lines 41--77

 []

(./Sections/Measurements.tex [11 <./images//../images/1D_conf.png> <./images//../images/1D_ene.png> <./images//../images/1D_ene_diff.png>]
<images//../images/dense_cumulant.png, id=183, 387.4475pt x 283.0575pt>
File: images//../images/dense_cumulant.png Graphic file (type png)
<use images//../images/dense_cumulant.png>
Package pdftex.def Info: images//../images/dense_cumulant.png  used on input line 10.
(pdftex.def)             Requested size: 245.82962pt x 179.59697pt.
<images//../images/dense_magnetization.png, id=184, 392.46625pt x 287.0725pt>
File: images//../images/dense_magnetization.png Graphic file (type png)
<use images//../images/dense_magnetization.png>
Package pdftex.def Info: images//../images/dense_magnetization.png  used on input line 11.
(pdftex.def)             Requested size: 245.82962pt x 179.81848pt.
<images//../images/loose_cumulant.png, id=185, 387.4475pt x 283.0575pt>
File: images//../images/loose_cumulant.png Graphic file (type png)
<use images//../images/loose_cumulant.png>
Package pdftex.def Info: images//../images/loose_cumulant.png  used on input line 15.
(pdftex.def)             Requested size: 245.82962pt x 179.59697pt.
<images//../images/loose_magnetization.png, id=186, 392.46625pt x 287.0725pt>
File: images//../images/loose_magnetization.png Graphic file (type png)
<use images//../images/loose_magnetization.png>
Package pdftex.def Info: images//../images/loose_magnetization.png  used on input line 16.
(pdftex.def)             Requested size: 245.82962pt x 179.81848pt.
<images//../images/mag2_to_R_L250.png, id=187, 390.45876pt x 262.9825pt>
File: images//../images/mag2_to_R_L250.png Graphic file (type png)
<use images//../images/mag2_to_R_L250.png>
Package pdftex.def Info: images//../images/mag2_to_R_L250.png  used on input line 29.
(pdftex.def)             Requested size: 256.07481pt x 172.4775pt.
 [12 <./images//../images/dense_cumulant.png> <./images//../images/dense_magnetization.png> <./images//../images/loose_cumulant.png> <./images//../images/loose_magnetization.png>]
<images//../images/2Cluster_conformation.png, id=201, 350.30875pt x 231.86626pt>
File: images//../images/2Cluster_conformation.png Graphic file (type png)
<use images//../images/2Cluster_conformation.png>
Package pdftex.def Info: images//../images/2Cluster_conformation.png  used on input line 40.
(pdftex.def)             Requested size: 240.71094pt x 159.32628pt.
<images//../images/3Cluster_conformation.png, id=202, 350.30875pt x 231.86626pt>
File: images//../images/3Cluster_conformation.png Graphic file (type png)
<use images//../images/3Cluster_conformation.png>
Package pdftex.def Info: images//../images/3Cluster_conformation.png  used on input line 41.
(pdftex.def)             Requested size: 240.71094pt x 159.32628pt.
 [13 <./images//../images/mag2_to_R_L250.png> <./images//../images/2Cluster_conformation.png> <./images//../images/3Cluster_conformation.png>]
<images//../images/3Cluster_conformation_short.png, id=216, 372.1905pt x 281.1303pt>
File: images//../images/3Cluster_conformation_short.png Graphic file (type png)
<use images//../images/3Cluster_conformation_short.png>
Package pdftex.def Info: images//../images/3Cluster_conformation_short.png  used on input line 54.
(pdftex.def)             Requested size: 204.85672pt x 154.73367pt.
<images//../images/magnetization_clusterized_W20_H50_N2.png, id=219, 348.3414pt x 216.0873pt>
File: images//../images/magnetization_clusterized_W20_H50_N2.png Graphic file (type png)
<use images//../images/magnetization_clusterized_W20_H50_N2.png>
Package pdftex.def Info: images//../images/magnetization_clusterized_W20_H50_N2.png  used on input line 66.
(pdftex.def)             Requested size: 230.46576pt x 142.96754pt.
<images//../images/magnetization_clusterized_W20_H50_N3.png, id=221, 348.3414pt x 216.0873pt>
File: images//../images/magnetization_clusterized_W20_H50_N3.png Graphic file (type png)
<use images//../images/magnetization_clusterized_W20_H50_N3.png>
Package pdftex.def Info: images//../images/magnetization_clusterized_W20_H50_N3.png  used on input line 70.
(pdftex.def)             Requested size: 230.46576pt x 142.96754pt.
<images//../images/magnetization_clusterized_W20_H50_N4.png, id=223, 348.3414pt x 216.0873pt>
File: images//../images/magnetization_clusterized_W20_H50_N4.png Graphic file (type png)
<use images//../images/magnetization_clusterized_W20_H50_N4.png>
Package pdftex.def Info: images//../images/magnetization_clusterized_W20_H50_N4.png  used on input line 75.
(pdftex.def)             Requested size: 230.46576pt x 142.96754pt.

Overfull \hbox (1.12614pt too wide) in paragraph at lines 83--84
[]\T2A/ptm/b/n/14.4  -- ----,  - -- -------- -
 []

[14 <./images//../images/3Cluster_conformation_short.png>] [15 <./images//../images/magnetization_clusterized_W20_H50_N2.png> <./images//../images/magnetization_clusterized_W20_H50_N3.png> <./images//../images/magnetization_clusterized_W20_H50_N4.png>] [16]
<images//../images/bridges_example_1.png, id=264, 350.30875pt x 231.86626pt>
File: images//../images/bridges_example_1.png Graphic file (type png)
<use images//../images/bridges_example_1.png>
Package pdftex.def Info: images//../images/bridges_example_1.png  used on input line 120.
(pdftex.def)             Requested size: 358.50317pt x 237.3071pt.
<images//../images/bridge_lengths_L250.png, id=265, 407.5225pt x 279.0425pt>
File: images//../images/bridge_lengths_L250.png Graphic file (type png)
<use images//../images/bridge_lengths_L250.png>
Package pdftex.def Info: images//../images/bridge_lengths_L250.png  used on input line 132.
(pdftex.def)             Requested size: 153.64644pt x 105.20697pt.
<images//../images/bridge_lengths_L500.png, id=266, 407.5225pt x 279.0425pt>
File: images//../images/bridge_lengths_L500.png Graphic file (type png)
<use images//../images/bridge_lengths_L500.png>
Package pdftex.def Info: images//../images/bridge_lengths_L500.png  used on input line 135.
(pdftex.def)             Requested size: 153.64644pt x 105.20697pt.
<images//../images/bridge_lengths_L1000.png, id=267, 403.5075pt x 279.0425pt>
File: images//../images/bridge_lengths_L1000.png Graphic file (type png)
<use images//../images/bridge_lengths_L1000.png>
Package pdftex.def Info: images//../images/bridge_lengths_L1000.png  used on input line 138.
(pdftex.def)             Requested size: 153.64644pt x 106.2544pt.
 [17 <./images//../images/bridges_example_1.png>]
<images//../images/bridges_count_L250.png, id=274, 396.48125pt x 279.0425pt>
File: images//../images/bridges_count_L250.png Graphic file (type png)
<use images//../images/bridges_count_L250.png>
Package pdftex.def Info: images//../images/bridges_count_L250.png  used on input line 146.
(pdftex.def)             Requested size: 153.64644pt x 108.13635pt.
<images//../images/bridges_count_L500.png, id=275, 396.48125pt x 279.0425pt>
File: images//../images/bridges_count_L500.png Graphic file (type png)
<use images//../images/bridges_count_L500.png>
Package pdftex.def Info: images//../images/bridges_count_L500.png  used on input line 149.
(pdftex.def)             Requested size: 153.64644pt x 108.13635pt.
<images//../images/bridges_count_L1000.png, id=276, 396.48125pt x 279.0425pt>
File: images//../images/bridges_count_L1000.png Graphic file (type png)
<use images//../images/bridges_count_L1000.png>
Package pdftex.def Info: images//../images/bridges_count_L1000.png  used on input line 152.
(pdftex.def)             Requested size: 153.64644pt x 108.13635pt.
<images//../images/clusters_count_L250.png, id=277, 396.48125pt x 279.0425pt>
File: images//../images/clusters_count_L250.png Graphic file (type png)
<use images//../images/clusters_count_L250.png>
Package pdftex.def Info: images//../images/clusters_count_L250.png  used on input line 160.
(pdftex.def)             Requested size: 153.64644pt x 108.13635pt.
<images//../images/clusters_count_L500.png, id=278, 396.48125pt x 279.0425pt>
File: images//../images/clusters_count_L500.png Graphic file (type png)
<use images//../images/clusters_count_L500.png>
Package pdftex.def Info: images//../images/clusters_count_L500.png  used on input line 163.
(pdftex.def)             Requested size: 153.64644pt x 108.13635pt.
<images//../images/clusters_count_L1000.png, id=279, 396.48125pt x 279.0425pt>
File: images//../images/clusters_count_L1000.png Graphic file (type png)
<use images//../images/clusters_count_L1000.png>
Package pdftex.def Info: images//../images/clusters_count_L1000.png  used on input line 166.
(pdftex.def)             Requested size: 153.64644pt x 108.13635pt.
<images//../images/cluster_sizes_L250.png, id=280, 403.5075pt x 279.0425pt>
File: images//../images/cluster_sizes_L250.png Graphic file (type png)
<use images//../images/cluster_sizes_L250.png>
Package pdftex.def Info: images//../images/cluster_sizes_L250.png  used on input line 174.
(pdftex.def)             Requested size: 153.64644pt x 106.2544pt.
<images//../images/cluster_sizes_L500.png, id=281, 396.48125pt x 279.0425pt>
File: images//../images/cluster_sizes_L500.png Graphic file (type png)
<use images//../images/cluster_sizes_L500.png>
Package pdftex.def Info: images//../images/cluster_sizes_L500.png  used on input line 177.
(pdftex.def)             Requested size: 153.64644pt x 108.13635pt.
<images//../images/cluster_sizes_L1000.png, id=282, 403.5075pt x 279.0425pt>
File: images//../images/cluster_sizes_L1000.png Graphic file (type png)
<use images//../images/cluster_sizes_L1000.png>
Package pdftex.def Info: images//../images/cluster_sizes_L1000.png  used on input line 180.
(pdftex.def)             Requested size: 153.64644pt x 106.2544pt.
<images//../images/max_cluster_size_L250.png, id=283, 396.48125pt x 279.0425pt>
File: images//../images/max_cluster_size_L250.png Graphic file (type png)
<use images//../images/max_cluster_size_L250.png>
Package pdftex.def Info: images//../images/max_cluster_size_L250.png  used on input line 188.
(pdftex.def)             Requested size: 153.64644pt x 108.13635pt.
<images//../images/max_cluster_size_L500.png, id=284, 396.48125pt x 279.0425pt>
File: images//../images/max_cluster_size_L500.png Graphic file (type png)
<use images//../images/max_cluster_size_L500.png>
Package pdftex.def Info: images//../images/max_cluster_size_L500.png  used on input line 191.
(pdftex.def)             Requested size: 153.64644pt x 108.13635pt.
<images//../images/max_cluster_size_L1000.png, id=285, 396.48125pt x 279.0425pt>
File: images//../images/max_cluster_size_L1000.png Graphic file (type png)
<use images//../images/max_cluster_size_L1000.png>
Package pdftex.def Info: images//../images/max_cluster_size_L1000.png  used on input line 194.
(pdftex.def)             Requested size: 153.64644pt x 108.13635pt.
 [18 <./images//../images/bridge_lengths_L250.png> <./images//../images/bridge_lengths_L500.png> <./images//../images/bridge_lengths_L1000.png> <./images//../images/bridges_count_L250.png> <./images//../images/bridges_count_L500.png> <./images//../images/bridges_count_L1000.png> <./images//../images/clusters_count_L250.png> <./images//../images/clusters_count_L500.png> <./images//../images/clusters_count_L1000.png> <./images//../images/cluster_sizes_L250.png> <./images//../images/cluster_sizes_L500.png> <./images//../images/cluster_sizes_L1000.png>]
<images//../images/mag_from_cluster_size.png, id=307, 391.4625pt x 262.9825pt>
File: images//../images/mag_from_cluster_size.png Graphic file (type png)
<use images//../images/mag_from_cluster_size.png>
Package pdftex.def Info: images//../images/mag_from_cluster_size.png  used on input line 208.
(pdftex.def)             Requested size: 409.72125pt x 275.26497pt.
 [19 <./images//../images/max_cluster_size_L250.png> <./images//../images/max_cluster_size_L500.png> <./images//../images/max_cluster_size_L1000.png>]
<images//../images/cluster_and_radius_mu0.8.png, id=325, 397.485pt x 279.0425pt>
File: images//../images/cluster_and_radius_mu0.8.png Graphic file (type png)
<use images//../images/cluster_and_radius_mu0.8.png>
Package pdftex.def Info: images//../images/cluster_and_radius_mu0.8.png  used on input line 227.
(pdftex.def)             Requested size: 307.2929pt x 215.73198pt.
<images//../images/radius_and_cluster_comparising_L1000.png, id=326, 393.47pt x 262.9825pt>
File: images//../images/radius_and_cluster_comparising_L1000.png Graphic file (type png)
<use images//../images/radius_and_cluster_comparising_L1000.png>
Package pdftex.def Info: images//../images/radius_and_cluster_comparising_L1000.png  used on input line 234.
(pdftex.def)             Requested size: 307.2929pt x 205.38232pt.
 [20 <./images//../images/mag_from_cluster_size.png>]
<images//../images/Cumulant_raw_beta0.4_0.6.png, id=337, 389.455pt x 283.0575pt>
File: images//../images/Cumulant_raw_beta0.4_0.6.png Graphic file (type png)
<use images//../images/Cumulant_raw_beta0.4_0.6.png>
Package pdftex.def Info: images//../images/Cumulant_raw_beta0.4_0.6.png  used on input line 250.
(pdftex.def)             Requested size: 256.07481pt x 186.12314pt.
 [21 <./images//../images/cluster_and_radius_mu0.8.png>]
<images//clusters_cumulant_3pts_dist.png, id=344, 373.395pt x 264.99pt>
File: images//clusters_cumulant_3pts_dist.png Graphic file (type png)
<use images//clusters_cumulant_3pts_dist.png>
Package pdftex.def Info: images//clusters_cumulant_3pts_dist.png  used on input line 264.
(pdftex.def)             Requested size: 153.64644pt x 109.0388pt.
<images//clusters_cumulant_4pts_thr=0.52.png, id=345, 373.395pt x 264.99pt>
File: images//clusters_cumulant_4pts_thr=0.52.png Graphic file (type png)
<use images//clusters_cumulant_4pts_thr=0.52.png>
Package pdftex.def Info: images//clusters_cumulant_4pts_thr=0.52.png  used on input line 268.
(pdftex.def)             Requested size: 153.64644pt x 109.0388pt.
<images//clusters_cumulant_4pts_thr=0.74.png, id=346, 373.395pt x 264.99pt>
File: images//clusters_cumulant_4pts_thr=0.74.png Graphic file (type png)
<use images//clusters_cumulant_4pts_thr=0.74.png>
Package pdftex.def Info: images//clusters_cumulant_4pts_thr=0.74.png  used on input line 272.
(pdftex.def)             Requested size: 153.64644pt x 109.0388pt.
) [22 <./images//../images/radius_and_cluster_comparising_L1000.png> <./images//../images/Cumulant_raw_beta0.4_0.6.png>] (./Sections/Magnetic_succeptibility.tex [23 <./images//clusters_cumulant_3pts_dist.png> <./images//clusters_cumulant_4pts_thr=0.52.png> <./images//clusters_cumulant_4pts_thr=0.74.png>] (./images/ms_peaks_all_far.pgf
LaTeX Font Info:    Trying to load font information for T2A+cmss on input line 1988.
 (/usr/share/texlive/texmf-dist/tex/latex/cyrillic/t2acmss.fd
File: t2acmss.fd 2001/08/11 v1.0a Computer Modern Cyrillic font definitions
)
LaTeX Font Info:    Font shape `OML/cmr/m/up' in size <10> not available
(Font)              Font shape `OML/cmm/m/it' tried instead on input line 2119.
LaTeX Font Info:    Font shape `OML/cmr/m/up' in size <7.4> not available
(Font)              Font shape `OML/cmm/m/it' tried instead on input line 2119.
LaTeX Font Info:    Font shape `OML/cmr/m/up' in size <6> not available
(Font)              Font shape `OML/cmm/m/it' tried instead on input line 2119.
LaTeX Font Info:    Font shape `OMS/cmr/m/up' in size <10> not available
(Font)              Font shape `OMS/cmsy/m/n' tried instead on input line 2119.
LaTeX Font Info:    Font shape `OMS/cmr/m/up' in size <7.4> not available
(Font)              Font shape `OMS/cmsy/m/n' tried instead on input line 2119.
LaTeX Font Info:    Font shape `OMS/cmr/m/up' in size <6> not available
(Font)              Font shape `OMS/cmsy/m/n' tried instead on input line 2119.
LaTeX Font Info:    Font shape `OT1/ptm/bx/n' in size <10> not available
(Font)              Font shape `OT1/ptm/b/n' tried instead on input line 2119.
LaTeX Font Info:    Font shape `OT1/ptm/bx/n' in size <7.4> not available
(Font)              Font shape `OT1/ptm/b/n' tried instead on input line 2119.
LaTeX Font Info:    Font shape `OT1/ptm/bx/n' in size <6> not available
(Font)              Font shape `OT1/ptm/b/n' tried instead on input line 2119.
) (./images/mag2_no_peaks.pgf)
LaTeX Font Info:    Font shape `OML/cmr/m/up' in size <14.4> not available
(Font)              Font shape `OML/cmm/m/it' tried instead on input line 48.
LaTeX Font Info:    Font shape `OMS/cmr/m/up' in size <14.4> not available
(Font)              Font shape `OMS/cmsy/m/n' tried instead on input line 48.
 [24] (./images/ms_peaks_close.pgf) [25] (./images/magnetic_susceptibility/close_peaks_separated_by_cluster_size_L2000.pgf)
<images//../images/magnetic_susceptibility/clusterized_W20_H50_N2.png, id=389, 351.9549pt x 216.0873pt>
File: images//../images/magnetic_susceptibility/clusterized_W20_H50_N2.png Graphic file (type png)
<use images//../images/magnetic_susceptibility/clusterized_W20_H50_N2.png>
Package pdftex.def Info: images//../images/magnetic_susceptibility/clusterized_W20_H50_N2.png  used on input line 85.
(pdftex.def)             Requested size: 204.85672pt x 125.77254pt.
<images//../images/magnetic_susceptibility/clusterized_W20_H50_N3.png, id=391, 351.9549pt x 216.0873pt>
File: images//../images/magnetic_susceptibility/clusterized_W20_H50_N3.png Graphic file (type png)
<use images//../images/magnetic_susceptibility/clusterized_W20_H50_N3.png>
Package pdftex.def Info: images//../images/magnetic_susceptibility/clusterized_W20_H50_N3.png  used on input line 89.
(pdftex.def)             Requested size: 204.85672pt x 125.77254pt.
<images//../images/magnetic_susceptibility/clusterized_W20_H50_N4.png, id=393, 351.9549pt x 216.0873pt>
File: images//../images/magnetic_susceptibility/clusterized_W20_H50_N4.png Graphic file (type png)
<use images//../images/magnetic_susceptibility/clusterized_W20_H50_N4.png>
Package pdftex.def Info: images//../images/magnetic_susceptibility/clusterized_W20_H50_N4.png  used on input line 94.
(pdftex.def)             Requested size: 204.85672pt x 125.77254pt.
 [26]) (./Sections/High_temperature.tex [27] (./images/U=0.1_mean_mag2_with_U=1.pgf) [28 <./images//../images/magnetic_susceptibility/clusterized_W20_H50_N2.png> <./images//../images/magnetic_susceptibility/clusterized_W20_H50_N3.png> <./images//../images/magnetic_susceptibility/clusterized_W20_H50_N4.png>] (./images/U=0.1_fraction_of_conformations.pgf) [29] (./images/MS_1D_comparison.pgf
LaTeX Font Info:    Font shape `OML/cmr/m/up' in size <5> not available
(Font)              Font shape `OML/cmm/m/it' tried instead on input line 198.
LaTeX Font Info:    Font shape `OMS/cmr/m/up' in size <5> not available
(Font)              Font shape `OMS/cmsy/m/n' tried instead on input line 198.
LaTeX Font Info:    Font shape `OT1/ptm/bx/n' in size <5> not available
(Font)              Font shape `OT1/ptm/b/n' tried instead on input line 198.
) (./images/U=0.1_MS_1D_diff_distrib.pgf) [30] (./images/U=0.1_MS_peaks.pgf)) (./Sections/Temperature_scaling.tex [31]
<images//temp_scaling/temp_mag2_L250.png, id=443, 320.8788pt x 216.0873pt>
File: images//temp_scaling/temp_mag2_L250.png Graphic file (type png)
<use images//temp_scaling/temp_mag2_L250.png>
Package pdftex.def Info: images//temp_scaling/temp_mag2_L250.png  used on input line 11.
(pdftex.def)             Requested size: 204.85672pt x 137.95578pt.
LaTeX Font Info:    Font shape `OML/cmr/m/up' in size <12> not available
(Font)              Font shape `OML/cmm/m/it' tried instead on input line 12.
LaTeX Font Info:    Font shape `OML/cmr/m/up' in size <9> not available
(Font)              Font shape `OML/cmm/m/it' tried instead on input line 12.
LaTeX Font Info:    Font shape `OML/cmr/m/up' in size <7> not available
(Font)              Font shape `OML/cmm/m/it' tried instead on input line 12.
LaTeX Font Info:    Font shape `OMS/cmr/m/up' in size <12> not available
(Font)              Font shape `OMS/cmsy/m/n' tried instead on input line 12.
LaTeX Font Info:    Font shape `OMS/cmr/m/up' in size <9> not available
(Font)              Font shape `OMS/cmsy/m/n' tried instead on input line 12.
LaTeX Font Info:    Font shape `OMS/cmr/m/up' in size <7> not available
(Font)              Font shape `OMS/cmsy/m/n' tried instead on input line 12.
LaTeX Font Info:    Font shape `OT1/ptm/bx/n' in size <12> not available
(Font)              Font shape `OT1/ptm/b/n' tried instead on input line 12.
LaTeX Font Info:    Font shape `OT1/ptm/bx/n' in size <9> not available
(Font)              Font shape `OT1/ptm/b/n' tried instead on input line 12.
LaTeX Font Info:    Font shape `OT1/ptm/bx/n' in size <7> not available
(Font)              Font shape `OT1/ptm/b/n' tried instead on input line 12.
<images//temp_scaling/temp_mag2_L500.png, id=445, 320.8788pt x 216.0873pt>
File: images//temp_scaling/temp_mag2_L500.png Graphic file (type png)
<use images//temp_scaling/temp_mag2_L500.png>
Package pdftex.def Info: images//temp_scaling/temp_mag2_L500.png  used on input line 15.
(pdftex.def)             Requested size: 204.85672pt x 137.95578pt.
<images//temp_scaling/temp_mag2_L1000.png, id=447, 320.8788pt x 216.0873pt>
File: images//temp_scaling/temp_mag2_L1000.png Graphic file (type png)
<use images//temp_scaling/temp_mag2_L1000.png>
Package pdftex.def Info: images//temp_scaling/temp_mag2_L1000.png  used on input line 20.
(pdftex.def)             Requested size: 204.85672pt x 137.95578pt.
<images//temp_scaling/temp_mag2_L2000.png, id=449, 320.8788pt x 216.0873pt>
File: images//temp_scaling/temp_mag2_L2000.png Graphic file (type png)
<use images//temp_scaling/temp_mag2_L2000.png>
Package pdftex.def Info: images//temp_scaling/temp_mag2_L2000.png  used on input line 24.
(pdftex.def)             Requested size: 204.85672pt x 137.95578pt.
<images//temp_scaling/temp_ms_L250.png, id=451, 320.1561pt x 216.0873pt>
File: images//temp_scaling/temp_ms_L250.png Graphic file (type png)
<use images//temp_scaling/temp_ms_L250.png>
Package pdftex.def Info: images//temp_scaling/temp_ms_L250.png  used on input line 35.
(pdftex.def)             Requested size: 204.85672pt x 138.27231pt.
<images//temp_scaling/temp_ms_L500.png, id=453, 320.1561pt x 216.0873pt>
File: images//temp_scaling/temp_ms_L500.png Graphic file (type png)
<use images//temp_scaling/temp_ms_L500.png>
Package pdftex.def Info: images//temp_scaling/temp_ms_L500.png  used on input line 39.
(pdftex.def)             Requested size: 204.85672pt x 138.27231pt.
<images//temp_scaling/temp_ms_L1000.png, id=455, 326.6604pt x 216.0873pt>
File: images//temp_scaling/temp_ms_L1000.png Graphic file (type png)
<use images//temp_scaling/temp_ms_L1000.png>
Package pdftex.def Info: images//temp_scaling/temp_ms_L1000.png  used on input line 44.
(pdftex.def)             Requested size: 204.85672pt x 135.51253pt.
<images//temp_scaling/temp_ms_L2000.png, id=457, 326.6604pt x 216.0873pt>
File: images//temp_scaling/temp_ms_L2000.png Graphic file (type png)
<use images//temp_scaling/temp_ms_L2000.png>
Package pdftex.def Info: images//temp_scaling/temp_ms_L2000.png  used on input line 48.
(pdftex.def)             Requested size: 204.85672pt x 135.51253pt.
) (./Sections/Conclusion.tex [32 <./images//temp_scaling/temp_mag2_L250.png> <./images//temp_scaling/temp_mag2_L500.png> <./images//temp_scaling/temp_mag2_L1000.png> <./images//temp_scaling/temp_mag2_L2000.png>]) [33 <./images//temp_scaling/temp_ms_L250.png> <./images//temp_scaling/temp_ms_L500.png> <./images//temp_scaling/temp_ms_L1000.png> <./images//temp_scaling/temp_ms_L2000.png>] (./VKR.bbl

LaTeX Font Warning: Font shape `T2A/ptm/m/it' undefined
(Font)              using `T2A/ptm/m/n' instead on input line 29.

) [34] (./VKR.aux)

LaTeX Font Warning: Some font shapes were not available, defaults substituted.

Package rerunfilecheck Info: File `VKR.out' has not changed.
(rerunfilecheck)             Checksum: 99C8288B1A2BE8FEAA2FFF537740AFC7;1720.
 ) 
Here is how much of TeX's memory you used:
 24454 strings out of 478287
 445226 string characters out of 5849288
 803293 words of memory out of 5000000
 41807 multiletter control sequences out of 15000+600000
 537381 words of font info for 176 fonts, out of 8000000 for 9000
 1141 hyphenation exceptions out of 8191
 70i,17n,76p,2137b,582s stack positions out of 5000i,500n,10000p,200000b,80000s
{/usr/share/texmf/fonts/enc/dvips/cm-super/cm-super-t2a.enc}{/usr/share/texlive/texmf-dist/fonts/enc/dvips/base/8r.enc}</usr/share/texlive/texmf-dist/fonts/type1/public/amsfonts/cm/cmex10.pfb></usr/share/texlive/texmf-dist/fonts/type1/public/amsfonts/cm/cmmi10.pfb></usr/share/texlive/texmf-dist/fonts/type1/public/amsfonts/cm/cmr10.pfb></usr/share/texlive/texmf-dist/fonts/type1/public/amsfonts/cm/cmsy10.pfb></usr/share/texmf/fonts/type1/public/cm-super/sfrm1000.pfb></usr/share/texmf/fonts/type1/public/cm-super/sfrm1200.pfb></usr/share/texmf/fonts/type1/public/cm-super/sfrm1440.pfb></usr/share/texmf/fonts/type1/public/cm-super/sfrm1728.pfb></usr/share/texmf/fonts/type1/public/cm-super/sfrm2074.pfb></usr/share/texmf/fonts/type1/public/cm-super/sfss0800.pfb></usr/share/texmf/fonts/type1/public/cm-super/sfss1000.pfb></usr/share/texmf/fonts/type1/public/cm-super/sftt1440.pfb></usr/share/texlive/texmf-dist/fonts/type1/urw/symbol/usyr.pfb></usr/share/texlive/texmf-dist/fonts/type1/urw/symbol/usyr.pfb></usr/share/texlive/texmf-dist/fonts/type1/urw/times/utmr8a.pfb></usr/share/texlive/texmf-dist/fonts/type1/urw/times/utmri8a.pfb>
Output written on VKR.pdf (34 pages, 929481 bytes).
PDF statistics:
 578 PDF objects out of 1000 (max. 8388607)
 371 compressed objects within 4 object streams
 115 named destinations out of 1000 (max. 500000)
 497 words of extra memory for PDF output out of 10000 (max. 10000000)

